#
# A fatal error has been detected by the Java Runtime Environment:
#
#  SIGSEGV (0xb) at pc=0x00007fff67776d29, pid=8754, tid=161283
#
# JRE version: Java(TM) SE Runtime Environment (13.0.2+8) (build 13.0.2+8)
# Java VM: Java HotSpot(TM) 64-Bit Server VM (13.0.2+8, mixed mode, sharing, tiered, compressed oops, g1 gc, bsd-amd64)
# Problematic frame:
# C  [libsystem_platform.dylib+0x1d29]  _platform_memmove$VARIANT$Haswell+0x29
#
# No core dump will be written. Core dumps have been disabled. To enable core dumping, try "ulimit -c unlimited" before starting Java again
#
# If you would like to submit a bug report, please visit:
#   http://bugreport.java.com/bugreport/crash.jsp
#

---------------  S U M M A R Y ------------

Command Line: -javaagent:/Applications/IntelliJ IDEA CE.app/Contents/lib/idea_rt.jar=62024:/Applications/IntelliJ IDEA CE.app/Contents/bin -Dfile.encoding=UTF-8 org.qmbupt.grp105.UI.main

Host: MacBookPro14,1 x86_64 2300 MHz, 4 cores, 8G, Darwin 19.0.0
Time: Fri Apr 23 10:15:33 2021 CST elapsed time: 7 seconds (0d 0h 0m 7s)

---------------  T H R E A D  ---------------

Current thread is native thread

Stack: [0x0000700007e40000,0x0000700007f40000],  sp=0x0000700007f3f8d0,  free space=1022k
Native frames: (J=compiled Java code, A=aot compiled Java code, j=interpreted, Vv=VM code, C=native code)
C  [libsystem_platform.dylib+0x1d29]  _platform_memmove$VARIANT$Haswell+0x29


siginfo: si_signo: 11 (SIGSEGV), si_code: 1 (SEGV_MAPERR), si_addr: 0x0000000000000000

Register to memory mapping:

RAX=0x0 is NULL
RBX=0x0 is NULL
RCX=
[error occurred during error reporting (printing register info), id 0xb, SIGSEGV (0xb) at pc=0x0000000108731616]

Registers:
RAX=0x0000000000000000, RBX=0x0000000000000000, RCX=0x0000000000320000, RDX=0x0000000000320000
RSP=0x0000700007f3f8d0, RBP=0x0000700007f3f8d0, RSI=0x0000000174ba8000, RDI=0x0000000000000000
R8 =0x00007f80ee36e370, R9 =0x0000000000000001, R10=0x0000000000000004, R11=0xfffffffe8b458000
R12=0x0000000000001400, R13=0x0000000000000000, R14=0x0000000000000280, R15=0x00007f80ee36e460
RIP=0x00007fff67776d29, EFLAGS=0x0000000000010206, ERR=0x0000000000000006
  TRAPNO=0x000000000000000e

Top of Stack: (sp=0x0000700007f3f8d0)
0x0000700007f3f8d0:   00007f80ee36e460 0000000167823fd3
0x0000700007f3f8e0:   00007f80ee36e2c0 00007f80ee36e460
0x0000700007f3f8f0:   0000000000000000 00007f80ed7e0220
0x0000700007f3f900:   00007f80ed7e0020 0000000000000000
0x0000700007f3f910:   00007f80ee36e2c0 00007f80ee36e460
0x0000700007f3f920:   00007f80ed7d2a10 000000016c6298f4
0x0000700007f3f930:   0000000000000000 000000016785d470
0x0000700007f3f940:   000000016785b696 0000000167830aec
0x0000700007f3f950:   0000700007f3f9c0 00007fff677397b7
0x0000700007f3f960:   0000000000000000 0000000000000000
0x0000700007f3f970:   0000000000000000 0000140000000280
0x0000700007f3f980:   000000016785d470 0000000000000000
0x0000700007f3f990:   000000016785b696 0000000000000000
0x0000700007f3f9a0:   0000000167830aec 0000000000000000
0x0000700007f3f9b0:   0000700007f3f9c0 0000000000000000
0x0000700007f3f9c0:   00007f80ed7e0020 bd047cbe4ab90083
0x0000700007f3f9d0:   00007f80ecc79d18 0000000000000000
0x0000700007f3f9e0:   00007f80ee36e2c0 00000001678072c9
0x0000700007f3f9f0:   0000700000000000 0000000167857e0b
0x0000700007f3fa00:   07f3fb010000fab0 00007f80ecc79d18
0x0000700007f3fa10:   0000000000000000 00007f80ed7d2a10
0x0000700007f3fa20:   00007f80ecc79cf0 0000700007f3fa20
0x0000700007f3fa30:   0000000167857c76 00007f80ecc79d20
0x0000700007f3fa40:   00007f80ed7e0058 00007f80ecc79d00
0x0000700007f3fa50:   000000016785d470 0000000000000000
0x0000700007f3fa60:   000005004e505643 0000000000000280
0x0000700007f3fa70:   0000050000000000 0000001800000280
0x0000700007f3fa80:   0000000100000001 0000000100000018
0x0000700007f3fa90:   0000000000000000 0000000000000000
0x0000700007f3faa0:   0000000000000000 0000000000000000
0x0000700007f3fab0:   0000000000000000 0000000000000000
0x0000700007f3fac0:   0000000300000000 0000000200000005 

Instructions: (pc=0x00007fff67776d29)
0x00007fff67776c29:   ce c4 2c 48 85 db 74 87 4c 89 f8 f0 48 0f c1 03
0x00007fff67776c39:   4c 01 f8 49 8b 4d 00 48 8d 4c 09 f0 48 39 c8 0f
0x00007fff67776c49:   87 6a ff ff ff 48 8d 44 03 10 4c 29 f8 48 83 c4
0x00007fff67776c59:   08 5b 41 5c 41 5d 41 5e 41 5f 5d c3 48 98 48 8d
0x00007fff67776c69:   0d 3a 63 00 00 48 89 0d 13 ce c4 2c 48 89 05 3c
0x00007fff67776c79:   ce c4 2c 0f 0b 48 8d 05 7f 5e 00 00 48 89 47 08
0x00007fff67776c89:   c7 47 10 ff ff ff ff c3 48 b8 40 00 e0 ff ff 7f
0x00007fff67776c99:   00 00 8b 00 3d eb 5e 3b 57 7e 1d 3d ec 5e 3b 57
0x00007fff67776ca9:   74 0e 3d bc 4f ea 78 74 25 3d d2 4c 5a 6b 75 16
0x00007fff67776cb9:   48 8d 05 00 29 00 00 c3 3d 35 e8 65 1f 74 17 3d
0x00007fff67776cc9:   8c b7 90 54 74 ea 48 8d 05 2a 00 00 00 c3 48 8d
0x00007fff67776cd9:   05 e2 47 00 00 c3 48 8d 05 9a 28 00 00 c3 90 90
0x00007fff67776ce9:   90 90 90 90 90 90 90 90 90 90 90 90 90 90 90 90
0x00007fff67776cf9:   90 90 90 90 90 90 90 55 48 89 e5 49 89 fb 49 29
0x00007fff67776d09:   f3 48 89 f8 49 39 d3 72 1b 48 83 fa 60 76 2f 48
0x00007fff67776d19:   81 fa 00 40 00 00 0f 82 cb 00 00 00 48 89 d1 fc
0x00007fff67776d29:   f3 a4 5d c3 48 39 fe 74 f9 48 01 d6 48 01 d7 48
0x00007fff67776d39:   83 fa 60 0f 82 8c 01 00 00 e9 a9 01 00 00 48 83
0x00007fff67776d49:   fa 10 76 56 c5 f8 10 4c 16 f0 48 83 ea 20 76 2a
0x00007fff67776d59:   c5 fc 10 06 c5 fc 11 07 48 83 c6 20 48 83 c7 20
0x00007fff67776d69:   48 83 ea 20 72 14 c5 fc 10 06 c5 fc 11 07 48 83
0x00007fff67776d79:   c6 20 48 83 c7 20 48 83 ea 20 48 83 c2 10 7e 0c
0x00007fff67776d89:   c5 f8 10 06 c5 f8 11 07 c5 f8 57 c0 c5 f8 11 0c
0x00007fff67776d99:   17 c5 f0 57 c9 5d c5 f8 77 c3 48 83 ea 08 72 10
0x00007fff67776da9:   48 8b 0e 4c 8b 04 16 48 89 0f 4c 89 04 17 5d c3
0x00007fff67776db9:   48 83 c2 08 74 25 4d 31 c0 42 8a 0c 06 42 88 0c
0x00007fff67776dc9:   07 48 83 ea 01 74 14 42 8a 4c 06 01 42 88 4c 07
0x00007fff67776dd9:   01 49 83 c0 02 48 83 ea 01 75 de 5d c3 66 2e 0f
0x00007fff67776de9:   1f 84 00 00 00 00 00 c5 fc 10 06 48 83 c7 20 48
0x00007fff67776df9:   83 e7 e0 48 89 f9 48 29 c1 48 01 ce 48 29 ca c5
0x00007fff67776e09:   fc 10 0e c5 fc 11 00 c5 fc 57 c0 c5 fc 10 56 20
0x00007fff67776e19:   48 83 c6 40 48 81 ea 80 00 00 00 76 5a 48 f7 c6 


Stack slot to memory mapping:
stack at sp + 0 slots: 
[error occurred during error reporting (inspecting top of stack), id 0xb, SIGSEGV (0xb) at pc=0x0000000108731616]


---------------  P R O C E S S  ---------------

VM state:not at safepoint (normal execution)

VM Mutex/Monitor currently owned by a thread: None

Heap address: 0x0000000780000000, size: 2048 MB, Compressed Oops mode: Zero based, Oop shift amount: 3
Narrow klass base: 0x0000000800000000, Narrow klass shift: 3
Compressed class space size: 1073741824 Address: 0x0000000800ae0000

Heap:
 garbage-first heap   total 133120K, used 70482K [0x0000000780000000, 0x0000000800000000)
  region size 1024K, 3 young (3072K), 2 survivors (2048K)
 Metaspace       used 17069K, capacity 17585K, committed 17792K, reserved 1064960K
  class space    used 2131K, capacity 2324K, committed 2432K, reserved 1048576K
Heap Regions: E=young(eden), S=young(survivor), O=old, HS=humongous(starts), HC=humongous(continues), CS=collection set, F=free, A=archive, TAMS=top-at-mark-start (previous, next)
|   0|0x0000000780000000, 0x0000000780100000, 0x0000000780100000|100%| O|  |TAMS 0x0000000780100000, 0x0000000780000000| Untracked 
|   1|0x0000000780100000, 0x0000000780200000, 0x0000000780200000|100%| O|  |TAMS 0x0000000780200000, 0x0000000780100000| Untracked 
|   2|0x0000000780200000, 0x0000000780300000, 0x0000000780300000|100%| O|  |TAMS 0x0000000780300000, 0x0000000780200000| Untracked 
|   3|0x0000000780300000, 0x0000000780400000, 0x0000000780400000|100%| O|  |TAMS 0x0000000780400000, 0x0000000780300000| Untracked 
|   4|0x0000000780400000, 0x0000000780500000, 0x0000000780500000|100%| O|  |TAMS 0x0000000780485a00, 0x0000000780400000| Untracked 
|   5|0x0000000780500000, 0x0000000780600000, 0x0000000780600000|100%|HS|  |TAMS 0x0000000780600000, 0x0000000780500000| Complete 
|   6|0x0000000780600000, 0x0000000780700000, 0x0000000780700000|100%|HS|  |TAMS 0x0000000780700000, 0x0000000780600000| Complete 
|   7|0x0000000780700000, 0x0000000780800000, 0x0000000780800000|100%|HS|  |TAMS 0x0000000780800000, 0x0000000780700000| Complete 
|   8|0x0000000780800000, 0x0000000780900000, 0x0000000780900000|100%|HC|  |TAMS 0x0000000780900000, 0x0000000780800000| Complete 
|   9|0x0000000780900000, 0x0000000780a00000, 0x0000000780a00000|100%|HS|  |TAMS 0x0000000780a00000, 0x0000000780900000| Complete 
|  10|0x0000000780a00000, 0x0000000780b00000, 0x0000000780b00000|100%|HC|  |TAMS 0x0000000780b00000, 0x0000000780a00000| Complete 
|  11|0x0000000780b00000, 0x0000000780c00000, 0x0000000780c00000|100%|HC|  |TAMS 0x0000000780c00000, 0x0000000780b00000| Complete 
|  12|0x0000000780c00000, 0x0000000780d00000, 0x0000000780d00000|100%|HC|  |TAMS 0x0000000780d00000, 0x0000000780c00000| Complete 
|  13|0x0000000780d00000, 0x0000000780e00000, 0x0000000780e00000|100%|HS|  |TAMS 0x0000000780e00000, 0x0000000780d00000| Complete 
|  14|0x0000000780e00000, 0x0000000780f00000, 0x0000000780f00000|100%|HC|  |TAMS 0x0000000780f00000, 0x0000000780e00000| Complete 
|  15|0x0000000780f00000, 0x0000000781000000, 0x0000000781000000|100%|HC|  |TAMS 0x0000000781000000, 0x0000000780f00000| Complete 
|  16|0x0000000781000000, 0x0000000781100000, 0x0000000781100000|100%|HC|  |TAMS 0x0000000781100000, 0x0000000781000000| Complete 
|  17|0x0000000781100000, 0x0000000781200000, 0x0000000781200000|100%|HC|  |TAMS 0x0000000781200000, 0x0000000781100000| Complete 
|  18|0x0000000781200000, 0x0000000781300000, 0x0000000781300000|100%|HC|  |TAMS 0x0000000781300000, 0x0000000781200000| Complete 
|  19|0x0000000781300000, 0x0000000781400000, 0x0000000781400000|100%|HC|  |TAMS 0x0000000781400000, 0x0000000781300000| Complete 
|  20|0x0000000781400000, 0x0000000781500000, 0x0000000781500000|100%|HC|  |TAMS 0x0000000781500000, 0x0000000781400000| Complete 
|  21|0x0000000781500000, 0x0000000781600000, 0x0000000781600000|100%|HC|  |TAMS 0x0000000781600000, 0x0000000781500000| Complete 
|  22|0x0000000781600000, 0x0000000781700000, 0x0000000781700000|100%|HC|  |TAMS 0x0000000781700000, 0x0000000781600000| Complete 
|  23|0x0000000781700000, 0x0000000781800000, 0x0000000781800000|100%|HS|  |TAMS 0x0000000781800000, 0x0000000781700000| Complete 
|  24|0x0000000781800000, 0x0000000781900000, 0x0000000781900000|100%|HC|  |TAMS 0x0000000781900000, 0x0000000781800000| Complete 
|  25|0x0000000781900000, 0x0000000781a00000, 0x0000000781a00000|100%|HS|  |TAMS 0x0000000781a00000, 0x0000000781900000| Complete 
|  26|0x0000000781a00000, 0x0000000781b00000, 0x0000000781b00000|100%|HC|  |TAMS 0x0000000781b00000, 0x0000000781a00000| Complete 
|  27|0x0000000781b00000, 0x0000000781c00000, 0x0000000781c00000|100%|HS|  |TAMS 0x0000000781c00000, 0x0000000781b00000| Complete 
|  28|0x0000000781c00000, 0x0000000781d00000, 0x0000000781d00000|100%|HC|  |TAMS 0x0000000781d00000, 0x0000000781c00000| Complete 
|  29|0x0000000781d00000, 0x0000000781e00000, 0x0000000781e00000|100%|HC|  |TAMS 0x0000000781e00000, 0x0000000781d00000| Complete 
|  30|0x0000000781e00000, 0x0000000781e70600, 0x0000000781f00000| 43%| O|  |TAMS 0x0000000781e00000, 0x0000000781e00000| Untracked 
|  31|0x0000000781f00000, 0x0000000782000000, 0x0000000782000000|100%|HS|  |TAMS 0x0000000782000000, 0x0000000781f00000| Complete 
|  32|0x0000000782000000, 0x0000000782100000, 0x0000000782100000|100%|HC|  |TAMS 0x0000000782100000, 0x0000000782000000| Complete 
|  33|0x0000000782100000, 0x0000000782200000, 0x0000000782200000|100%|HC|  |TAMS 0x0000000782200000, 0x0000000782100000| Complete 
|  34|0x0000000782200000, 0x0000000782300000, 0x0000000782300000|100%|HC|  |TAMS 0x0000000782300000, 0x0000000782200000| Complete 
|  35|0x0000000782300000, 0x0000000782300000, 0x0000000782400000|  0%| F|  |TAMS 0x0000000782300000, 0x0000000782300000| Untracked 
|  36|0x0000000782400000, 0x0000000782400000, 0x0000000782500000|  0%| F|  |TAMS 0x0000000782400000, 0x0000000782400000| Untracked 
|  37|0x0000000782500000, 0x0000000782500000, 0x0000000782600000|  0%| F|  |TAMS 0x0000000782500000, 0x0000000782500000| Untracked 
|  38|0x0000000782600000, 0x0000000782700000, 0x0000000782700000|100%|HS|  |TAMS 0x0000000782700000, 0x0000000782600000| Complete 
|  39|0x0000000782700000, 0x0000000782700000, 0x0000000782800000|  0%| F|  |TAMS 0x0000000782700000, 0x0000000782700000| Untracked 
|  40|0x0000000782800000, 0x0000000782900000, 0x0000000782900000|100%|HS|  |TAMS 0x0000000782900000, 0x0000000782800000| Complete 
|  41|0x0000000782900000, 0x0000000782a00000, 0x0000000782a00000|100%|HC|  |TAMS 0x0000000782a00000, 0x0000000782900000| Complete 
|  42|0x0000000782a00000, 0x0000000782b00000, 0x0000000782b00000|100%|HC|  |TAMS 0x0000000782b00000, 0x0000000782a00000| Complete 
|  43|0x0000000782b00000, 0x0000000782c00000, 0x0000000782c00000|100%|HC|  |TAMS 0x0000000782c00000, 0x0000000782b00000| Complete 
|  44|0x0000000782c00000, 0x0000000782d00000, 0x0000000782d00000|100%|HC|  |TAMS 0x0000000782d00000, 0x0000000782c00000| Complete 
|  45|0x0000000782d00000, 0x0000000782e00000, 0x0000000782e00000|100%|HC|  |TAMS 0x0000000782e00000, 0x0000000782d00000| Complete 
|  46|0x0000000782e00000, 0x0000000782f00000, 0x0000000782f00000|100%|HC|  |TAMS 0x0000000782f00000, 0x0000000782e00000| Complete 
|  47|0x0000000782f00000, 0x0000000782f00000, 0x0000000783000000|  0%| F|  |TAMS 0x0000000782f00000, 0x0000000782f00000| Untracked 
|  48|0x0000000783000000, 0x0000000783000000, 0x0000000783100000|  0%| F|  |TAMS 0x0000000783000000, 0x0000000783000000| Untracked 
|  49|0x0000000783100000, 0x0000000783100000, 0x0000000783200000|  0%| F|  |TAMS 0x0000000783100000, 0x0000000783100000| Untracked 
|  50|0x0000000783200000, 0x0000000783200000, 0x0000000783300000|  0%| F|  |TAMS 0x0000000783200000, 0x0000000783200000| Untracked 
|  51|0x0000000783300000, 0x0000000783300000, 0x0000000783400000|  0%| F|  |TAMS 0x0000000783300000, 0x0000000783300000| Untracked 
|  52|0x0000000783400000, 0x0000000783500000, 0x0000000783500000|100%|HS|  |TAMS 0x0000000783500000, 0x0000000783400000| Complete 
|  53|0x0000000783500000, 0x0000000783600000, 0x0000000783600000|100%|HC|  |TAMS 0x0000000783600000, 0x0000000783500000| Complete 
|  54|0x0000000783600000, 0x0000000783700000, 0x0000000783700000|100%|HC|  |TAMS 0x0000000783700000, 0x0000000783600000| Complete 
|  55|0x0000000783700000, 0x0000000783800000, 0x0000000783800000|100%|HC|  |TAMS 0x0000000783800000, 0x0000000783700000| Complete 
|  56|0x0000000783800000, 0x0000000783900000, 0x0000000783900000|100%|HS|  |TAMS 0x0000000783900000, 0x0000000783800000| Complete 
|  57|0x0000000783900000, 0x0000000783a00000, 0x0000000783a00000|100%|HC|  |TAMS 0x0000000783a00000, 0x0000000783900000| Complete 
|  58|0x0000000783a00000, 0x0000000783b00000, 0x0000000783b00000|100%|HC|  |TAMS 0x0000000783b00000, 0x0000000783a00000| Complete 
|  59|0x0000000783b00000, 0x0000000783c00000, 0x0000000783c00000|100%|HC|  |TAMS 0x0000000783c00000, 0x0000000783b00000| Complete 
|  60|0x0000000783c00000, 0x0000000783d00000, 0x0000000783d00000|100%|HC|  |TAMS 0x0000000783d00000, 0x0000000783c00000| Complete 
|  61|0x0000000783d00000, 0x0000000783e00000, 0x0000000783e00000|100%|HC|  |TAMS 0x0000000783e00000, 0x0000000783d00000| Complete 
|  62|0x0000000783e00000, 0x0000000783f00000, 0x0000000783f00000|100%|HS|  |TAMS 0x0000000783f00000, 0x0000000783e00000| Complete 
|  63|0x0000000783f00000, 0x0000000784000000, 0x0000000784000000|100%|HC|  |TAMS 0x0000000784000000, 0x0000000783f00000| Complete 
|  64|0x0000000784000000, 0x0000000784100000, 0x0000000784100000|100%|HC|  |TAMS 0x0000000784100000, 0x0000000784000000| Complete 
|  65|0x0000000784100000, 0x0000000784200000, 0x0000000784200000|100%|HC|  |TAMS 0x0000000784200000, 0x0000000784100000| Complete 
|  66|0x0000000784200000, 0x0000000784300000, 0x0000000784300000|100%|HC|  |TAMS 0x0000000784300000, 0x0000000784200000| Complete 
|  67|0x0000000784300000, 0x0000000784400000, 0x0000000784400000|100%|HC|  |TAMS 0x0000000784400000, 0x0000000784300000| Complete 
|  68|0x0000000784400000, 0x0000000784500000, 0x0000000784500000|100%|HC|  |TAMS 0x0000000784500000, 0x0000000784400000| Complete 
|  69|0x0000000784500000, 0x0000000784600000, 0x0000000784600000|100%|HS|  |TAMS 0x0000000784500000, 0x0000000784500000| Complete 
|  70|0x0000000784600000, 0x0000000784700000, 0x0000000784700000|100%|HC|  |TAMS 0x0000000784600000, 0x0000000784600000| Complete 
|  71|0x0000000784700000, 0x0000000784800000, 0x0000000784800000|100%|HC|  |TAMS 0x0000000784700000, 0x0000000784700000| Complete 
|  72|0x0000000784800000, 0x0000000784900000, 0x0000000784900000|100%|HC|  |TAMS 0x0000000784800000, 0x0000000784800000| Complete 
|  73|0x0000000784900000, 0x0000000784a00000, 0x0000000784a00000|100%|HC|  |TAMS 0x0000000784900000, 0x0000000784900000| Complete 
|  74|0x0000000784a00000, 0x0000000784b00000, 0x0000000784b00000|100%|HC|  |TAMS 0x0000000784a00000, 0x0000000784a00000| Complete 
|  75|0x0000000784b00000, 0x0000000784c00000, 0x0000000784c00000|100%|HC|  |TAMS 0x0000000784b00000, 0x0000000784b00000| Complete 
|  76|0x0000000784c00000, 0x0000000784c00000, 0x0000000784d00000|  0%| F|  |TAMS 0x0000000784c00000, 0x0000000784c00000| Untracked 
|  77|0x0000000784d00000, 0x0000000784d00000, 0x0000000784e00000|  0%| F|  |TAMS 0x0000000784d00000, 0x0000000784d00000| Untracked 
|  78|0x0000000784e00000, 0x0000000784e00000, 0x0000000784f00000|  0%| F|  |TAMS 0x0000000784e00000, 0x0000000784e00000| Untracked 
|  79|0x0000000784f00000, 0x0000000784f00000, 0x0000000785000000|  0%| F|  |TAMS 0x0000000784f00000, 0x0000000784f00000| Untracked 
|  80|0x0000000785000000, 0x0000000785000000, 0x0000000785100000|  0%| F|  |TAMS 0x0000000785000000, 0x0000000785000000| Untracked 
|  81|0x0000000785100000, 0x0000000785100000, 0x0000000785200000|  0%| F|  |TAMS 0x0000000785100000, 0x0000000785100000| Untracked 
|  82|0x0000000785200000, 0x0000000785200000, 0x0000000785300000|  0%| F|  |TAMS 0x0000000785200000, 0x0000000785200000| Untracked 
|  83|0x0000000785300000, 0x0000000785300000, 0x0000000785400000|  0%| F|  |TAMS 0x0000000785300000, 0x0000000785300000| Untracked 
|  84|0x0000000785400000, 0x0000000785400000, 0x0000000785500000|  0%| F|  |TAMS 0x0000000785400000, 0x0000000785400000| Untracked 
|  85|0x0000000785500000, 0x0000000785500000, 0x0000000785600000|  0%| F|  |TAMS 0x0000000785500000, 0x0000000785500000| Untracked 
|  86|0x0000000785600000, 0x0000000785600000, 0x0000000785700000|  0%| F|  |TAMS 0x0000000785600000, 0x0000000785600000| Untracked 
|  87|0x0000000785700000, 0x0000000785700000, 0x0000000785800000|  0%| F|  |TAMS 0x0000000785700000, 0x0000000785700000| Untracked 
|  88|0x0000000785800000, 0x0000000785800000, 0x0000000785900000|  0%| F|  |TAMS 0x0000000785800000, 0x0000000785800000| Untracked 
|  89|0x0000000785900000, 0x0000000785900000, 0x0000000785a00000|  0%| F|  |TAMS 0x0000000785900000, 0x0000000785900000| Untracked 
|  90|0x0000000785a00000, 0x0000000785a00000, 0x0000000785b00000|  0%| F|  |TAMS 0x0000000785a00000, 0x0000000785a00000| Untracked 
|  91|0x0000000785b00000, 0x0000000785b00000, 0x0000000785c00000|  0%| F|  |TAMS 0x0000000785b00000, 0x0000000785b00000| Untracked 
|  92|0x0000000785c00000, 0x0000000785c00000, 0x0000000785d00000|  0%| F|  |TAMS 0x0000000785c00000, 0x0000000785c00000| Untracked 
|  93|0x0000000785d00000, 0x0000000785d00000, 0x0000000785e00000|  0%| F|  |TAMS 0x0000000785d00000, 0x0000000785d00000| Untracked 
|  94|0x0000000785e00000, 0x0000000785e00000, 0x0000000785f00000|  0%| F|  |TAMS 0x0000000785e00000, 0x0000000785e00000| Untracked 
|  95|0x0000000785f00000, 0x0000000785f00000, 0x0000000786000000|  0%| F|  |TAMS 0x0000000785f00000, 0x0000000785f00000| Untracked 
|  96|0x0000000786000000, 0x0000000786000000, 0x0000000786100000|  0%| F|  |TAMS 0x0000000786000000, 0x0000000786000000| Untracked 
|  97|0x0000000786100000, 0x0000000786100000, 0x0000000786200000|  0%| F|  |TAMS 0x0000000786100000, 0x0000000786100000| Untracked 
|  98|0x0000000786200000, 0x0000000786200000, 0x0000000786300000|  0%| F|  |TAMS 0x0000000786200000, 0x0000000786200000| Untracked 
|  99|0x0000000786300000, 0x0000000786300000, 0x0000000786400000|  0%| F|  |TAMS 0x0000000786300000, 0x0000000786300000| Untracked 
| 100|0x0000000786400000, 0x0000000786400000, 0x0000000786500000|  0%| F|  |TAMS 0x0000000786400000, 0x0000000786400000| Untracked 
| 101|0x0000000786500000, 0x0000000786500000, 0x0000000786600000|  0%| F|  |TAMS 0x0000000786500000, 0x0000000786500000| Untracked 
| 102|0x0000000786600000, 0x0000000786600000, 0x0000000786700000|  0%| F|  |TAMS 0x0000000786600000, 0x0000000786600000| Untracked 
| 103|0x0000000786700000, 0x0000000786700000, 0x0000000786800000|  0%| F|  |TAMS 0x0000000786700000, 0x0000000786700000| Untracked 
| 104|0x0000000786800000, 0x0000000786800000, 0x0000000786900000|  0%| F|  |TAMS 0x0000000786800000, 0x0000000786800000| Untracked 
| 105|0x0000000786900000, 0x0000000786900000, 0x0000000786a00000|  0%| F|  |TAMS 0x0000000786900000, 0x0000000786900000| Untracked 
| 106|0x0000000786a00000, 0x0000000786a00000, 0x0000000786b00000|  0%| F|  |TAMS 0x0000000786a00000, 0x0000000786a00000| Untracked 
| 107|0x0000000786b00000, 0x0000000786b00000, 0x0000000786c00000|  0%| F|  |TAMS 0x0000000786b00000, 0x0000000786b00000| Untracked 
| 108|0x0000000786c00000, 0x0000000786c00000, 0x0000000786d00000|  0%| F|  |TAMS 0x0000000786c00000, 0x0000000786c00000| Untracked 
| 109|0x0000000786d00000, 0x0000000786d00000, 0x0000000786e00000|  0%| F|  |TAMS 0x0000000786d00000, 0x0000000786d00000| Untracked 
| 110|0x0000000786e00000, 0x0000000786e00000, 0x0000000786f00000|  0%| F|  |TAMS 0x0000000786e00000, 0x0000000786e00000| Untracked 
| 111|0x0000000786f00000, 0x0000000786f00000, 0x0000000787000000|  0%| F|  |TAMS 0x0000000786f00000, 0x0000000786f00000| Untracked 
| 112|0x0000000787000000, 0x0000000787000000, 0x0000000787100000|  0%| F|  |TAMS 0x0000000787000000, 0x0000000787000000| Untracked 
| 113|0x0000000787100000, 0x0000000787100000, 0x0000000787200000|  0%| F|  |TAMS 0x0000000787100000, 0x0000000787100000| Untracked 
| 114|0x0000000787200000, 0x0000000787200000, 0x0000000787300000|  0%| F|  |TAMS 0x0000000787200000, 0x0000000787200000| Untracked 
| 115|0x0000000787300000, 0x0000000787300000, 0x0000000787400000|  0%| F|  |TAMS 0x0000000787300000, 0x0000000787300000| Untracked 
| 116|0x0000000787400000, 0x0000000787400000, 0x0000000787500000|  0%| F|  |TAMS 0x0000000787400000, 0x0000000787400000| Untracked 
| 117|0x0000000787500000, 0x0000000787500000, 0x0000000787600000|  0%| F|  |TAMS 0x0000000787500000, 0x0000000787500000| Untracked 
| 118|0x0000000787600000, 0x0000000787600000, 0x0000000787700000|  0%| F|  |TAMS 0x0000000787600000, 0x0000000787600000| Untracked 
| 119|0x0000000787700000, 0x0000000787700000, 0x0000000787800000|  0%| F|  |TAMS 0x0000000787700000, 0x0000000787700000| Untracked 
| 120|0x0000000787800000, 0x0000000787800000, 0x0000000787900000|  0%| F|  |TAMS 0x0000000787800000, 0x0000000787800000| Untracked 
| 121|0x0000000787900000, 0x0000000787900000, 0x0000000787a00000|  0%| F|  |TAMS 0x0000000787900000, 0x0000000787900000| Untracked 
| 122|0x0000000787a00000, 0x0000000787a00000, 0x0000000787b00000|  0%| F|  |TAMS 0x0000000787a00000, 0x0000000787a00000| Untracked 
| 123|0x0000000787b00000, 0x0000000787b00000, 0x0000000787c00000|  0%| F|  |TAMS 0x0000000787b00000, 0x0000000787b00000| Untracked 
| 124|0x0000000787c00000, 0x0000000787ca6250, 0x0000000787d00000| 64%| S|CS|TAMS 0x0000000787c00000, 0x0000000787c00000| Complete 
| 125|0x0000000787d00000, 0x0000000787e00000, 0x0000000787e00000|100%| S|CS|TAMS 0x0000000787d00000, 0x0000000787d00000| Complete 
| 126|0x0000000787e00000, 0x0000000787e00000, 0x0000000787f00000|  0%| F|  |TAMS 0x0000000787e00000, 0x0000000787e00000| Untracked 
| 127|0x0000000787f00000, 0x0000000787fba868, 0x0000000788000000| 72%| E|  |TAMS 0x0000000787f00000, 0x0000000787f00000| Complete 
|1022|0x00000007bfe00000, 0x00000007bfe47000, 0x00000007bff00000| 27%|OA|  |TAMS 0x00000007bfe47000, 0x00000007bfe00000| Untracked 
|1023|0x00000007bff00000, 0x00000007bff77000, 0x00000007c0000000| 46%|CA|  |TAMS 0x00000007bff77000, 0x00000007bff00000| Untracked 

Card table byte_map: [0x00000001097ab000,0x0000000109bab000] _byte_map_base: 0x0000000105bab000

Marking Bits (Prev, Next): (CMBitMap*) 0x00007f80ec81ea18, (CMBitMap*) 0x00007f80ec81ea58
 Prev Bits: [0x000000012233e000, 0x000000012433e000)
 Next Bits: [0x000000012433e000, 0x000000012633e000)

Polling page: 0x00000001076cd000

Metaspace:

Usage:
  Non-class:     14.90 MB capacity,    14.59 MB ( 98%) used,   280.37 KB (  2%) free+waste,    42.75 KB ( <1%) overhead. 
      Class:      2.27 MB capacity,     2.08 MB ( 92%) used,   168.88 KB (  7%) free+waste,    23.88 KB (  1%) overhead. 
       Both:     17.17 MB capacity,    16.67 MB ( 97%) used,   449.24 KB (  3%) free+waste,    66.62 KB ( <1%) overhead. 

Virtual space:
  Non-class space:       16.00 MB reserved,      15.00 MB ( 94%) committed 
      Class space:        1.00 GB reserved,       2.38 MB ( <1%) committed 
             Both:        1.02 GB reserved,      17.38 MB (  2%) committed 

Chunk freelists:
   Non-Class:  67.00 KB
       Class:  12.00 KB
        Both:  79.00 KB

MaxMetaspaceSize: unlimited
CompressedClassSpaceSize: 1.00 GB

CodeHeap 'non-profiled nmethods': size=120032Kb used=713Kb max_used=713Kb free=119319Kb
 bounds [0x000000011ae06000, 0x000000011b076000, 0x000000012233e000]
CodeHeap 'profiled nmethods': size=120028Kb used=4057Kb max_used=4057Kb free=115971Kb
 bounds [0x00000001138cf000, 0x0000000113cdf000, 0x000000011ae06000]
CodeHeap 'non-nmethods': size=5700Kb used=1409Kb max_used=1429Kb free=4290Kb
 bounds [0x000000011333e000, 0x00000001135ae000, 0x00000001138cf000]
 total_blobs=3355 nmethods=1954 adapters=639
 compilation: enabled
              stopped_count=0, restarted_count=0
 full_count=0

Compilation events (20 events):
Event: 7.470 Thread 0x00007f80eb011800 2172       1       javax.swing.RepaintManager::isDoubleBufferingEnabled (5 bytes)
Event: 7.470 Thread 0x00007f80eb011800 nmethod 2172 0x000000011aeb1c90 code [0x000000011aeb1e20, 0x000000011aeb1f50]
Event: 7.470 Thread 0x00007f80eb011800 2173       3       java.lang.Math::round (70 bytes)
Event: 7.476 Thread 0x00007f80eb011800 nmethod 2173 0x00000001138d7c90 code [0x00000001138d7e20, 0x00000001138d8090]
Event: 7.476 Thread 0x00007f80eb011800 2174       3       sun.java2d.pipe.PixelToParallelogramConverter::normalize (15 bytes)
Event: 7.476 Thread 0x00007f80eb011800 nmethod 2174 0x00000001139ffe10 code [0x00000001139fffe0, 0x0000000113a00288]
Event: 7.476 Thread 0x00007f80eb011800 2175       1       java.awt.RenderingHints$Key::intKey (5 bytes)
Event: 7.476 Thread 0x00007f80eb011800 nmethod 2175 0x000000011aeb1f90 code [0x000000011aeb2120, 0x000000011aeb2250]
Event: 7.477 Thread 0x00007f80eb821000 nmethod 2144 0x000000011aeb2290 code [0x000000011aeb2460, 0x000000011aeb3a38]
Event: 7.477 Thread 0x00007f80eb821000 2129       4       com.sun.jna.Structure::getFieldList (113 bytes)
Event: 7.515 Thread 0x00007f80eb011800 2176       1       java.awt.geom.AffineTransform::getTranslateX (5 bytes)
Event: 7.515 Thread 0x00007f80eb011800 nmethod 2176 0x000000011aeb4c10 code [0x000000011aeb4da0, 0x000000011aeb4ed0]
Event: 7.515 Thread 0x00007f80eb011800 2177       3       sun.java2d.SunGraphics2D::setFont (105 bytes)
Event: 7.516 Thread 0x00007f80eb011800 nmethod 2177 0x00000001139ff010 code [0x00000001139ff200, 0x00000001139ffc58]
Event: 7.516 Thread 0x00007f80eb011800 2178       3       sun.java2d.marlin.MarlinTileGenerator::getAlpha (28 bytes)
Event: 7.516 Thread 0x00007f80eb011800 nmethod 2178 0x00000001139feb10 code [0x00000001139fecc0, 0x00000001139feef8]
Event: 7.517 Thread 0x00007f80eb011800 2179       1       java.awt.geom.AffineTransform::getTranslateY (5 bytes)
Event: 7.517 Thread 0x00007f80eb011800 nmethod 2179 0x000000011aeb4f10 code [0x000000011aeb50a0, 0x000000011aeb51d0]
Event: 7.517 Thread 0x00007f80eb011800 2180       3       java.awt.geom.AffineTransform::hashCode (87 bytes)
Event: 7.518 Thread 0x00007f80eb011800 nmethod 2180 0x00000001139fdb10 code [0x00000001139fdd40, 0x00000001139fe910]

GC Heap History (20 events):
Event: 6.195 GC heap before
{Heap before GC invocations=4 (full 0):
 garbage-first heap   total 133120K, used 68229K [0x0000000780000000, 0x0000000800000000)
  region size 1024K, 12 young (12288K), 3 survivors (3072K)
 Metaspace       used 16578K, capacity 17056K, committed 17408K, reserved 1064960K
  class space    used 2089K, capacity 2253K, committed 2304K, reserved 1048576K
}
Event: 6.198 GC heap after
{Heap after GC invocations=5 (full 0):
 garbage-first heap   total 133120K, used 47648K [0x0000000780000000, 0x0000000800000000)
  region size 1024K, 3 young (3072K), 3 survivors (3072K)
 Metaspace       used 16578K, capacity 17056K, committed 17408K, reserved 1064960K
  class space    used 2089K, capacity 2253K, committed 2304K, reserved 1048576K
}
Event: 6.272 GC heap before
{Heap before GC invocations=6 (full 0):
 garbage-first heap   total 133120K, used 65056K [0x0000000780000000, 0x0000000800000000)
  region size 1024K, 12 young (12288K), 3 survivors (3072K)
 Metaspace       used 16578K, capacity 17056K, committed 17408K, reserved 1064960K
  class space    used 2089K, capacity 2253K, committed 2304K, reserved 1048576K
}
Event: 6.277 GC heap after
{Heap after GC invocations=7 (full 0):
 garbage-first heap   total 133120K, used 51670K [0x0000000780000000, 0x0000000800000000)
  region size 1024K, 3 young (3072K), 3 survivors (3072K)
 Metaspace       used 16578K, capacity 17056K, committed 17408K, reserved 1064960K
  class space    used 2089K, capacity 2253K, committed 2304K, reserved 1048576K
}
Event: 6.311 GC heap before
{Heap before GC invocations=8 (full 0):
 garbage-first heap   total 133120K, used 64982K [0x0000000780000000, 0x0000000800000000)
  region size 1024K, 11 young (11264K), 3 survivors (3072K)
 Metaspace       used 16578K, capacity 17056K, committed 17408K, reserved 1064960K
  class space    used 2089K, capacity 2253K, committed 2304K, reserved 1048576K
}
Event: 6.315 GC heap after
{Heap after GC invocations=9 (full 0):
 garbage-first heap   total 133120K, used 51898K [0x0000000780000000, 0x0000000800000000)
  region size 1024K, 3 young (3072K), 3 survivors (3072K)
 Metaspace       used 16578K, capacity 17056K, committed 17408K, reserved 1064960K
  class space    used 2089K, capacity 2253K, committed 2304K, reserved 1048576K
}
Event: 6.789 GC heap before
{Heap before GC invocations=10 (full 0):
 garbage-first heap   total 133120K, used 66234K [0x0000000780000000, 0x0000000800000000)
  region size 1024K, 11 young (11264K), 3 survivors (3072K)
 Metaspace       used 16701K, capacity 17166K, committed 17408K, reserved 1064960K
  class space    used 2107K, capacity 2291K, committed 2304K, reserved 1048576K
}
Event: 6.792 GC heap after
{Heap after GC invocations=11 (full 0):
 garbage-first heap   total 133120K, used 59174K [0x0000000780000000, 0x0000000800000000)
  region size 1024K, 3 young (3072K), 3 survivors (3072K)
 Metaspace       used 16701K, capacity 17166K, committed 17408K, reserved 1064960K
  class space    used 2107K, capacity 2291K, committed 2304K, reserved 1048576K
}
Event: 6.810 GC heap before
{Heap before GC invocations=12 (full 0):
 garbage-first heap   total 133120K, used 64294K [0x0000000780000000, 0x0000000800000000)
  region size 1024K, 5 young (5120K), 3 survivors (3072K)
 Metaspace       used 16703K, capacity 17166K, committed 17408K, reserved 1064960K
  class space    used 2107K, capacity 2291K, committed 2304K, reserved 1048576K
}
Event: 6.815 GC heap after
{Heap after GC invocations=13 (full 0):
 garbage-first heap   total 133120K, used 56143K [0x0000000780000000, 0x0000000800000000)
  region size 1024K, 3 young (3072K), 3 survivors (3072K)
 Metaspace       used 16703K, capacity 17166K, committed 17408K, reserved 1064960K
  class space    used 2107K, capacity 2291K, committed 2304K, reserved 1048576K
}
Event: 6.864 GC heap before
{Heap before GC invocations=14 (full 0):
 garbage-first heap   total 133120K, used 70479K [0x0000000780000000, 0x0000000800000000)
  region size 1024K, 11 young (11264K), 3 survivors (3072K)
 Metaspace       used 16707K, capacity 17166K, committed 17408K, reserved 1064960K
  class space    used 2107K, capacity 2291K, committed 2304K, reserved 1048576K
}
Event: 6.868 GC heap after
{Heap after GC invocations=15 (full 0):
 garbage-first heap   total 133120K, used 61187K [0x0000000780000000, 0x0000000800000000)
  region size 1024K, 3 young (3072K), 3 survivors (3072K)
 Metaspace       used 16707K, capacity 17166K, committed 17408K, reserved 1064960K
  class space    used 2107K, capacity 2291K, committed 2304K, reserved 1048576K
}
Event: 6.915 GC heap before
{Heap before GC invocations=16 (full 0):
 garbage-first heap   total 133120K, used 73475K [0x0000000780000000, 0x0000000800000000)
  region size 1024K, 10 young (10240K), 3 survivors (3072K)
 Metaspace       used 16708K, capacity 17166K, committed 17408K, reserved 1064960K
  class space    used 2107K, capacity 2291K, committed 2304K, reserved 1048576K
}
Event: 6.919 GC heap after
{Heap after GC invocations=17 (full 0):
 garbage-first heap   total 133120K, used 61249K [0x0000000780000000, 0x0000000800000000)
  region size 1024K, 3 young (3072K), 3 survivors (3072K)
 Metaspace       used 16708K, capacity 17166K, committed 17408K, reserved 1064960K
  class space    used 2107K, capacity 2291K, committed 2304K, reserved 1048576K
}
Event: 6.957 GC heap before
{Heap before GC invocations=18 (full 0):
 garbage-first heap   total 133120K, used 75585K [0x0000000780000000, 0x0000000800000000)
  region size 1024K, 11 young (11264K), 3 survivors (3072K)
 Metaspace       used 16709K, capacity 17166K, committed 17408K, reserved 1064960K
  class space    used 2107K, capacity 2291K, committed 2304K, reserved 1048576K
}
Event: 6.961 GC heap after
{Heap after GC invocations=19 (full 0):
 garbage-first heap   total 133120K, used 61268K [0x0000000780000000, 0x0000000800000000)
  region size 1024K, 3 young (3072K), 3 survivors (3072K)
 Metaspace       used 16709K, capacity 17166K, committed 17408K, reserved 1064960K
  class space    used 2107K, capacity 2291K, committed 2304K, reserved 1048576K
}
Event: 7.408 GC heap before
{Heap before GC invocations=20 (full 0):
 garbage-first heap   total 133120K, used 80724K [0x0000000780000000, 0x0000000800000000)
  region size 1024K, 16 young (16384K), 3 survivors (3072K)
 Metaspace       used 17040K, capacity 17553K, committed 17664K, reserved 1064960K
  class space    used 2129K, capacity 2292K, committed 2304K, reserved 1048576K
}
Event: 7.414 GC heap after
{Heap after GC invocations=21 (full 0):
 garbage-first heap   total 133120K, used 61428K [0x0000000780000000, 0x0000000800000000)
  region size 1024K, 3 young (3072K), 3 survivors (3072K)
 Metaspace       used 17040K, capacity 17553K, committed 17664K, reserved 1064960K
  class space    used 2129K, capacity 2292K, committed 2304K, reserved 1048576K
}
Event: 7.471 GC heap before
{Heap before GC invocations=22 (full 0):
 garbage-first heap   total 133120K, used 75764K [0x0000000780000000, 0x0000000800000000)
  region size 1024K, 5 young (5120K), 3 survivors (3072K)
 Metaspace       used 17063K, capacity 17585K, committed 17792K, reserved 1064960K
  class space    used 2131K, capacity 2324K, committed 2432K, reserved 1048576K
}
Event: 7.475 GC heap after
{Heap after GC invocations=23 (full 0):
 garbage-first heap   total 133120K, used 63314K [0x0000000780000000, 0x0000000800000000)
  region size 1024K, 2 young (2048K), 2 survivors (2048K)
 Metaspace       used 17063K, capacity 17585K, committed 17792K, reserved 1064960K
  class space    used 2131K, capacity 2324K, committed 2432K, reserved 1048576K
}

Deoptimization events (20 events):
Event: 7.403 Thread 0x00007f80ecd1a800 DEOPT PACKING pc=0x0000000113be6940 sp=0x0000700007825be0
Event: 7.403 Thread 0x00007f80ecd1a800 DEOPT UNPACKING pc=0x000000011338733a sp=0x00007000078250b0 mode 0
Event: 7.403 Thread 0x00007f80ecd1a800 DEOPT PACKING pc=0x0000000113be6940 sp=0x0000700007825be0
Event: 7.403 Thread 0x00007f80ecd1a800 DEOPT UNPACKING pc=0x000000011338733a sp=0x00007000078250b0 mode 0
Event: 7.403 Thread 0x00007f80ecd1a800 DEOPT PACKING pc=0x0000000113be6940 sp=0x0000700007825be0
Event: 7.403 Thread 0x00007f80ecd1a800 DEOPT UNPACKING pc=0x000000011338733a sp=0x00007000078250b0 mode 0
Event: 7.404 Thread 0x00007f80ecd1a800 DEOPT PACKING pc=0x0000000113be6940 sp=0x0000700007825be0
Event: 7.405 Thread 0x00007f80ecd1a800 DEOPT UNPACKING pc=0x000000011338733a sp=0x00007000078250b0 mode 0
Event: 7.405 Thread 0x00007f80ecd1a800 DEOPT PACKING pc=0x0000000113be6940 sp=0x0000700007825ca0
Event: 7.405 Thread 0x00007f80ecd1a800 DEOPT UNPACKING pc=0x000000011338733a sp=0x0000700007825150 mode 0
Event: 7.405 Thread 0x00007f80ecd1a800 DEOPT PACKING pc=0x0000000113be6940 sp=0x0000700007825ca0
Event: 7.405 Thread 0x00007f80ecd1a800 DEOPT UNPACKING pc=0x000000011338733a sp=0x0000700007825150 mode 0
Event: 7.406 Thread 0x00007f80ecd1a800 DEOPT PACKING pc=0x0000000113be6940 sp=0x0000700007825ca0
Event: 7.406 Thread 0x00007f80ecd1a800 DEOPT UNPACKING pc=0x000000011338733a sp=0x0000700007825150 mode 0
Event: 7.406 Thread 0x00007f80ecd1a800 DEOPT PACKING pc=0x0000000113be6940 sp=0x0000700007825ca0
Event: 7.406 Thread 0x00007f80ecd1a800 DEOPT UNPACKING pc=0x000000011338733a sp=0x0000700007825150 mode 0
Event: 7.406 Thread 0x00007f80ecd1a800 DEOPT PACKING pc=0x0000000113be6940 sp=0x0000700007825ca0
Event: 7.406 Thread 0x00007f80ecd1a800 DEOPT UNPACKING pc=0x000000011338733a sp=0x0000700007825150 mode 0
Event: 7.406 Thread 0x00007f80ecd1a800 DEOPT PACKING pc=0x0000000113be6940 sp=0x0000700007825ca0
Event: 7.406 Thread 0x00007f80ecd1a800 DEOPT UNPACKING pc=0x000000011338733a sp=0x0000700007825150 mode 0

Classes unloaded (0 events):
No events

Classes redefined (0 events):
No events

Internal exceptions (20 events):
Event: 1.197 Thread 0x00007f80eb006000 Exception <a 'java/lang/NoSuchMethodError'{0x00000007879b6b30}: 'java.lang.Object java.lang.invoke.DirectMethodHandle$Holder.invokeSpecial(java.lang.Object, java.lang.Object, int, java.lang.Object, java.lang.Object, java.lang.Object)'> (0x00000007879b6b30) 
thrown [/scratch/mesos/slaves/d65fa3d4-10de-46aa-a2db-52cc9981537a-S157/frameworks/1735e8a2-a1db-478c-8104-60c8b0af87dd-0196/executors/cd04c109-7866-4c89-a9cb-580d1b4b0057/runs/bdf96710-70fa-465f-a6db-19a171d6559f/workspace/open/src/hotspot/share/interp
Event: 1.202 Thread 0x00007f80eb006000 Exception <a 'java/lang/NoSuchMethodError'{0x00000007879ccd88}: 'java.lang.Object java.lang.invoke.DirectMethodHandle$Holder.invokeStatic(java.lang.Object, int, java.lang.Object)'> (0x00000007879ccd88) 
thrown [/scratch/mesos/slaves/d65fa3d4-10de-46aa-a2db-52cc9981537a-S157/frameworks/1735e8a2-a1db-478c-8104-60c8b0af87dd-0196/executors/cd04c109-7866-4c89-a9cb-580d1b4b0057/runs/bdf96710-70fa-465f-a6db-19a171d6559f/workspace/open/src/hotspot/share/interpreter/linkResolver.cpp, line 767]
Event: 1.208 Thread 0x00007f80eb006000 Exception <a 'java/lang/ClassNotFoundException'{0x00000007879f9640}: com/apple/laf/resources/spi/aquaProvider> (0x00000007879f9640) 
thrown [/scratch/mesos/slaves/d65fa3d4-10de-46aa-a2db-52cc9981537a-S157/frameworks/1735e8a2-a1db-478c-8104-60c8b0af87dd-0196/executors/cd04c109-7866-4c89-a9cb-580d1b4b0057/runs/bdf96710-70fa-465f-a6db-19a171d6559f/workspace/open/src/hotspot/share/classfile/systemDictionary.cpp, line 232]
Event: 1.249 Thread 0x00007f80eb006000 Exception <a 'java/lang/ClassNotFoundException'{0x00000007878612c0}: com/sun/swing/internal/plaf/basic/resources/spi/basicProvider> (0x00000007878612c0) 
thrown [/scratch/mesos/slaves/d65fa3d4-10de-46aa-a2db-52cc9981537a-S157/frameworks/1735e8a2-a1db-478c-8104-60c8b0af87dd-0196/executors/cd04c109-7866-4c89-a9cb-580d1b4b0057/runs/bdf96710-70fa-465f-a6db-19a171d6559f/workspace/open/src/hotspot/share/classfile/systemDictionary.cpp, line 232]
Event: 1.263 Thread 0x00007f80eb006000 Implicit null exception at 0x000000011ae34568 to 0x000000011ae345fa
Event: 3.065 Thread 0x00007f80eb006000 Exception <a 'java/lang/NoSuchMethodError'{0x0000000787ce9ba0}: 'void java.lang.invoke.DirectMethodHandle$Holder.invokeSpecial(java.lang.Object, java.lang.Object)'> (0x0000000787ce9ba0) 
thrown [/scratch/mesos/slaves/d65fa3d4-10de-46aa-a2db-52cc9981537a-S157/frameworks/1735e8a2-a1db-478c-8104-60c8b0af87dd-0196/executors/cd04c109-7866-4c89-a9cb-580d1b4b0057/runs/bdf96710-70fa-465f-a6db-19a171d6559f/workspace/open/src/hotspot/share/interpreter/linkResolver.cpp, line 767]
Event: 3.567 Thread 0x00007f80eb006000 Exception <a 'java/lang/NoSuchMethodError'{0x0000000787eddce0}: 'int java.lang.invoke.DirectMethodHandle$Holder.invokeStaticInit(java.lang.Object, java.lang.Object, java.lang.Object, java.lang.Object)'> (0x0000000787eddce0) 
thrown [/scratch/mesos/slaves/d65fa3d4-10de-46aa-a2db-52cc9981537a-S157/frameworks/1735e8a2-a1db-478c-8104-60c8b0af87dd-0196/executors/cd04c109-7866-4c89-a9cb-580d1b4b0057/runs/bdf96710-70fa-465f-a6db-19a171d6559f/workspace/open/src/hotspot/share/interpreter/linkResolver.cpp, line 767]
Event: 3.567 Thread 0x00007f80eb006000 Exception <a 'java/lang/IncompatibleClassChangeError'{0x0000000787ee6a28}: Found class java.lang.Object, but interface was expected> (0x0000000787ee6a28) 
thrown [/scratch/mesos/slaves/d65fa3d4-10de-46aa-a2db-52cc9981537a-S157/frameworks/1735e8a2-a1db-478c-8104-60c8b0af87dd-0196/executors/cd04c109-7866-4c89-a9cb-580d1b4b0057/runs/bdf96710-70fa-465f-a6db-19a171d6559f/workspace/open/src/hotspot/share/interpreter/linkResolver.cpp, line 833]
Event: 3.567 Thread 0x00007f80eb006000 Exception <a 'java/lang/NoSuchMethodError'{0x0000000787ee9300}: 'void java.lang.invoke.DirectMethodHandle$Holder.invokeStaticInit(java.lang.Object, java.lang.Object)'> (0x0000000787ee9300) 
thrown [/scratch/mesos/slaves/d65fa3d4-10de-46aa-a2db-52cc9981537a-S157/frameworks/1735e8a2-a1db-478c-8104-60c8b0af87dd-0196/executors/cd04c109-7866-4c89-a9cb-580d1b4b0057/runs/bdf96710-70fa-465f-a6db-19a171d6559f/workspace/open/src/hotspot/share/interpreter/linkResolver.cpp, line 767]
Event: 3.568 Thread 0x00007f80eb006000 Exception <a 'java/lang/NoSuchMethodError'{0x0000000787eee1c8}: 'int java.lang.invoke.DirectMethodHandle$Holder.invokeStaticInit(java.lang.Object, java.lang.Object)'> (0x0000000787eee1c8) 
thrown [/scratch/mesos/slaves/d65fa3d4-10de-46aa-a2db-52cc9981537a-S157/frameworks/1735e8a2-a1db-478c-8104-60c8b0af87dd-0196/executors/cd04c109-7866-4c89-a9cb-580d1b4b0057/runs/bdf96710-70fa-465f-a6db-19a171d6559f/workspace/open/src/hotspot/share/interpreter/linkResolver.cpp, line 767]
Event: 4.338 Thread 0x00007f80eb006000 Exception <a 'java/lang/NoSuchMethodError'{0x00000007875c1338}: 'java.lang.Object java.lang.invoke.Invokers$Holder.linkToTargetMethod(java.lang.Object, java.lang.Object, int, java.lang.Object, java.lang.Object)'> (0x00000007875c1338) 
thrown [/scratch/mesos/slaves/d65fa3d4-10de-46aa-a2db-52cc9981537a-S157/frameworks/1735e8a2-a1db-478c-8104-60c8b0af87dd-0196/executors/cd04c109-7866-4c89-a9cb-580d1b4b0057/runs/bdf96710-70fa-465f-a6db-19a171d6559f/workspace/open/src/hotspot/share/interpreter/linkResolver.cpp,
Event: 4.355 Thread 0x00007f80eb006000 Exception <a 'java/lang/NoSuchMethodError'{0x00000007875c4a78}: 'void java.lang.invoke.DirectMethodHandle$Holder.invokeStatic(java.lang.Object, int, long)'> (0x00000007875c4a78) 
thrown [/scratch/mesos/slaves/d65fa3d4-10de-46aa-a2db-52cc9981537a-S157/frameworks/1735e8a2-a1db-478c-8104-60c8b0af87dd-0196/executors/cd04c109-7866-4c89-a9cb-580d1b4b0057/runs/bdf96710-70fa-465f-a6db-19a171d6559f/workspace/open/src/hotspot/share/interpreter/linkResolver.cpp, line 767]
Event: 4.394 Thread 0x00007f80ecd1a800 Exception <a 'java/lang/NoSuchMethodError'{0x0000000787100c98}: 'void java.lang.invoke.DirectMethodHandle$Holder.invokeStatic(java.lang.Object, long)'> (0x0000000787100c98) 
thrown [/scratch/mesos/slaves/d65fa3d4-10de-46aa-a2db-52cc9981537a-S157/frameworks/1735e8a2-a1db-478c-8104-60c8b0af87dd-0196/executors/cd04c109-7866-4c89-a9cb-580d1b4b0057/runs/bdf96710-70fa-465f-a6db-19a171d6559f/workspace/open/src/hotspot/share/interpreter/linkResolver.cpp, line 767]
Event: 4.395 Thread 0x00007f80eb006000 Exception <a 'java/lang/NoSuchMethodError'{0x00000007872b19f8}: 'java.lang.Object java.lang.invoke.Invokers$Holder.linkToTargetMethod(int, int, int, int, java.lang.Object)'> (0x00000007872b19f8) 
thrown [/scratch/mesos/slaves/d65fa3d4-10de-46aa-a2db-52cc9981537a-S157/frameworks/1735e8a2-a1db-478c-8104-60c8b0af87dd-0196/executors/cd04c109-7866-4c89-a9cb-580d1b4b0057/runs/bdf96710-70fa-465f-a6db-19a171d6559f/workspace/open/src/hotspot/share/interpreter/linkResolver.cpp, line 767]
Event: 4.402 Thread 0x00007f80eb006000 Exception <a 'java/lang/NoSuchMethodError'{0x00000007872b4690}: 'void java.lang.invoke.DirectMethodHandle$Holder.invokeStatic(java.lang.Object, java.lang.Object, long)'> (0x00000007872b4690) 
thrown [/scratch/mesos/slaves/d65fa3d4-10de-46aa-a2db-52cc9981537a-S157/frameworks/1735e8a2-a1db-478c-8104-60c8b0af87dd-0196/executors/cd04c109-7866-4c89-a9cb-580d1b4b0057/runs/bdf96710-70fa-465f-a6db-19a171d6559f/workspace/open/src/hotspot/share/interpreter/linkResolver.cpp, line 767]
Event: 4.402 Thread 0x00007f80eb157800 Exception <a 'java/lang/NoSuchMethodError'{0x0000000787251d10}: 'void java.lang.invoke.DirectMethodHandle$Holder.invokeStatic(java.lang.Object, java.lang.Object, long)'> (0x0000000787251d10) 
thrown [/scratch/mesos/slaves/d65fa3d4-10de-46aa-a2db-52cc9981537a-S157/frameworks/1735e8a2-a1db-478c-8104-60c8b0af87dd-0196/executors/cd04c109-7866-4c89-a9cb-580d1b4b0057/runs/bdf96710-70fa-465f-a6db-19a171d6559f/workspace/open/src/hotspot/share/interpreter/linkResolver.cpp, line 767]
Event: 4.445 Thread 0x00007f80eb157800 Exception <a 'java/lang/NoSuchMethodError'{0x000000078726d870}: 'void java.lang.invoke.DirectMethodHandle$Holder.invokeSpecial(java.lang.Object, java.lang.Object, long)'> (0x000000078726d870) 
thrown [/scratch/mesos/slaves/d65fa3d4-10de-46aa-a2db-52cc9981537a-S157/frameworks/1735e8a2-a1db-478c-8104-60c8b0af87dd-0196/executors/cd04c109-7866-4c89-a9cb-580d1b4b0057/runs/bdf96710-70fa-465f-a6db-19a171d6559f/workspace/open/src/hotspot/share/interpreter/linkResolver.cpp, line 767]
Event: 4.495 Thread 0x00007f80eb006000 Exception <a 'java/lang/NoSuchMethodError'{0x00000007872cdaa0}: 'void java.lang.invoke.DirectMethodHandle$Holder.invokeStatic(java.lang.Object, long, long)'> (0x00000007872cdaa0) 
thrown [/scratch/mesos/slaves/d65fa3d4-10de-46aa-a2db-52cc9981537a-S157/frameworks/1735e8a2-a1db-478c-8104-60c8b0af87dd-0196/executors/cd04c109-7866-4c89-a9cb-580d1b4b0057/runs/bdf96710-70fa-465f-a6db-19a171d6559f/workspace/open/src/hotspot/share/interpreter/linkResolver.cpp, line 767]
Event: 4.497 Thread 0x00007f80eb006000 Exception <a 'java/lang/NoSuchMethodError'{0x00000007872d8d70}: 'java.lang.Object java.lang.invoke.Invokers$Holder.linkToTargetMethod(java.lang.Object, int, java.lang.Object)'> (0x00000007872d8d70) 
thrown [/scratch/mesos/slaves/d65fa3d4-10de-46aa-a2db-52cc9981537a-S157/frameworks/1735e8a2-a1db-478c-8104-60c8b0af87dd-0196/executors/cd04c109-7866-4c89-a9cb-580d1b4b0057/runs/bdf96710-70fa-465f-a6db-19a171d6559f/workspace/open/src/hotspot/share/interpreter/linkResolver.cpp, line 767]
Event: 4.646 Thread 0x00007f80eb81e800 Exception <a 'java/lang/NullPointerException'{0x0000000787fe7d20}> (0x0000000787fe7d20) 
thrown [/scratch/mesos/slaves/d65fa3d4-10de-46aa-a2db-52cc9981537a-S157/frameworks/1735e8a2-a1db-478c-8104-60c8b0af87dd-0196/executors/cd04c109-7866-4c89-a9cb-580d1b4b0057/runs/bdf96710-70fa-465f-a6db-19a171d6559f/workspace/open/src/hotspot/share/interpreter/linkResolver.cpp, line 1349]

Events (20 events):
Event: 7.468 Protecting memory [0x0000700007e40000,0x0000700007e44000] with protection modes 3
Event: 7.468 Thread 0x00007f80ecc9f800 Thread exited: 0x00007f80ecc9f800
Event: 7.470 Executing VM operation: RevokeBias
Event: 7.470 Executing VM operation: RevokeBias done
Event: 7.470 Executing VM operation: RevokeBias
Event: 7.470 Executing VM operation: RevokeBias done
Event: 7.470 Executing VM operation: G1CollectForAllocation
Event: 7.475 Executing VM operation: G1CollectForAllocation done
Event: 7.486 Protecting memory [0x0000700007e40000,0x0000700007e44000] with protection modes 0
Event: 7.486 Executing VM operation: G1Concurrent
Event: 7.486 Thread 0x00007f80ec35b800 Thread added: 0x00007f80ec35b800
Event: 7.487 Executing VM operation: G1Concurrent done
Event: 7.487 Protecting memory [0x0000700007e40000,0x0000700007e44000] with protection modes 3
Event: 7.487 Thread 0x00007f80ec35b800 Thread exited: 0x00007f80ec35b800
Event: 7.492 Executing VM operation: G1Concurrent
Event: 7.492 Executing VM operation: G1Concurrent done
Event: 7.518 Protecting memory [0x0000700007e40000,0x0000700007e44000] with protection modes 0
Event: 7.518 Thread 0x00007f80ec35b800 Thread added: 0x00007f80ec35b800
Event: 7.518 Protecting memory [0x0000700007e40000,0x0000700007e44000] with protection modes 3
Event: 7.518 Thread 0x00007f80ec35b800 Thread exited: 0x00007f80ec35b800


Dynamic libraries:
0x00007fff668dc000 	/usr/lib/libz.1.dylib
0x000000010766b000 	/Library/Java/JavaVirtualMachines/jdk-13.0.2.jdk/Contents/Home/lib/libjli.dylib
0x00007fff2f2da000 	/System/Library/Frameworks/Cocoa.framework/Versions/A/Cocoa
0x00007fff3c881000 	/System/Library/Frameworks/Security.framework/Versions/A/Security
0x00007fff2e280000 	/System/Library/Frameworks/ApplicationServices.framework/Versions/A/ApplicationServices
0x00007fff643e4000 	/usr/lib/libSystem.B.dylib
0x00007fff67353000 	/usr/lib/system/libcache.dylib
0x00007fff67359000 	/usr/lib/system/libcommonCrypto.dylib
0x00007fff67365000 	/usr/lib/system/libcompiler_rt.dylib
0x00007fff6736d000 	/usr/lib/system/libcopyfile.dylib
0x00007fff67377000 	/usr/lib/system/libcorecrypto.dylib
0x00007fff67525000 	/usr/lib/system/libdispatch.dylib
0x00007fff67567000 	/usr/lib/system/libdyld.dylib
0x00007fff6759d000 	/usr/lib/system/libkeymgr.dylib
0x00007fff675ab000 	/usr/lib/system/liblaunch.dylib
0x00007fff675ac000 	/usr/lib/system/libmacho.dylib
0x00007fff675b2000 	/usr/lib/system/libquarantine.dylib
0x00007fff675b5000 	/usr/lib/system/libremovefile.dylib
0x00007fff675b7000 	/usr/lib/system/libsystem_asl.dylib
0x00007fff675cf000 	/usr/lib/system/libsystem_blocks.dylib
0x00007fff675d0000 	/usr/lib/system/libsystem_c.dylib
0x00007fff67658000 	/usr/lib/system/libsystem_configuration.dylib
0x00007fff6765c000 	/usr/lib/system/libsystem_coreservices.dylib
0x00007fff67660000 	/usr/lib/system/libsystem_darwin.dylib
0x00007fff67668000 	/usr/lib/system/libsystem_dnssd.dylib
0x00007fff67670000 	/usr/lib/system/libsystem_featureflags.dylib
0x00007fff67672000 	/usr/lib/system/libsystem_info.dylib
0x00007fff676ed000 	/usr/lib/system/libsystem_m.dylib
0x00007fff67735000 	/usr/lib/system/libsystem_malloc.dylib
0x00007fff6775d000 	/usr/lib/system/libsystem_networkextension.dylib
0x00007fff6776b000 	/usr/lib/system/libsystem_notify.dylib
0x00007fff6778a000 	/usr/lib/system/libsystem_sandbox.dylib
0x00007fff6778f000 	/usr/lib/system/libsystem_secinit.dylib
0x00007fff676c0000 	/usr/lib/system/libsystem_kernel.dylib
0x00007fff67775000 	/usr/lib/system/libsystem_platform.dylib
0x00007fff6777f000 	/usr/lib/system/libsystem_pthread.dylib
0x00007fff67792000 	/usr/lib/system/libsystem_symptoms.dylib
0x00007fff6779a000 	/usr/lib/system/libsystem_trace.dylib
0x00007fff677b2000 	/usr/lib/system/libunwind.dylib
0x00007fff677b8000 	/usr/lib/system/libxpc.dylib
0x00007fff66207000 	/usr/lib/libobjc.A.dylib
0x00007fff64716000 	/usr/lib/libc++abi.dylib
0x00007fff646c2000 	/usr/lib/libc++.1.dylib
0x00007fff3023f000 	/System/Library/Frameworks/CoreFoundation.framework/Versions/A/CoreFoundation
0x00007fff328fa000 	/System/Library/Frameworks/Foundation.framework/Versions/C/Foundation
0x00007fff2d484000 	/System/Library/Frameworks/AppKit.framework/Versions/C/AppKit
0x00007fff2fd59000 	/System/Library/Frameworks/CoreData.framework/Versions/A/CoreData
0x00007fff60c95000 	/System/Library/PrivateFrameworks/UIFoundation.framework/Versions/A/UIFoundation
0x00007fff5b535000 	/System/Library/PrivateFrameworks/RemoteViewServices.framework/Versions/A/RemoteViewServices
0x00007fff63715000 	/System/Library/PrivateFrameworks/XCTTargetBootstrap.framework/Versions/A/XCTTargetBootstrap
0x00007fff30134000 	/System/Library/Frameworks/CoreDisplay.framework/Versions/A/CoreDisplay
0x00007fff35632000 	/System/Library/Frameworks/Metal.framework/Versions/A/Metal
0x00007fff49aa2000 	/System/Library/PrivateFrameworks/DesktopServicesPriv.framework/Versions/A/DesktopServicesPriv
0x00007fff654ff000 	/usr/lib/liblangid.dylib
0x00007fff48bfe000 	/System/Library/PrivateFrameworks/CoreSVG.framework/Versions/A/CoreSVG
0x00007fff5e265000 	/System/Library/PrivateFrameworks/SkyLight.framework/Versions/A/SkyLight
0x00007fff306c0000 	/System/Library/Frameworks/CoreGraphics.framework/Versions/A/CoreGraphics
0x00007fff2c025000 	/System/Library/Frameworks/Accelerate.framework/Versions/A/Accelerate
0x00007fff667cd000 	/usr/lib/libxml2.2.dylib
0x00007fff5466d000 	/System/Library/PrivateFrameworks/IconServices.framework/Versions/A/IconServices
0x00007fff330b8000 	/System/Library/Frameworks/IOSurface.framework/Versions/A/IOSurface
0x00007fff63f1d000 	/usr/lib/libDiagnosticMessagesClient.dylib
0x00007fff4991c000 	/System/Library/PrivateFrameworks/DFRFoundation.framework/Versions/A/DFRFoundation
0x00007fff6528d000 	/usr/lib/libicucore.A.dylib
0x00007fff2e5b2000 	/System/Library/Frameworks/AudioToolbox.framework/Versions/A/AudioToolbox
0x00007fff2e694000 	/System/Library/Frameworks/AudioUnit.framework/Versions/A/AudioUnit
0x00007fff645e6000 	/usr/lib/libauto.dylib
0x00007fff4999c000 	/System/Library/PrivateFrameworks/DataDetectorsCore.framework/Versions/A/DataDetectorsCore
0x00007fff2edfb000 	/System/Library/Frameworks/Carbon.framework/Versions/A/Frameworks/HIToolbox.framework/Versions/A/HIToolbox
0x00007fff3ba79000 	/System/Library/Frameworks/QuartzCore.framework/Versions/A/QuartzCore
0x00007fff2f13a000 	/System/Library/Frameworks/Carbon.framework/Versions/A/Frameworks/SpeechRecognition.framework/Versions/A/SpeechRecognition
0x00007fff4929e000 	/System/Library/PrivateFrameworks/CoreUI.framework/Versions/A/CoreUI
0x00007fff2f7bf000 	/System/Library/Frameworks/CoreAudio.framework/Versions/A/CoreAudio
0x00007fff325c7000 	/System/Library/Frameworks/DiskArbitration.framework/Versions/A/DiskArbitration
0x00007fff56753000 	/System/Library/PrivateFrameworks/MultitouchSupport.framework/Versions/A/MultitouchSupport
0x00007fff65158000 	/usr/lib/libenergytrace.dylib
0x00007fff33013000 	/System/Library/Frameworks/IOKit.framework/Versions/A/IOKit
0x00007fff31626000 	/System/Library/Frameworks/CoreServices.framework/Versions/A/CoreServices
0x00007fff587a8000 	/System/Library/PrivateFrameworks/PerformanceAnalysis.framework/Versions/A/PerformanceAnalysis
0x00007fff3aab1000 	/System/Library/Frameworks/OpenGL.framework/Versions/A/OpenGL
0x00007fff2f2e8000 	/System/Library/Frameworks/ColorSync.framework/Versions/A/ColorSync
0x00007fff30d47000 	/System/Library/Frameworks/CoreImage.framework/Versions/A/CoreImage
0x00007fff3209a000 	/System/Library/Frameworks/CoreText.framework/Versions/A/CoreText
0x00007fff3313b000 	/System/Library/Frameworks/ImageIO.framework/Versions/A/ImageIO
0x00007fff6473e000 	/usr/lib/libcompression.dylib
0x00007fff6425e000 	/usr/lib/libMobileGestalt.dylib
0x00007fff5fd88000 	/System/Library/PrivateFrameworks/TextureIO.framework/Versions/A/TextureIO
0x00007fff6454c000 	/usr/lib/libate.dylib
0x00007fff54873000 	/System/Library/PrivateFrameworks/InternationalSupport.framework/Versions/A/InternationalSupport
0x00007fff65501000 	/usr/lib/liblzma.5.dylib
0x00007fff65180000 	/usr/lib/libfakelink.dylib
0x00007fff644d9000 	/usr/lib/libarchive.2.dylib
0x00007fff3da95000 	/System/Library/Frameworks/SystemConfiguration.framework/Versions/A/SystemConfiguration
0x00007fff63e4e000 	/usr/lib/libCRFSuite.dylib
0x00007fff2ea0a000 	/System/Library/Frameworks/CFNetwork.framework/Versions/A/CFNetwork
0x00007fff646a4000 	/usr/lib/libbsm.0.dylib
0x00007fff6759e000 	/usr/lib/system/libkxld.dylib
0x00007fff4349b000 	/System/Library/PrivateFrameworks/AppleFSCompression.framework/Versions/A/AppleFSCompression
0x00007fff64a17000 	/usr/lib/libcoretls.dylib
0x00007fff64a2e000 	/usr/lib/libcoretls_cfhelpers.dylib
0x00007fff6624b000 	/usr/lib/libpam.2.dylib
0x00007fff6637a000 	/usr/lib/libsqlite3.dylib
0x00007fff667ba000 	/usr/lib/libxar.1.dylib
0x00007fff646b5000 	/usr/lib/libbz2.1.0.dylib
0x00007fff6519c000 	/usr/lib/libiconv.2.dylib
0x00007fff6472b000 	/usr/lib/libcharset.1.dylib
0x00007fff65cf7000 	/usr/lib/libnetwork.dylib
0x00007fff66252000 	/usr/lib/libpcap.A.dylib
0x00007fff6448e000 	/usr/lib/libapple_nghttp2.dylib
0x00007fff319dd000 	/System/Library/Frameworks/CoreServices.framework/Versions/A/Frameworks/FSEvents.framework/Versions/A/FSEvents
0x00007fff316ad000 	/System/Library/Frameworks/CoreServices.framework/Versions/A/Frameworks/CarbonCore.framework/Versions/A/CarbonCore
0x00007fff31c1f000 	/System/Library/Frameworks/CoreServices.framework/Versions/A/Frameworks/Metadata.framework/Versions/A/Metadata
0x00007fff31cb8000 	/System/Library/Frameworks/CoreServices.framework/Versions/A/Frameworks/OSServices.framework/Versions/A/OSServices
0x00007fff31ce6000 	/System/Library/Frameworks/CoreServices.framework/Versions/A/Frameworks/SearchKit.framework/Versions/A/SearchKit
0x00007fff31627000 	/System/Library/Frameworks/CoreServices.framework/Versions/A/Frameworks/AE.framework/Versions/A/AE
0x00007fff319e6000 	/System/Library/Frameworks/CoreServices.framework/Versions/A/Frameworks/LaunchServices.framework/Versions/A/LaunchServices
0x00007fff3198f000 	/System/Library/Frameworks/CoreServices.framework/Versions/A/Frameworks/DictionaryServices.framework/Versions/A/DictionaryServices
0x00007fff31d4e000 	/System/Library/Frameworks/CoreServices.framework/Versions/A/Frameworks/SharedFileList.framework/Versions/A/SharedFileList
0x00007fff36907000 	/System/Library/Frameworks/NetFS.framework/Versions/A/NetFS
0x00007fff56bf3000 	/System/Library/PrivateFrameworks/NetAuth.framework/Versions/A/NetAuth
0x00007fff63ade000 	/System/Library/PrivateFrameworks/login.framework/Versions/A/Frameworks/loginsupport.framework/Versions/A/loginsupport
0x00007fff5f88e000 	/System/Library/PrivateFrameworks/TCC.framework/Versions/A/TCC
0x00007fff47fdc000 	/System/Library/PrivateFrameworks/CoreNLP.framework/Versions/A/CoreNLP
0x00007fff56184000 	/System/Library/PrivateFrameworks/MetadataUtilities.framework/Versions/A/MetadataUtilities
0x00007fff655d9000 	/usr/lib/libmecabra.dylib
0x00007fff65531000 	/usr/lib/libmecab.dylib
0x00007fff65191000 	/usr/lib/libgermantok.dylib
0x00007fff64475000 	/usr/lib/libThaiTokenizer.dylib
0x00007fff63e86000 	/usr/lib/libChineseTokenizer.dylib
0x00007fff2c03d000 	/System/Library/Frameworks/Accelerate.framework/Versions/A/Frameworks/vImage.framework/Versions/A/vImage
0x00007fff2d2df000 	/System/Library/Frameworks/Accelerate.framework/Versions/A/Frameworks/vecLib.framework/Versions/A/vecLib
0x00007fff2d223000 	/System/Library/Frameworks/Accelerate.framework/Versions/A/Frameworks/vecLib.framework/Versions/A/libvMisc.dylib
0x00007fff2d049000 	/System/Library/Frameworks/Accelerate.framework/Versions/A/Frameworks/vecLib.framework/Versions/A/libvDSP.dylib
0x00007fff2c6a9000 	/System/Library/Frameworks/Accelerate.framework/Versions/A/Frameworks/vecLib.framework/Versions/A/libBLAS.dylib
0x00007fff2cc03000 	/System/Library/Frameworks/Accelerate.framework/Versions/A/Frameworks/vecLib.framework/Versions/A/libLAPACK.dylib
0x00007fff2cfa9000 	/System/Library/Frameworks/Accelerate.framework/Versions/A/Frameworks/vecLib.framework/Versions/A/libLinearAlgebra.dylib
0x00007fff2d036000 	/System/Library/Frameworks/Accelerate.framework/Versions/A/Frameworks/vecLib.framework/Versions/A/libSparseBLAS.dylib
0x00007fff2cfbf000 	/System/Library/Frameworks/Accelerate.framework/Versions/A/Frameworks/vecLib.framework/Versions/A/libQuadrature.dylib
0x00007fff2c912000 	/System/Library/Frameworks/Accelerate.framework/Versions/A/Frameworks/vecLib.framework/Versions/A/libBNNS.dylib
0x00007fff2cfc5000 	/System/Library/Frameworks/Accelerate.framework/Versions/A/Frameworks/vecLib.framework/Versions/A/libSparse.dylib
0x00007fff54c32000 	/System/Library/PrivateFrameworks/LanguageModeling.framework/Versions/A/LanguageModeling
0x00007fff47980000 	/System/Library/PrivateFrameworks/CoreEmoji.framework/Versions/A/CoreEmoji
0x00007fff54d4f000 	/System/Library/PrivateFrameworks/LinguisticData.framework/Versions/A/LinguisticData
0x00007fff54d00000 	/System/Library/PrivateFrameworks/Lexicon.framework/Versions/A/Lexicon
0x00007fff6472c000 	/usr/lib/libcmph.dylib
0x00007fff394d7000 	/System/Library/Frameworks/OpenDirectory.framework/Versions/A/Frameworks/CFOpenDirectory.framework/Versions/A/CFOpenDirectory
0x00007fff394f4000 	/System/Library/Frameworks/OpenDirectory.framework/Versions/A/OpenDirectory
0x00007fff41853000 	/System/Library/PrivateFrameworks/APFS.framework/Versions/A/APFS
0x00007fff3cbc6000 	/System/Library/Frameworks/SecurityFoundation.framework/Versions/A/SecurityFoundation
0x00007fff667b6000 	/usr/lib/libutil.dylib
0x00007fff48c56000 	/System/Library/PrivateFrameworks/CoreServicesStore.framework/Versions/A/CoreServicesStore
0x00007fff3cca7000 	/System/Library/Frameworks/ServiceManagement.framework/Versions/A/ServiceManagement
0x00007fff44c36000 	/System/Library/PrivateFrameworks/BackgroundTaskManagement.framework/Versions/A/BackgroundTaskManagement
0x00007fff668b3000 	/usr/lib/libxslt.1.dylib
0x00007fff43af9000 	/System/Library/PrivateFrameworks/AppleSystemInfo.framework/Versions/A/AppleSystemInfo
0x00007fff33356000 	/System/Library/Frameworks/ImageIO.framework/Versions/A/Resources/libJPEG.dylib
0x00007fff33615000 	/System/Library/Frameworks/ImageIO.framework/Versions/A/Resources/libTIFF.dylib
0x00007fff335f8000 	/System/Library/Frameworks/ImageIO.framework/Versions/A/Resources/libPng.dylib
0x00007fff33297000 	/System/Library/Frameworks/ImageIO.framework/Versions/A/Resources/libGIF.dylib
0x00007fff3329b000 	/System/Library/Frameworks/ImageIO.framework/Versions/A/Resources/libJP2.dylib
0x00007fff33613000 	/System/Library/Frameworks/ImageIO.framework/Versions/A/Resources/libRadiance.dylib
0x00007fff65159000 	/usr/lib/libexpat.1.dylib
0x00007fff435f6000 	/System/Library/PrivateFrameworks/AppleJPEG.framework/Versions/A/AppleJPEG
0x00007fff4be6e000 	/System/Library/PrivateFrameworks/FontServices.framework/libFontParser.dylib
0x00007fff62b39000 	/System/Library/PrivateFrameworks/WatchdogClient.framework/Versions/A/WatchdogClient
0x00007fff542c5000 	/System/Library/PrivateFrameworks/IOAccelerator.framework/Versions/A/IOAccelerator
0x00007fff359c0000 	/System/Library/Frameworks/MetalPerformanceShaders.framework/Versions/A/MetalPerformanceShaders
0x00007fff50bbb000 	/System/Library/PrivateFrameworks/GPUWrangler.framework/Versions/A/GPUWrangler
0x00007fff542d0000 	/System/Library/PrivateFrameworks/IOPresentment.framework/Versions/A/IOPresentment
0x00007fff4992e000 	/System/Library/PrivateFrameworks/DSExternalDisplay.framework/Versions/A/DSExternalDisplay
0x00007fff39e5d000 	/System/Library/Frameworks/OpenGL.framework/Versions/A/Libraries/libCoreFSCache.dylib
0x00007fff35711000 	/System/Library/Frameworks/MetalPerformanceShaders.framework/Frameworks/MPSCore.framework/Versions/A/MPSCore
0x00007fff3574e000 	/System/Library/Frameworks/MetalPerformanceShaders.framework/Frameworks/MPSImage.framework/Versions/A/MPSImage
0x00007fff35811000 	/System/Library/Frameworks/MetalPerformanceShaders.framework/Frameworks/MPSNeuralNetwork.framework/Versions/A/MPSNeuralNetwork
0x00007fff357d5000 	/System/Library/Frameworks/MetalPerformanceShaders.framework/Frameworks/MPSMatrix.framework/Versions/A/MPSMatrix
0x00007fff35971000 	/System/Library/Frameworks/MetalPerformanceShaders.framework/Frameworks/MPSRayIntersector.framework/Versions/A/MPSRayIntersector
0x00007fff357fb000 	/System/Library/Frameworks/MetalPerformanceShaders.framework/Frameworks/MPSNDArray.framework/Versions/A/MPSNDArray
0x00007fff561d1000 	/System/Library/PrivateFrameworks/MetalTools.framework/Versions/A/MetalTools
0x00007fff42932000 	/System/Library/PrivateFrameworks/AggregateDictionary.framework/Versions/A/AggregateDictionary
0x00007fff47417000 	/System/Library/PrivateFrameworks/CoreAnalytics.framework/Versions/A/CoreAnalytics
0x00007fff43a17000 	/System/Library/PrivateFrameworks/AppleSauce.framework/Versions/A/AppleSauce
0x00007fff64141000 	/usr/lib/libIOReport.dylib
0x00007fff3224f000 	/System/Library/Frameworks/CoreVideo.framework/Versions/A/CoreVideo
0x00007fff51fa8000 	/System/Library/PrivateFrameworks/GraphVisualizer.framework/Versions/A/GraphVisualizer
0x00007fff4b3f0000 	/System/Library/PrivateFrameworks/FaceCore.framework/Versions/A/FaceCore
0x00007fff3947e000 	/System/Library/Frameworks/OpenCL.framework/Versions/A/OpenCL
0x00007fff63f63000 	/usr/lib/libFosl_dynamic.dylib
0x00007fff575e9000 	/System/Library/PrivateFrameworks/OTSVG.framework/Versions/A/OTSVG
0x00007fff2e385000 	/System/Library/Frameworks/ApplicationServices.framework/Versions/A/Frameworks/ATS.framework/Versions/A/Resources/libFontRegistry.dylib
0x00007fff4c03f000 	/System/Library/PrivateFrameworks/FontServices.framework/libhvf.dylib
0x00007fff39e68000 	/System/Library/Frameworks/OpenGL.framework/Versions/A/Libraries/libGFXShared.dylib
0x00007fff3a045000 	/System/Library/Frameworks/OpenGL.framework/Versions/A/Libraries/libGLU.dylib
0x00007fff39e71000 	/System/Library/Frameworks/OpenGL.framework/Versions/A/Libraries/libGL.dylib
0x00007fff39e7c000 	/System/Library/Frameworks/OpenGL.framework/Versions/A/Libraries/libGLImage.dylib
0x00007fff39e5a000 	/System/Library/Frameworks/OpenGL.framework/Versions/A/Libraries/libCVMSPluginSupport.dylib
0x00007fff39e63000 	/System/Library/Frameworks/OpenGL.framework/Versions/A/Libraries/libCoreVMClient.dylib
0x00007fff65b99000 	/usr/lib/libncurses.5.4.dylib
0x00007fff2e281000 	/System/Library/Frameworks/ApplicationServices.framework/Versions/A/Frameworks/ATS.framework/Versions/A/ATS
0x00007fff2e44e000 	/System/Library/Frameworks/ApplicationServices.framework/Versions/A/Frameworks/ColorSyncLegacy.framework/Versions/A/ColorSyncLegacy
0x00007fff2e4ed000 	/System/Library/Frameworks/ApplicationServices.framework/Versions/A/Frameworks/HIServices.framework/Versions/A/HIServices
0x00007fff2e544000 	/System/Library/Frameworks/ApplicationServices.framework/Versions/A/Frameworks/LangAnalysis.framework/Versions/A/LangAnalysis
0x00007fff2e553000 	/System/Library/Frameworks/ApplicationServices.framework/Versions/A/Frameworks/PrintCore.framework/Versions/A/PrintCore
0x00007fff2e599000 	/System/Library/Frameworks/ApplicationServices.framework/Versions/A/Frameworks/QD.framework/Versions/A/QD
0x00007fff2e5a4000 	/System/Library/Frameworks/ApplicationServices.framework/Versions/A/Frameworks/SpeechSynthesis.framework/Versions/A/SpeechSynthesis
0x00007fff2e41e000 	/System/Library/Frameworks/ApplicationServices.framework/Versions/A/Frameworks/ATSUI.framework/Versions/A/ATSUI
0x00007fff64fed000 	/usr/lib/libcups.2.dylib
0x00007fff34a79000 	/System/Library/Frameworks/Kerberos.framework/Versions/A/Kerberos
0x00007fff32d2e000 	/System/Library/Frameworks/GSS.framework/Versions/A/GSS
0x00007fff66307000 	/usr/lib/libresolv.9.dylib
0x00007fff52149000 	/System/Library/PrivateFrameworks/Heimdal.framework/Versions/A/Heimdal
0x00007fff34a8c000 	/System/Library/Frameworks/Kerberos.framework/Versions/A/Libraries/libHeimdalProxy.dylib
0x00007fff65197000 	/usr/lib/libheimdal-asn1.dylib
0x00007fff468dd000 	/System/Library/PrivateFrameworks/CommonAuth.framework/Versions/A/CommonAuth
0x00007fff43b96000 	/System/Library/PrivateFrameworks/AssertionServices.framework/Versions/A/AssertionServices
0x00007fff4472c000 	/System/Library/PrivateFrameworks/AudioToolboxCore.framework/Versions/A/AudioToolboxCore
0x00007fff63791000 	/System/Library/PrivateFrameworks/caulk.framework/Versions/A/caulk
0x00007fff44ce2000 	/System/Library/PrivateFrameworks/BaseBoard.framework/Versions/A/BaseBoard
0x00007fff5b6c1000 	/System/Library/PrivateFrameworks/RunningBoardServices.framework/Versions/A/RunningBoardServices
0x00007fff587b4000 	/System/Library/PrivateFrameworks/PersistentConnection.framework/Versions/A/PersistentConnection
0x00007fff5b0ce000 	/System/Library/PrivateFrameworks/ProtocolBuffer.framework/Versions/A/ProtocolBuffer
0x00007fff468fa000 	/System/Library/PrivateFrameworks/CommonUtilities.framework/Versions/A/CommonUtilities
0x00007fff44e61000 	/System/Library/PrivateFrameworks/Bom.framework/Versions/A/Bom
0x00007fff63e12000 	/usr/lib/libAudioToolboxUtility.dylib
0x00007fff44c40000 	/System/Library/PrivateFrameworks/Backup.framework/Versions/A/Backup
0x00007fff4969d000 	/System/Library/PrivateFrameworks/CrashReporterSupport.framework/Versions/A/CrashReporterSupport
0x00007fff5d14a000 	/System/Library/PrivateFrameworks/Sharing.framework/Versions/A/Sharing
0x00007fff43343000 	/System/Library/PrivateFrameworks/Apple80211.framework/Versions/A/Apple80211
0x00007fff44968000 	/System/Library/PrivateFrameworks/AuthKit.framework/Versions/A/AuthKit
0x00007fff493cb000 	/System/Library/PrivateFrameworks/CoreUtils.framework/Versions/A/CoreUtils
0x00007fff32294000 	/System/Library/Frameworks/CoreWLAN.framework/Versions/A/CoreWLAN
0x00007fff32e97000 	/System/Library/Frameworks/IOBluetooth.framework/Versions/A/IOBluetooth
0x00007fff564cf000 	/System/Library/PrivateFrameworks/MobileKeyBag.framework/Versions/A/MobileKeyBag
0x00007fff484ac000 	/System/Library/PrivateFrameworks/CorePhoneNumbers.framework/Versions/A/CorePhoneNumbers
0x00007fff435a9000 	/System/Library/PrivateFrameworks/AppleIDAuthSupport.framework/Versions/A/AppleIDAuthSupport
0x00007fff36914000 	/System/Library/Frameworks/Network.framework/Versions/A/Network
0x00007fff54abb000 	/System/Library/PrivateFrameworks/KeychainCircle.framework/Versions/A/KeychainCircle
0x00007fff2fd21000 	/System/Library/Frameworks/CoreBluetooth.framework/Versions/A/CoreBluetooth
0x00007fff5eda4000 	/System/Library/PrivateFrameworks/SpeechRecognitionCore.framework/Versions/A/SpeechRecognitionCore
0x00007fff237ee000 	/System/Library/CoreServices/Encodings/libSimplifiedChineseConverter.dylib
0x0000000108000000 	/Library/Java/JavaVirtualMachines/jdk-13.0.2.jdk/Contents/Home/lib/server/libjvm.dylib
0x0000000107687000 	/Library/Java/JavaVirtualMachines/jdk-13.0.2.jdk/Contents/Home/lib/libverify.dylib
0x0000000107693000 	/Library/Java/JavaVirtualMachines/jdk-13.0.2.jdk/Contents/Home/lib/libjava.dylib
0x00000001076cf000 	/Library/Java/JavaVirtualMachines/jdk-13.0.2.jdk/Contents/Home/lib/libinstrument.dylib
0x0000000107752000 	/Library/Java/JavaVirtualMachines/jdk-13.0.2.jdk/Contents/Home/lib/libzip.dylib
0x0000000107759000 	/Library/Java/JavaVirtualMachines/jdk-13.0.2.jdk/Contents/Home/lib/libjimage.dylib
0x0000000129f73000 	/Library/Java/JavaVirtualMachines/jdk-13.0.2.jdk/Contents/Home/lib/libnio.dylib
0x0000000129f81000 	/Library/Java/JavaVirtualMachines/jdk-13.0.2.jdk/Contents/Home/lib/libnet.dylib
0x00000001077fc000 	/Library/Java/JavaVirtualMachines/jdk-13.0.2.jdk/Contents/Home/lib/libextnet.dylib
0x000000012a02a000 	/Library/Java/JavaVirtualMachines/jdk-13.0.2.jdk/Contents/Home/lib/libawt.dylib
0x000000012a0c0000 	/Library/Java/JavaVirtualMachines/jdk-13.0.2.jdk/Contents/Home/lib/libmlib_image.dylib
0x00007fff34a62000 	/System/Library/Frameworks/JavaVM.framework/Versions/A/Frameworks/JavaNativeFoundation.framework/Versions/A/JavaNativeFoundation
0x00007fff34a6b000 	/System/Library/Frameworks/JavaVM.framework/Versions/A/Frameworks/JavaRuntimeSupport.framework/Versions/A/JavaRuntimeSupport
0x00007fff34a74000 	/System/Library/Frameworks/JavaVM.framework/Versions/A/JavaVM
0x00007fff5491d000 	/System/Library/PrivateFrameworks/JavaLaunching.framework/Versions/A/JavaLaunching
0x00007fff2edf6000 	/System/Library/Frameworks/Carbon.framework/Versions/A/Carbon
0x00007fff4917f000 	/System/Library/PrivateFrameworks/CoreSymbolication.framework/Versions/A/CoreSymbolication
0x00007fff2edf7000 	/System/Library/Frameworks/Carbon.framework/Versions/A/Frameworks/CommonPanels.framework/Versions/A/CommonPanels
0x00007fff2f0f0000 	/System/Library/Frameworks/Carbon.framework/Versions/A/Frameworks/Help.framework/Versions/A/Help
0x00007fff2f0f4000 	/System/Library/Frameworks/Carbon.framework/Versions/A/Frameworks/ImageCapture.framework/Versions/A/ImageCapture
0x00007fff2f0fb000 	/System/Library/Frameworks/Carbon.framework/Versions/A/Frameworks/OpenScripting.framework/Versions/A/OpenScripting
0x00007fff2f0fa000 	/System/Library/Frameworks/Carbon.framework/Versions/A/Frameworks/Ink.framework/Versions/A/Ink
0x00007fff2f136000 	/System/Library/Frameworks/Carbon.framework/Versions/A/Frameworks/Print.framework/Versions/A/Print
0x00007fff2f137000 	/System/Library/Frameworks/Carbon.framework/Versions/A/Frameworks/SecurityHI.framework/Versions/A/SecurityHI
0x00007fff49a63000 	/System/Library/PrivateFrameworks/DebugSymbols.framework/Versions/A/DebugSymbols
0x000000012a126000 	/Library/Java/JavaVirtualMachines/jdk-13.0.2.jdk/Contents/Home/lib/libawt_lwawt.dylib
0x000000012a1d0000 	/Library/Java/JavaVirtualMachines/jdk-13.0.2.jdk/Contents/Home/lib/libosxapp.dylib
0x00007fff327a1000 	/System/Library/Frameworks/ExceptionHandling.framework/Versions/A/ExceptionHandling
0x000000012a1eb000 	/Library/Java/JavaVirtualMachines/jdk-13.0.2.jdk/Contents/Home/lib/libfontmanager.dylib
0x000000012a2e9000 	/Library/Java/JavaVirtualMachines/jdk-13.0.2.jdk/Contents/Home/lib/libfreetype.dylib
0x00007fff48c22000 	/System/Library/PrivateFrameworks/CoreServicesInternal.framework/Versions/A/CoreServicesInternal
0x00007fff327c0000 	/System/Library/Frameworks/FileProvider.framework/Versions/A/FileProvider
0x00007fff2d2e0000 	/System/Library/Frameworks/Accounts.framework/Versions/A/Accounts
0x00007fff50edb000 	/System/Library/PrivateFrameworks/GenerationalStorage.framework/Versions/A/GenerationalStorage
0x00007fff5f5d1000 	/System/Library/PrivateFrameworks/SymptomDiagnosticReporter.framework/Versions/A/SymptomDiagnosticReporter
0x00007fff42e40000 	/System/Library/PrivateFrameworks/AppContainer.framework/Versions/A/AppContainer
0x00007fff66321000 	/usr/lib/libsandbox.1.dylib
0x00007fff61add000 	/System/Library/PrivateFrameworks/UserManagement.framework/Versions/A/UserManagement
0x00007fff45a08000 	/System/Library/PrivateFrameworks/ChunkingLibrary.framework/Versions/A/ChunkingLibrary
0x00007fff42eb1000 	/System/Library/PrivateFrameworks/AppSandbox.framework/Versions/A/AppSandbox
0x00007fff5cfff000 	/System/Library/PrivateFrameworks/SecCodeWrapper.framework/Versions/A/SecCodeWrapper
0x00007fff64227000 	/usr/lib/libMatch.1.dylib
0x00007fff23815000 	/System/Library/CoreServices/RawCamera.bundle/Contents/MacOS/RawCamera
0x00007fff562f9000 	/System/Library/PrivateFrameworks/MobileAsset.framework/Versions/A/MobileAsset
0x00007fff5f47f000 	/System/Library/PrivateFrameworks/StreamingZip.framework/Versions/A/StreamingZip
0x00007fff34ef0000 	/System/Library/Frameworks/MediaToolbox.framework/Versions/A/MediaToolbox
0x00007fff473c7000 	/System/Library/PrivateFrameworks/CoreAVCHD.framework/Versions/A/CoreAVCHD
0x00007fff34e1d000 	/System/Library/Frameworks/MediaAccessibility.framework/Versions/A/MediaAccessibility
0x00007fff556ed000 	/System/Library/PrivateFrameworks/Mangrove.framework/Versions/A/Mangrove
0x00007fff31462000 	/System/Library/Frameworks/CoreMedia.framework/Versions/A/CoreMedia
0x00007fff55948000 	/System/Library/PrivateFrameworks/MediaExperience.framework/Versions/A/MediaExperience
0x00007fff3dd7b000 	/System/Library/Frameworks/VideoToolbox.framework/Versions/A/VideoToolbox
0x00007fff46ff1000 	/System/Library/PrivateFrameworks/CoreAUC.framework/Versions/A/CoreAUC
0x00007fff66378000 	/usr/lib/libspindump.dylib
0x00007fff440d7000 	/System/Library/PrivateFrameworks/AudioResourceArbitration.framework/Versions/A/AudioResourceArbitration
0x00007fff43afd000 	/System/Library/PrivateFrameworks/AppleVA.framework/Versions/A/AppleVA
0x00007fff2c026000 	/System/Library/Frameworks/Accelerate.framework/Versions/A/Frameworks/vImage.framework/Versions/A/Libraries/libCGInterfaces.dylib
0x000000012be07000 	/usr/lib/libobjc-trampolines.dylib
0x00007fff4bfa6000 	/System/Library/PrivateFrameworks/FontServices.framework/libTrueTypeScaler.dylib
0x00007fff28fcf000 	/System/Library/Extensions/AppleIntelKBLGraphicsMTLDriver.bundle/Contents/MacOS/AppleIntelKBLGraphicsMTLDriver
0x00007fff4f513000 	/System/Library/PrivateFrameworks/GPUCompiler.framework/Versions/3902/Libraries/libmetal_timestamp.dylib
0x00007fff628ab000 	/System/Library/PrivateFrameworks/ViewBridge.framework/Versions/A/ViewBridge
0x00007fff3aac1000 	/System/Library/Frameworks/OpenGL.framework/Versions/A/Resources/GLEngine.bundle/GLEngine
0x00007fff39eb2000 	/System/Library/Frameworks/OpenGL.framework/Versions/A/Libraries/libGLProgrammability.dylib
0x00007fff281a6000 	/System/Library/Extensions/AppleIntelKBLGraphicsGLDriver.bundle/Contents/MacOS/AppleIntelKBLGraphicsGLDriver
0x00007fff50baf000 	/System/Library/PrivateFrameworks/GPUSupport.framework/Versions/A/Libraries/libGPUSupportMercury.dylib
0x00007fff3ac3b000 	/System/Library/Frameworks/OpenGL.framework/Versions/A/Resources/GLRendererFloat.bundle/GLRendererFloat
0x00007fff39475000 	/System/Library/Frameworks/OpenCL.framework/Versions/A/Libraries/libcldcpuengine.dylib
0x00007fff64bd2000 	/usr/lib/libcrypto.35.dylib
0x00007fff5ffbd000 	/System/Library/PrivateFrameworks/TrustEvaluationAgent.framework/Versions/A/TrustEvaluationAgent
0x00007fff63ae1000 	/System/Library/PrivateFrameworks/login.framework/Versions/A/login
0x000000012d539000 	/Library/Java/JavaVirtualMachines/jdk-13.0.2.jdk/Contents/Home/lib/libosxui.dylib
0x0000000167117000 	/Users/daliangrun/Library/Caches/JNA/temp/jna9517767113741937109.tmp
0x00000001677ae000 	/Applications/VLC.app/Contents/MacOS/lib/libvlccore.9.dylib
0x00000001671a7000 	/Applications/VLC.app/Contents/MacOS/lib/libvlc.5.dylib
0x000000012d4d8000 	/Applications/VLC.app/Contents/MacOS/plugins/libsyslog_plugin.dylib
0x000000014f2fd000 	/Applications/VLC.app/Contents/MacOS/plugins/libfile_logger_plugin.dylib
0x000000012d4e0000 	/Applications/VLC.app/Contents/MacOS/plugins/libconsole_logger_plugin.dylib
0x000000014fd90000 	/Applications/VLC.app/Contents/MacOS/plugins/libmemory_keystore_plugin.dylib
0x000000016712d000 	/Applications/VLC.app/Contents/MacOS/plugins/libauhal_plugin.dylib
0x00000001671ce000 	/System/Library/Extensions/AppleHDA.kext/Contents/PlugIns/AppleHDAHALPlugIn.bundle/Contents/MacOS/AppleHDAHALPlugIn
0x0000000167d84000 	/Applications/VLC.app/Contents/MacOS/plugins/liblibbluray_plugin.dylib
0x00000001674b0000 	/Applications/VLC.app/Contents/MacOS/plugins/libdvdnav_plugin.dylib
0x0000000153bcc000 	/Applications/VLC.app/Contents/MacOS/plugins/libvdr_plugin.dylib
0x00000001671fe000 	/Applications/VLC.app/Contents/MacOS/plugins/libfilesystem_plugin.dylib
0x00000001674ed000 	/Applications/VLC.app/Contents/MacOS/plugins/libprefetch_plugin.dylib
0x00000001674f7000 	/Applications/VLC.app/Contents/MacOS/plugins/libcache_read_plugin.dylib
0x0000000167500000 	/Applications/VLC.app/Contents/MacOS/plugins/libadf_plugin.dylib
0x0000000167508000 	/Applications/VLC.app/Contents/MacOS/plugins/libinflate_plugin.dylib
0x000000016751a000 	/Applications/VLC.app/Contents/MacOS/plugins/libskiptags_plugin.dylib
0x0000000167522000 	/Applications/VLC.app/Contents/MacOS/plugins/libhds_plugin.dylib
0x000000016752f000 	/Applications/VLC.app/Contents/MacOS/plugins/libdecomp_plugin.dylib
0x0000000167750000 	/Applications/VLC.app/Contents/MacOS/plugins/libplaylist_plugin.dylib
0x0000000167aa2000 	/Applications/VLC.app/Contents/MacOS/plugins/liblua_plugin.dylib
0x0000000167afc000 	/Applications/VLC.app/Contents/MacOS/plugins/libarchive_plugin.dylib
0x0000000167539000 	/Applications/VLC.app/Contents/MacOS/plugins/librecord_plugin.dylib
0x000000016776b000 	/Applications/VLC.app/Contents/MacOS/plugins/libmp4_plugin.dylib
0x0000000167b6c000 	/Applications/VLC.app/Contents/MacOS/plugins/libdav1d_plugin.dylib
0x0000000167c9d000 	/Applications/VLC.app/Contents/MacOS/plugins/libjpeg_plugin.dylib
0x0000000168bc3000 	/Applications/VLC.app/Contents/MacOS/plugins/libpng_plugin.dylib
0x0000000167542000 	/Applications/VLC.app/Contents/MacOS/plugins/libcdg_plugin.dylib
0x0000000168c0e000 	/Applications/VLC.app/Contents/MacOS/plugins/libvideotoolbox_plugin.dylib
0x00007fff434ab000 	/System/Library/PrivateFrameworks/AppleGVA.framework/Versions/A/AppleGVA
0x0000000168eb8000 	/System/Library/Extensions/AppleIntelKBLGraphicsVADriver.bundle/Contents/MacOS/AppleIntelKBLGraphicsVADriver
0x0000000167d77000 	/System/Library/Extensions/AppleIntelKBLGraphicsVAME.bundle/Contents/MacOS/AppleIntelKBLGraphicsVAME
0x000000016abfe000 	/Applications/VLC.app/Contents/MacOS/plugins/libspdif_plugin.dylib
0x000000016ac06000 	/Applications/VLC.app/Contents/MacOS/plugins/libspeex_plugin.dylib
0x000000016ac31000 	/Applications/VLC.app/Contents/MacOS/plugins/libaes3_plugin.dylib
0x000000016ac3a000 	/Applications/VLC.app/Contents/MacOS/plugins/libg711_plugin.dylib
0x000000016ac46000 	/Applications/VLC.app/Contents/MacOS/plugins/libfaad_plugin.dylib
0x000000016ac96000 	/Applications/VLC.app/Contents/MacOS/plugins/libtaglib_plugin.dylib
0x000000016b8ba000 	/Applications/VLC.app/Contents/MacOS/plugins/libfreetype_plugin.dylib
0x000000016bfed000 	/Applications/VLC.app/Contents/MacOS/plugins/libi420_yuy2_sse2_plugin.dylib
0x000000016bff8000 	/Applications/VLC.app/Contents/MacOS/plugins/libi420_yuy2_mmx_plugin.dylib
0x000000016c3d7000 	/Applications/VLC.app/Contents/MacOS/plugins/libi420_nv12_plugin.dylib
0x000000016c48b000 	/Applications/VLC.app/Contents/MacOS/plugins/libswscale_plugin.dylib
0x000000016c59d000 	/Applications/VLC.app/Contents/MacOS/plugins/libi420_rgb_sse2_plugin.dylib
0x0000000151737000 	/Applications/VLC.app/Contents/MacOS/plugins/libi422_yuy2_sse2_plugin.dylib
0x000000016714c000 	/Applications/VLC.app/Contents/MacOS/plugins/libi422_yuy2_mmx_plugin.dylib
0x000000016c5ae000 	/Applications/VLC.app/Contents/MacOS/plugins/libi420_rgb_mmx_plugin.dylib
0x000000016c5bb000 	/Applications/VLC.app/Contents/MacOS/plugins/libyuy2_i422_plugin.dylib
0x000000016c5c3000 	/Applications/VLC.app/Contents/MacOS/plugins/libi420_yuy2_plugin.dylib
0x000000016c5cc000 	/Applications/VLC.app/Contents/MacOS/plugins/libi422_yuy2_plugin.dylib
0x000000016c5d5000 	/Applications/VLC.app/Contents/MacOS/plugins/libyuy2_i420_plugin.dylib
0x000000016c5de000 	/Applications/VLC.app/Contents/MacOS/plugins/libi420_rgb_plugin.dylib
0x000000016c5ea000 	/Applications/VLC.app/Contents/MacOS/plugins/libgrey_yuv_plugin.dylib
0x000000016c5f2000 	/Applications/VLC.app/Contents/MacOS/plugins/libi422_i420_plugin.dylib
0x000000016c607000 	/Applications/VLC.app/Contents/MacOS/plugins/libcvpx_plugin.dylib
0x000000016c617000 	/Applications/VLC.app/Contents/MacOS/plugins/libscale_plugin.dylib
0x000000016c61f000 	/Applications/VLC.app/Contents/MacOS/plugins/libyuvp_plugin.dylib
0x000000016c627000 	/Applications/VLC.app/Contents/MacOS/plugins/libvmem_plugin.dylib
0x000000016c631000 	/Applications/VLC.app/Contents/MacOS/plugins/librv32_plugin.dylib
0x000000016c68d000 	/Applications/VLC.app/Contents/MacOS/plugins/libchain_plugin.dylib
0x000000016b875000 	/Library/Java/JavaVirtualMachines/jdk-13.0.2.jdk/Contents/Home/lib/libjavajpeg.dylib


VM Arguments:
jvm_args: -javaagent:/Applications/IntelliJ IDEA CE.app/Contents/lib/idea_rt.jar=62024:/Applications/IntelliJ IDEA CE.app/Contents/bin -Dfile.encoding=UTF-8 
java_command: org.qmbupt.grp105.UI.main
java_class_path (initial): /Users/daliangrun/Downloads/fitness/Online-Gym/target/classes:/Users/daliangrun/.m2/repository/net/java/dev/jna/jna/5.4.0/jna-5.4.0.jar:/Users/daliangrun/.m2/repository/net/java/dev/jna/jna-platform/5.4.0/jna-platform-5.4.0.jar:/Users/daliangrun/.m2/repository/uk/co/caprica/vlcj/4.4.4/vlcj-4.4.4.jar:/Users/daliangrun/.m2/repository/uk/co/caprica/vlcj-natives/4.1.0/vlcj-natives-4.1.0.jar:/Users/daliangrun/.m2/repository/org/springframework/boot/spring-boot-starter-web/2.2.2.RELEASE/spring-boot-starter-web-2.2.2.RELEASE.jar:/Users/daliangrun/.m2/repository/org/springframework/boot/spring-boot-starter/2.2.2.RELEASE/spring-boot-starter-2.2.2.RELEASE.jar:/Users/daliangrun/.m2/repository/org/springframework/boot/spring-boot/2.2.2.RELEASE/spring-boot-2.2.2.RELEASE.jar:/Users/daliangrun/.m2/repository/org/springframework/boot/spring-boot-autoconfigure/2.2.2.RELEASE/spring-boot-autoconfigure-2.2.2.RELEASE.jar:/Users/daliangrun/.m2/repository/org/springframework/boot/spring-boot-starter-logging/2.2.2.RELEASE/spring-boot-starter-logging-2.2.2.RELEASE.jar:/Users/daliangrun/.m2/repository/ch/qos/logback/logback-classic/1.2.3/logback-classic-1.2.3.jar:/Users/daliangrun/.m2/repository/ch/qos/logback/logback-core/1.2.3/logback-core-1.2.3.jar:/Users/daliangrun/.m2/repository/org/slf4j/slf4j-api/1.7.29/slf4j-api-1.7.29.jar:/Users/daliangrun/.m2/repository/org/apache/logging/log4j/log4j-to-slf4j/2.12.1/log4j-to-slf4j-2.12.1.jar:/Users/daliangrun/.m2/repository/org/apache/logging/log4j/log4j-api/2.12.1/log4j-api-2.12.1.jar:/Users/daliangrun/.m2/repository/org/slf4j/jul-to-slf4j/1.7.29/jul-to-slf4j-1.7.29.jar:/Users/daliangrun/.m2/repository/jakarta/annotation/jakarta.annotation-api/1.3.5/jakarta.annotation-api-1.3.5.jar:/Users/daliangrun/.m2/repository/org/springframework/spring-core/5.2.2.RELEASE/spring-core-5.2.2.RELEASE.jar:/Users/daliangrun/.m2/repository/org/springframework/spring-jcl/5.2.2.RELEASE/spring-jcl-5.2.2.RELEASE.jar:/Users/daliangrun/.m2/rep
Launcher Type: SUN_STANDARD

[Global flags]
     intx CICompilerCount                          = 3                                         {product} {ergonomic}
     uint ConcGCThreads                            = 1                                         {product} {ergonomic}
     uint G1ConcRefinementThreads                  = 4                                         {product} {ergonomic}
   size_t G1HeapRegionSize                         = 1048576                                   {product} {ergonomic}
    uintx GCDrainStackTargetSize                   = 64                                        {product} {ergonomic}
   size_t InitialHeapSize                          = 134217728                                 {product} {ergonomic}
   size_t MarkStackSize                            = 4194304                                   {product} {ergonomic}
   size_t MaxHeapSize                              = 2147483648                                {product} {ergonomic}
   size_t MaxNewSize                               = 1287651328                                {product} {ergonomic}
   size_t MinHeapDeltaBytes                        = 1048576                                   {product} {ergonomic}
   size_t MinHeapSize                              = 8388608                                   {product} {ergonomic}
    uintx NonNMethodCodeHeapSize                   = 5832780                                {pd product} {ergonomic}
    uintx NonProfiledCodeHeapSize                  = 122912730                              {pd product} {ergonomic}
    uintx ProfiledCodeHeapSize                     = 122912730                              {pd product} {ergonomic}
    uintx ReservedCodeCacheSize                    = 251658240                              {pd product} {ergonomic}
     bool SegmentedCodeCache                       = true                                      {product} {ergonomic}
   size_t SoftMaxHeapSize                          = 2147483648                             {manageable} {ergonomic}
     bool UseCompressedClassPointers               = true                                 {lp64_product} {ergonomic}
     bool UseCompressedOops                        = true                                 {lp64_product} {ergonomic}
     bool UseG1GC                                  = true                                      {product} {ergonomic}

Logging:
Log output configuration:
 #0: stdout all=warning uptime,level,tags
 #1: stderr all=off uptime,level,tags

Environment Variables:
PATH=/Users/daliangrun/opt/anaconda3/bin:/Users/daliangrun/opt/anaconda3/condabin:/usr/local/bin:/usr/bin:/bin:/usr/sbin:/sbin:/Library/Apple/usr/bin:/Library/Apple/bin:/Applications/VMware Fusion.app/Contents/Public:/Library/TeX/texbin
SHELL=/bin/zsh

Signal Handlers:
SIGSEGV: [libjvm.dylib+0x77ba40], sa_mask[0]=11111111011111110111111111111111, sa_flags=SA_ONSTACK|SA_RESTART|SA_SIGINFO
SIGBUS: [libjvm.dylib+0x77ba40], sa_mask[0]=11111111011111110111111111111111, sa_flags=SA_RESTART|SA_SIGINFO
SIGFPE: [libjvm.dylib+0x77ba40], sa_mask[0]=11111111011111110111111111111111, sa_flags=SA_RESTART|SA_SIGINFO
SIGPIPE: [libjvm.dylib+0x6221fd], sa_mask[0]=11111111011111110111111111111111, sa_flags=SA_RESTART|SA_SIGINFO
SIGXFSZ: [libjvm.dylib+0x6221fd], sa_mask[0]=11111111011111110111111111111111, sa_flags=SA_RESTART|SA_SIGINFO
SIGILL: [libjvm.dylib+0x77ba40], sa_mask[0]=11111111011111110111111111111111, sa_flags=SA_RESTART|SA_SIGINFO
SIGUSR2: [libjvm.dylib+0x6227e7], sa_mask[0]=00100000000000000000000000000000, sa_flags=SA_RESTART|SA_SIGINFO
SIGHUP: [libjvm.dylib+0x6217d5], sa_mask[0]=11111111011111110111111111111111, sa_flags=SA_RESTART|SA_SIGINFO
SIGINT: [libjvm.dylib+0x6217d5], sa_mask[0]=11111111011111110111111111111111, sa_flags=SA_RESTART|SA_SIGINFO
SIGTERM: [libjvm.dylib+0x6217d5], sa_mask[0]=11111111011111110111111111111111, sa_flags=SA_RESTART|SA_SIGINFO
SIGQUIT: [libjvm.dylib+0x6217d5], sa_mask[0]=11111111011111110111111111111111, sa_flags=SA_RESTART|SA_SIGINFO


---------------  S Y S T E M  ---------------

OS:uname:Darwin 19.0.0 Darwin Kernel Version 19.0.0: Wed Sep 25 20:18:50 PDT 2019; root:xnu-6153.11.26~2/RELEASE_X86_64 x86_64
rlimit: STACK 8192k, CORE 0k, NPROC 1392, NOFILE 10240, AS infinity, DATA infinity, FSIZE infinity
load average:9.11 4.35 5.28

CPU:total 4 (initial active 4) (2 cores per cpu, 2 threads per core) family 6 model 142 stepping 9, cmov, cx8, fxsr, mmx, sse, sse2, sse3, ssse3, sse4.1, sse4.2, popcnt, avx, avx2, aes, clmul, erms, rtm, 3dnowpref, lzcnt, ht, tsc, tscinvbit, bmi1, bmi2, adx, fma

Memory: 4k page, physical 8388608k(61952k free), swap 6291456k(817408k free)

vm_info: Java HotSpot(TM) 64-Bit Server VM (13.0.2+8) for bsd-amd64 JRE (13.0.2+8), built on Dec 11 2019 09:27:08 by "mach5one" with clang 4.2.1 Compatible Apple LLVM 10.0.0 (clang-1000.11.45.5)

END.
