#
# A fatal error has been detected by the Java Runtime Environment:
#
#  SIGSEGV (0xb) at pc=0x00007fff67776d29, pid=8590, tid=165207
#
# JRE version: Java(TM) SE Runtime Environment (13.0.2+8) (build 13.0.2+8)
# Java VM: Java HotSpot(TM) 64-Bit Server VM (13.0.2+8, mixed mode, sharing, tiered, compressed oops, g1 gc, bsd-amd64)
# Problematic frame:
# C  [libsystem_platform.dylib+0x1d29]  _platform_memmove$VARIANT$Haswell+0x29
#
# No core dump will be written. Core dumps have been disabled. To enable core dumping, try "ulimit -c unlimited" before starting Java again
#
# If you would like to submit a bug report, please visit:
#   http://bugreport.java.com/bugreport/crash.jsp
#

---------------  S U M M A R Y ------------

Command Line: -javaagent:/Applications/IntelliJ IDEA CE.app/Contents/lib/idea_rt.jar=57705:/Applications/IntelliJ IDEA CE.app/Contents/bin -Dfile.encoding=UTF-8 org.qmbupt.grp105.UI.main

Host: MacBookPro14,1 x86_64 2300 MHz, 4 cores, 8G, Darwin 19.0.0
Time: Fri Apr 23 09:48:54 2021 CST elapsed time: 12 seconds (0d 0h 0m 12s)

---------------  T H R E A D  ---------------

Current thread is native thread

Stack: [0x000070000f429000,0x000070000f529000],  sp=0x000070000f5288d0,  free space=1022k
Native frames: (J=compiled Java code, A=aot compiled Java code, j=interpreted, Vv=VM code, C=native code)
C  [libsystem_platform.dylib+0x1d29]  _platform_memmove$VARIANT$Haswell+0x29


siginfo: si_signo: 11 (SIGSEGV), si_code: 1 (SEGV_MAPERR), si_addr: 0x0000000000000000

Register to memory mapping:

RAX=0x0 is NULL
RBX=0x0 is NULL
RCX=
[error occurred during error reporting (printing register info), id 0xb, SIGSEGV (0xb) at pc=0x0000000108931616]

Registers:
RAX=0x0000000000000000, RBX=0x0000000000000000, RCX=0x0000000000320000, RDX=0x0000000000320000
RSP=0x000070000f5288d0, RBP=0x000070000f5288d0, RSI=0x000000016958e000, RDI=0x0000000000000000
R8 =0x00007f9f3762aa30, R9 =0x0000000000000001, R10=0x0000000000000004, R11=0xfffffffe96a72000
R12=0x0000000000001400, R13=0x0000000000000000, R14=0x0000000000000280, R15=0x00007f9f3762ab20
RIP=0x00007fff67776d29, EFLAGS=0x0000000000010206, ERR=0x0000000000000006
  TRAPNO=0x000000000000000e

Top of Stack: (sp=0x000070000f5288d0)
0x000070000f5288d0:   00007f9f3762ab20 000000016c992fd3
0x000070000f5288e0:   00007f9f3762a980 00007f9f3762ab20
0x000070000f5288f0:   0000000000000000 00007f9f373d8b80
0x000070000f528900:   00007f9f374f3630 0000000000000000
0x000070000f528910:   00007f9f3762a980 00007f9f3762ab20
0x000070000f528920:   00007f9f375142d0 00000001692538f4
0x000070000f528930:   0000000000000000 000000016c9cc470
0x000070000f528940:   000000016c9ca696 000000016c99faec
0x000070000f528950:   000070000f5289c0 00007fff677397b7
0x000070000f528960:   0000000000000000 0000000000000000
0x000070000f528970:   0000000000000000 0000140000000280
0x000070000f528980:   000000016c9cc470 0000000000000000
0x000070000f528990:   000000016c9ca696 0000000000000000
0x000070000f5289a0:   000000016c99faec 0000000000000000
0x000070000f5289b0:   000070000f5289c0 0000000000000000
0x000070000f5289c0:   00007f9f374f3630 925d71478a1e00d0
0x000070000f5289d0:   00007f9f347a3918 0000000000000000
0x000070000f5289e0:   00007f9f3762a980 000000016c9762c9
0x000070000f5289f0:   0000700000000000 000000016c9c6e0b
0x000070000f528a00:   0f528b0101008ab0 00007f9f347a3918
0x000070000f528a10:   0000000000000000 00007f9f375142d0
0x000070000f528a20:   00007f9f347a38f0 000070000f528a20
0x000070000f528a30:   000000016c9c6c76 00007f9f347a3920
0x000070000f528a40:   00007f9f374f3668 00007f9f347a3901
0x000070000f528a50:   000000016c9cc470 0000000000000000
0x000070000f528a60:   000005004e505643 0000000000000280
0x000070000f528a70:   0000050000000000 0000001800000280
0x000070000f528a80:   0000000100000001 0000000100000018
0x000070000f528a90:   0000000000000000 0000000000000000
0x000070000f528aa0:   0000000000000000 0000000000000000
0x000070000f528ab0:   0000000000000000 0000000000000000
0x000070000f528ac0:   0000000300000000 0000000200000005 

Instructions: (pc=0x00007fff67776d29)
0x00007fff67776c29:   ce c4 2c 48 85 db 74 87 4c 89 f8 f0 48 0f c1 03
0x00007fff67776c39:   4c 01 f8 49 8b 4d 00 48 8d 4c 09 f0 48 39 c8 0f
0x00007fff67776c49:   87 6a ff ff ff 48 8d 44 03 10 4c 29 f8 48 83 c4
0x00007fff67776c59:   08 5b 41 5c 41 5d 41 5e 41 5f 5d c3 48 98 48 8d
0x00007fff67776c69:   0d 3a 63 00 00 48 89 0d 13 ce c4 2c 48 89 05 3c
0x00007fff67776c79:   ce c4 2c 0f 0b 48 8d 05 7f 5e 00 00 48 89 47 08
0x00007fff67776c89:   c7 47 10 ff ff ff ff c3 48 b8 40 00 e0 ff ff 7f
0x00007fff67776c99:   00 00 8b 00 3d eb 5e 3b 57 7e 1d 3d ec 5e 3b 57
0x00007fff67776ca9:   74 0e 3d bc 4f ea 78 74 25 3d d2 4c 5a 6b 75 16
0x00007fff67776cb9:   48 8d 05 00 29 00 00 c3 3d 35 e8 65 1f 74 17 3d
0x00007fff67776cc9:   8c b7 90 54 74 ea 48 8d 05 2a 00 00 00 c3 48 8d
0x00007fff67776cd9:   05 e2 47 00 00 c3 48 8d 05 9a 28 00 00 c3 90 90
0x00007fff67776ce9:   90 90 90 90 90 90 90 90 90 90 90 90 90 90 90 90
0x00007fff67776cf9:   90 90 90 90 90 90 90 55 48 89 e5 49 89 fb 49 29
0x00007fff67776d09:   f3 48 89 f8 49 39 d3 72 1b 48 83 fa 60 76 2f 48
0x00007fff67776d19:   81 fa 00 40 00 00 0f 82 cb 00 00 00 48 89 d1 fc
0x00007fff67776d29:   f3 a4 5d c3 48 39 fe 74 f9 48 01 d6 48 01 d7 48
0x00007fff67776d39:   83 fa 60 0f 82 8c 01 00 00 e9 a9 01 00 00 48 83
0x00007fff67776d49:   fa 10 76 56 c5 f8 10 4c 16 f0 48 83 ea 20 76 2a
0x00007fff67776d59:   c5 fc 10 06 c5 fc 11 07 48 83 c6 20 48 83 c7 20
0x00007fff67776d69:   48 83 ea 20 72 14 c5 fc 10 06 c5 fc 11 07 48 83
0x00007fff67776d79:   c6 20 48 83 c7 20 48 83 ea 20 48 83 c2 10 7e 0c
0x00007fff67776d89:   c5 f8 10 06 c5 f8 11 07 c5 f8 57 c0 c5 f8 11 0c
0x00007fff67776d99:   17 c5 f0 57 c9 5d c5 f8 77 c3 48 83 ea 08 72 10
0x00007fff67776da9:   48 8b 0e 4c 8b 04 16 48 89 0f 4c 89 04 17 5d c3
0x00007fff67776db9:   48 83 c2 08 74 25 4d 31 c0 42 8a 0c 06 42 88 0c
0x00007fff67776dc9:   07 48 83 ea 01 74 14 42 8a 4c 06 01 42 88 4c 07
0x00007fff67776dd9:   01 49 83 c0 02 48 83 ea 01 75 de 5d c3 66 2e 0f
0x00007fff67776de9:   1f 84 00 00 00 00 00 c5 fc 10 06 48 83 c7 20 48
0x00007fff67776df9:   83 e7 e0 48 89 f9 48 29 c1 48 01 ce 48 29 ca c5
0x00007fff67776e09:   fc 10 0e c5 fc 11 00 c5 fc 57 c0 c5 fc 10 56 20
0x00007fff67776e19:   48 83 c6 40 48 81 ea 80 00 00 00 76 5a 48 f7 c6 


Stack slot to memory mapping:
stack at sp + 0 slots: 
[error occurred during error reporting (inspecting top of stack), id 0xb, SIGSEGV (0xb) at pc=0x0000000108931616]


---------------  P R O C E S S  ---------------

VM state:not at safepoint (normal execution)

VM Mutex/Monitor currently owned by a thread: None

Heap address: 0x0000000780000000, size: 2048 MB, Compressed Oops mode: Zero based, Oop shift amount: 3
Narrow klass base: 0x0000000800000000, Narrow klass shift: 3
Compressed class space size: 1073741824 Address: 0x0000000800ae0000

Heap:
 garbage-first heap   total 133120K, used 62384K [0x0000000780000000, 0x0000000800000000)
  region size 1024K, 4 young (4096K), 2 survivors (2048K)
 Metaspace       used 17223K, capacity 17743K, committed 17920K, reserved 1064960K
  class space    used 2129K, capacity 2291K, committed 2304K, reserved 1048576K
Heap Regions: E=young(eden), S=young(survivor), O=old, HS=humongous(starts), HC=humongous(continues), CS=collection set, F=free, A=archive, TAMS=top-at-mark-start (previous, next)
|   0|0x0000000780000000, 0x0000000780100000, 0x0000000780100000|100%| O|  |TAMS 0x0000000780100000, 0x0000000780000000| Untracked 
|   1|0x0000000780100000, 0x0000000780200000, 0x0000000780200000|100%| O|  |TAMS 0x0000000780200000, 0x0000000780100000| Untracked 
|   2|0x0000000780200000, 0x0000000780300000, 0x0000000780300000|100%| O|  |TAMS 0x0000000780300000, 0x0000000780200000| Untracked 
|   3|0x0000000780300000, 0x0000000780400000, 0x0000000780400000|100%| O|  |TAMS 0x0000000780400000, 0x0000000780300000| Untracked 
|   4|0x0000000780400000, 0x0000000780500000, 0x0000000780500000|100%| O|  |TAMS 0x0000000780500000, 0x0000000780400000| Untracked 
|   5|0x0000000780500000, 0x0000000780600000, 0x0000000780600000|100%|HS|  |TAMS 0x0000000780600000, 0x0000000780500000| Complete 
|   6|0x0000000780600000, 0x0000000780700000, 0x0000000780700000|100%|HC|  |TAMS 0x0000000780700000, 0x0000000780600000| Complete 
|   7|0x0000000780700000, 0x0000000780800000, 0x0000000780800000|100%|HC|  |TAMS 0x0000000780800000, 0x0000000780700000| Complete 
|   8|0x0000000780800000, 0x0000000780900000, 0x0000000780900000|100%|HC|  |TAMS 0x0000000780900000, 0x0000000780800000| Complete 
|   9|0x0000000780900000, 0x0000000780a00000, 0x0000000780a00000|100%|HC|  |TAMS 0x0000000780a00000, 0x0000000780900000| Complete 
|  10|0x0000000780a00000, 0x0000000780b00000, 0x0000000780b00000|100%|HC|  |TAMS 0x0000000780b00000, 0x0000000780a00000| Complete 
|  11|0x0000000780b00000, 0x0000000780c00000, 0x0000000780c00000|100%|HC|  |TAMS 0x0000000780c00000, 0x0000000780b00000| Complete 
|  12|0x0000000780c00000, 0x0000000780d00000, 0x0000000780d00000|100%|HC|  |TAMS 0x0000000780d00000, 0x0000000780c00000| Complete 
|  13|0x0000000780d00000, 0x0000000780e00000, 0x0000000780e00000|100%|HC|  |TAMS 0x0000000780e00000, 0x0000000780d00000| Complete 
|  14|0x0000000780e00000, 0x0000000780f00000, 0x0000000780f00000|100%|HC|  |TAMS 0x0000000780f00000, 0x0000000780e00000| Complete 
|  15|0x0000000780f00000, 0x0000000781000000, 0x0000000781000000|100%|HS|  |TAMS 0x0000000781000000, 0x0000000780f00000| Complete 
|  16|0x0000000781000000, 0x0000000781100000, 0x0000000781100000|100%|HC|  |TAMS 0x0000000781100000, 0x0000000781000000| Complete 
|  17|0x0000000781100000, 0x0000000781200000, 0x0000000781200000|100%|HS|  |TAMS 0x0000000781200000, 0x0000000781100000| Complete 
|  18|0x0000000781200000, 0x0000000781300000, 0x0000000781300000|100%|HC|  |TAMS 0x0000000781300000, 0x0000000781200000| Complete 
|  19|0x0000000781300000, 0x0000000781400000, 0x0000000781400000|100%|HC|  |TAMS 0x0000000781400000, 0x0000000781300000| Complete 
|  20|0x0000000781400000, 0x0000000781500000, 0x0000000781500000|100%|HC|  |TAMS 0x0000000781500000, 0x0000000781400000| Complete 
|  21|0x0000000781500000, 0x0000000781600000, 0x0000000781600000|100%|HC|  |TAMS 0x0000000781600000, 0x0000000781500000| Complete 
|  22|0x0000000781600000, 0x0000000781700000, 0x0000000781700000|100%|HC|  |TAMS 0x0000000781700000, 0x0000000781600000| Complete 
|  23|0x0000000781700000, 0x0000000781800000, 0x0000000781800000|100%|HS|  |TAMS 0x0000000781800000, 0x0000000781700000| Complete 
|  24|0x0000000781800000, 0x0000000781900000, 0x0000000781900000|100%|HC|  |TAMS 0x0000000781900000, 0x0000000781800000| Complete 
|  25|0x0000000781900000, 0x0000000781a00000, 0x0000000781a00000|100%|HC|  |TAMS 0x0000000781a00000, 0x0000000781900000| Complete 
|  26|0x0000000781a00000, 0x0000000781b00000, 0x0000000781b00000|100%|HC|  |TAMS 0x0000000781b00000, 0x0000000781a00000| Complete 
|  27|0x0000000781b00000, 0x0000000781c00000, 0x0000000781c00000|100%|HS|  |TAMS 0x0000000781c00000, 0x0000000781b00000| Complete 
|  28|0x0000000781c00000, 0x0000000781c73a00, 0x0000000781d00000| 45%| O|  |TAMS 0x0000000781c73a00, 0x0000000781c00000| Untracked 
|  29|0x0000000781d00000, 0x0000000781e00000, 0x0000000781e00000|100%|HS|  |TAMS 0x0000000781e00000, 0x0000000781d00000| Complete 
|  30|0x0000000781e00000, 0x0000000781f00000, 0x0000000781f00000|100%|HS|  |TAMS 0x0000000781f00000, 0x0000000781e00000| Complete 
|  31|0x0000000781f00000, 0x0000000781f00000, 0x0000000782000000|  0%| F|  |TAMS 0x0000000781f00000, 0x0000000781f00000| Untracked 
|  32|0x0000000782000000, 0x0000000782100000, 0x0000000782100000|100%|HS|  |TAMS 0x0000000782100000, 0x0000000782000000| Complete 
|  33|0x0000000782100000, 0x0000000782200000, 0x0000000782200000|100%|HC|  |TAMS 0x0000000782200000, 0x0000000782100000| Complete 
|  34|0x0000000782200000, 0x0000000782300000, 0x0000000782300000|100%|HC|  |TAMS 0x0000000782300000, 0x0000000782200000| Complete 
|  35|0x0000000782300000, 0x0000000782400000, 0x0000000782400000|100%|HC|  |TAMS 0x0000000782400000, 0x0000000782300000| Complete 
|  36|0x0000000782400000, 0x0000000782500000, 0x0000000782500000|100%|HC|  |TAMS 0x0000000782500000, 0x0000000782400000| Complete 
|  37|0x0000000782500000, 0x0000000782600000, 0x0000000782600000|100%|HC|  |TAMS 0x0000000782600000, 0x0000000782500000| Complete 
|  38|0x0000000782600000, 0x0000000782700000, 0x0000000782700000|100%|HC|  |TAMS 0x0000000782700000, 0x0000000782600000| Complete 
|  39|0x0000000782700000, 0x0000000782800000, 0x0000000782800000|100%|HS|  |TAMS 0x0000000782700000, 0x0000000782700000| Complete 
|  40|0x0000000782800000, 0x0000000782900000, 0x0000000782900000|100%|HC|  |TAMS 0x0000000782800000, 0x0000000782800000| Complete 
|  41|0x0000000782900000, 0x0000000782a00000, 0x0000000782a00000|100%|HC|  |TAMS 0x0000000782900000, 0x0000000782900000| Complete 
|  42|0x0000000782a00000, 0x0000000782b00000, 0x0000000782b00000|100%|HC|  |TAMS 0x0000000782a00000, 0x0000000782a00000| Complete 
|  43|0x0000000782b00000, 0x0000000782b00000, 0x0000000782c00000|  0%| F|  |TAMS 0x0000000782b00000, 0x0000000782b00000| Untracked 
|  44|0x0000000782c00000, 0x0000000782d00000, 0x0000000782d00000|100%|HS|  |TAMS 0x0000000782d00000, 0x0000000782c00000| Complete 
|  45|0x0000000782d00000, 0x0000000782e00000, 0x0000000782e00000|100%|HC|  |TAMS 0x0000000782e00000, 0x0000000782d00000| Complete 
|  46|0x0000000782e00000, 0x0000000782f00000, 0x0000000782f00000|100%|HC|  |TAMS 0x0000000782f00000, 0x0000000782e00000| Complete 
|  47|0x0000000782f00000, 0x0000000783000000, 0x0000000783000000|100%|HC|  |TAMS 0x0000000783000000, 0x0000000782f00000| Complete 
|  48|0x0000000783000000, 0x0000000783100000, 0x0000000783100000|100%|HS|  |TAMS 0x0000000783100000, 0x0000000783000000| Complete 
|  49|0x0000000783100000, 0x0000000783200000, 0x0000000783200000|100%|HC|  |TAMS 0x0000000783200000, 0x0000000783100000| Complete 
|  50|0x0000000783200000, 0x0000000783200000, 0x0000000783300000|  0%| F|  |TAMS 0x0000000783200000, 0x0000000783200000| Untracked 
|  51|0x0000000783300000, 0x0000000783300000, 0x0000000783400000|  0%| F|  |TAMS 0x0000000783300000, 0x0000000783300000| Untracked 
|  52|0x0000000783400000, 0x0000000783500000, 0x0000000783500000|100%|HS|  |TAMS 0x0000000783500000, 0x0000000783400000| Complete 
|  53|0x0000000783500000, 0x0000000783600000, 0x0000000783600000|100%|HC|  |TAMS 0x0000000783600000, 0x0000000783500000| Complete 
|  54|0x0000000783600000, 0x0000000783700000, 0x0000000783700000|100%|HC|  |TAMS 0x0000000783700000, 0x0000000783600000| Complete 
|  55|0x0000000783700000, 0x0000000783700000, 0x0000000783800000|  0%| F|  |TAMS 0x0000000783700000, 0x0000000783700000| Untracked 
|  56|0x0000000783800000, 0x0000000783800000, 0x0000000783900000|  0%| F|  |TAMS 0x0000000783800000, 0x0000000783800000| Untracked 
|  57|0x0000000783900000, 0x0000000783900000, 0x0000000783a00000|  0%| F|  |TAMS 0x0000000783900000, 0x0000000783900000| Untracked 
|  58|0x0000000783a00000, 0x0000000783a00000, 0x0000000783b00000|  0%| F|  |TAMS 0x0000000783a00000, 0x0000000783a00000| Untracked 
|  59|0x0000000783b00000, 0x0000000783b00000, 0x0000000783c00000|  0%| F|  |TAMS 0x0000000783b00000, 0x0000000783b00000| Untracked 
|  60|0x0000000783c00000, 0x0000000783c00000, 0x0000000783d00000|  0%| F|  |TAMS 0x0000000783c00000, 0x0000000783c00000| Untracked 
|  61|0x0000000783d00000, 0x0000000783d00000, 0x0000000783e00000|  0%| F|  |TAMS 0x0000000783d00000, 0x0000000783d00000| Untracked 
|  62|0x0000000783e00000, 0x0000000783f00000, 0x0000000783f00000|100%|HS|  |TAMS 0x0000000783f00000, 0x0000000783e00000| Complete 
|  63|0x0000000783f00000, 0x0000000784000000, 0x0000000784000000|100%|HC|  |TAMS 0x0000000784000000, 0x0000000783f00000| Complete 
|  64|0x0000000784000000, 0x0000000784100000, 0x0000000784100000|100%|HC|  |TAMS 0x0000000784100000, 0x0000000784000000| Complete 
|  65|0x0000000784100000, 0x0000000784200000, 0x0000000784200000|100%|HC|  |TAMS 0x0000000784200000, 0x0000000784100000| Complete 
|  66|0x0000000784200000, 0x0000000784300000, 0x0000000784300000|100%|HC|  |TAMS 0x0000000784300000, 0x0000000784200000| Complete 
|  67|0x0000000784300000, 0x0000000784400000, 0x0000000784400000|100%|HC|  |TAMS 0x0000000784400000, 0x0000000784300000| Complete 
|  68|0x0000000784400000, 0x0000000784500000, 0x0000000784500000|100%|HC|  |TAMS 0x0000000784500000, 0x0000000784400000| Complete 
|  69|0x0000000784500000, 0x0000000784500000, 0x0000000784600000|  0%| F|  |TAMS 0x0000000784500000, 0x0000000784500000| Untracked 
|  70|0x0000000784600000, 0x0000000784600000, 0x0000000784700000|  0%| F|  |TAMS 0x0000000784600000, 0x0000000784600000| Untracked 
|  71|0x0000000784700000, 0x0000000784700000, 0x0000000784800000|  0%| F|  |TAMS 0x0000000784700000, 0x0000000784700000| Untracked 
|  72|0x0000000784800000, 0x0000000784800000, 0x0000000784900000|  0%| F|  |TAMS 0x0000000784800000, 0x0000000784800000| Untracked 
|  73|0x0000000784900000, 0x0000000784900000, 0x0000000784a00000|  0%| F|  |TAMS 0x0000000784900000, 0x0000000784900000| Untracked 
|  74|0x0000000784a00000, 0x0000000784a00000, 0x0000000784b00000|  0%| F|  |TAMS 0x0000000784a00000, 0x0000000784a00000| Untracked 
|  75|0x0000000784b00000, 0x0000000784b00000, 0x0000000784c00000|  0%| F|  |TAMS 0x0000000784b00000, 0x0000000784b00000| Untracked 
|  76|0x0000000784c00000, 0x0000000784c00000, 0x0000000784d00000|  0%| F|  |TAMS 0x0000000784c00000, 0x0000000784c00000| Untracked 
|  77|0x0000000784d00000, 0x0000000784d00000, 0x0000000784e00000|  0%| F|  |TAMS 0x0000000784d00000, 0x0000000784d00000| Untracked 
|  78|0x0000000784e00000, 0x0000000784e00000, 0x0000000784f00000|  0%| F|  |TAMS 0x0000000784e00000, 0x0000000784e00000| Untracked 
|  79|0x0000000784f00000, 0x0000000784f00000, 0x0000000785000000|  0%| F|  |TAMS 0x0000000784f00000, 0x0000000784f00000| Untracked 
|  80|0x0000000785000000, 0x0000000785000000, 0x0000000785100000|  0%| F|  |TAMS 0x0000000785000000, 0x0000000785000000| Untracked 
|  81|0x0000000785100000, 0x0000000785100000, 0x0000000785200000|  0%| F|  |TAMS 0x0000000785100000, 0x0000000785100000| Untracked 
|  82|0x0000000785200000, 0x0000000785200000, 0x0000000785300000|  0%| F|  |TAMS 0x0000000785200000, 0x0000000785200000| Untracked 
|  83|0x0000000785300000, 0x0000000785300000, 0x0000000785400000|  0%| F|  |TAMS 0x0000000785300000, 0x0000000785300000| Untracked 
|  84|0x0000000785400000, 0x0000000785400000, 0x0000000785500000|  0%| F|  |TAMS 0x0000000785400000, 0x0000000785400000| Untracked 
|  85|0x0000000785500000, 0x0000000785500000, 0x0000000785600000|  0%| F|  |TAMS 0x0000000785500000, 0x0000000785500000| Untracked 
|  86|0x0000000785600000, 0x0000000785600000, 0x0000000785700000|  0%| F|  |TAMS 0x0000000785600000, 0x0000000785600000| Untracked 
|  87|0x0000000785700000, 0x0000000785700000, 0x0000000785800000|  0%| F|  |TAMS 0x0000000785700000, 0x0000000785700000| Untracked 
|  88|0x0000000785800000, 0x0000000785800000, 0x0000000785900000|  0%| F|  |TAMS 0x0000000785800000, 0x0000000785800000| Untracked 
|  89|0x0000000785900000, 0x0000000785900000, 0x0000000785a00000|  0%| F|  |TAMS 0x0000000785900000, 0x0000000785900000| Untracked 
|  90|0x0000000785a00000, 0x0000000785a00000, 0x0000000785b00000|  0%| F|  |TAMS 0x0000000785a00000, 0x0000000785a00000| Untracked 
|  91|0x0000000785b00000, 0x0000000785b00000, 0x0000000785c00000|  0%| F|  |TAMS 0x0000000785b00000, 0x0000000785b00000| Untracked 
|  92|0x0000000785c00000, 0x0000000785c00000, 0x0000000785d00000|  0%| F|  |TAMS 0x0000000785c00000, 0x0000000785c00000| Untracked 
|  93|0x0000000785d00000, 0x0000000785d00000, 0x0000000785e00000|  0%| F|  |TAMS 0x0000000785d00000, 0x0000000785d00000| Untracked 
|  94|0x0000000785e00000, 0x0000000785e00000, 0x0000000785f00000|  0%| F|  |TAMS 0x0000000785e00000, 0x0000000785e00000| Untracked 
|  95|0x0000000785f00000, 0x0000000785f00000, 0x0000000786000000|  0%| F|  |TAMS 0x0000000785f00000, 0x0000000785f00000| Untracked 
|  96|0x0000000786000000, 0x0000000786000000, 0x0000000786100000|  0%| F|  |TAMS 0x0000000786000000, 0x0000000786000000| Untracked 
|  97|0x0000000786100000, 0x0000000786100000, 0x0000000786200000|  0%| F|  |TAMS 0x0000000786100000, 0x0000000786100000| Untracked 
|  98|0x0000000786200000, 0x0000000786200000, 0x0000000786300000|  0%| F|  |TAMS 0x0000000786200000, 0x0000000786200000| Untracked 
|  99|0x0000000786300000, 0x0000000786300000, 0x0000000786400000|  0%| F|  |TAMS 0x0000000786300000, 0x0000000786300000| Untracked 
| 100|0x0000000786400000, 0x0000000786400000, 0x0000000786500000|  0%| F|  |TAMS 0x0000000786400000, 0x0000000786400000| Untracked 
| 101|0x0000000786500000, 0x0000000786500000, 0x0000000786600000|  0%| F|  |TAMS 0x0000000786500000, 0x0000000786500000| Untracked 
| 102|0x0000000786600000, 0x0000000786600000, 0x0000000786700000|  0%| F|  |TAMS 0x0000000786600000, 0x0000000786600000| Untracked 
| 103|0x0000000786700000, 0x0000000786700000, 0x0000000786800000|  0%| F|  |TAMS 0x0000000786700000, 0x0000000786700000| Untracked 
| 104|0x0000000786800000, 0x0000000786800000, 0x0000000786900000|  0%| F|  |TAMS 0x0000000786800000, 0x0000000786800000| Untracked 
| 105|0x0000000786900000, 0x0000000786900000, 0x0000000786a00000|  0%| F|  |TAMS 0x0000000786900000, 0x0000000786900000| Untracked 
| 106|0x0000000786a00000, 0x0000000786a00000, 0x0000000786b00000|  0%| F|  |TAMS 0x0000000786a00000, 0x0000000786a00000| Untracked 
| 107|0x0000000786b00000, 0x0000000786b00000, 0x0000000786c00000|  0%| F|  |TAMS 0x0000000786b00000, 0x0000000786b00000| Untracked 
| 108|0x0000000786c00000, 0x0000000786c00000, 0x0000000786d00000|  0%| F|  |TAMS 0x0000000786c00000, 0x0000000786c00000| Untracked 
| 109|0x0000000786d00000, 0x0000000786d00000, 0x0000000786e00000|  0%| F|  |TAMS 0x0000000786d00000, 0x0000000786d00000| Untracked 
| 110|0x0000000786e00000, 0x0000000786e00000, 0x0000000786f00000|  0%| F|  |TAMS 0x0000000786e00000, 0x0000000786e00000| Untracked 
| 111|0x0000000786f00000, 0x0000000786fba690, 0x0000000787000000| 72%| S|CS|TAMS 0x0000000786f00000, 0x0000000786f00000| Complete 
| 112|0x0000000787000000, 0x0000000787100000, 0x0000000787100000|100%| S|CS|TAMS 0x0000000787000000, 0x0000000787000000| Complete 
| 113|0x0000000787100000, 0x0000000787100000, 0x0000000787200000|  0%| F|  |TAMS 0x0000000787100000, 0x0000000787100000| Untracked 
| 114|0x0000000787200000, 0x0000000787200000, 0x0000000787300000|  0%| F|  |TAMS 0x0000000787200000, 0x0000000787200000| Untracked 
| 115|0x0000000787300000, 0x0000000787300000, 0x0000000787400000|  0%| F|  |TAMS 0x0000000787300000, 0x0000000787300000| Untracked 
| 116|0x0000000787400000, 0x0000000787400000, 0x0000000787500000|  0%| F|  |TAMS 0x0000000787400000, 0x0000000787400000| Untracked 
| 117|0x0000000787500000, 0x0000000787500000, 0x0000000787600000|  0%| F|  |TAMS 0x0000000787500000, 0x0000000787500000| Untracked 
| 118|0x0000000787600000, 0x0000000787600000, 0x0000000787700000|  0%| F|  |TAMS 0x0000000787600000, 0x0000000787600000| Untracked 
| 119|0x0000000787700000, 0x0000000787700000, 0x0000000787800000|  0%| F|  |TAMS 0x0000000787700000, 0x0000000787700000| Untracked 
| 120|0x0000000787800000, 0x0000000787800000, 0x0000000787900000|  0%| F|  |TAMS 0x0000000787800000, 0x0000000787800000| Untracked 
| 121|0x0000000787900000, 0x0000000787900000, 0x0000000787a00000|  0%| F|  |TAMS 0x0000000787900000, 0x0000000787900000| Untracked 
| 122|0x0000000787a00000, 0x0000000787a00000, 0x0000000787b00000|  0%| F|  |TAMS 0x0000000787a00000, 0x0000000787a00000| Untracked 
| 123|0x0000000787b00000, 0x0000000787b00000, 0x0000000787c00000|  0%| F|  |TAMS 0x0000000787b00000, 0x0000000787b00000| Untracked 
| 124|0x0000000787c00000, 0x0000000787c00000, 0x0000000787d00000|  0%| F|  |TAMS 0x0000000787c00000, 0x0000000787c00000| Untracked 
| 125|0x0000000787d00000, 0x0000000787d00000, 0x0000000787e00000|  0%| F|  |TAMS 0x0000000787d00000, 0x0000000787d00000| Untracked 
| 126|0x0000000787e00000, 0x0000000787ecdbe8, 0x0000000787f00000| 80%| E|  |TAMS 0x0000000787e00000, 0x0000000787e00000| Complete 
| 127|0x0000000787f00000, 0x0000000788000000, 0x0000000788000000|100%| E|CS|TAMS 0x0000000787f00000, 0x0000000787f00000| Complete 
|1022|0x00000007bfe00000, 0x00000007bfe47000, 0x00000007bff00000| 27%|OA|  |TAMS 0x00000007bfe47000, 0x00000007bfe00000| Untracked 
|1023|0x00000007bff00000, 0x00000007bff77000, 0x00000007c0000000| 46%|CA|  |TAMS 0x00000007bff77000, 0x00000007bff00000| Untracked 

Card table byte_map: [0x0000000111e96000,0x0000000112296000] _byte_map_base: 0x000000010e296000

Marking Bits (Prev, Next): (CMBitMap*) 0x00007f9f34803258, (CMBitMap*) 0x00007f9f34803218
 Prev Bits: [0x00000001243b9000, 0x00000001263b9000)
 Next Bits: [0x00000001223b9000, 0x00000001243b9000)

Polling page: 0x00000001078d1000

Metaspace:

Usage:
  Non-class:     15.09 MB capacity,    14.74 MB ( 98%) used,   315.56 KB (  2%) free+waste,    42.88 KB ( <1%) overhead. 
      Class:      2.24 MB capacity,     2.08 MB ( 93%) used,   137.74 KB (  6%) free+waste,    23.75 KB (  1%) overhead. 
       Both:     17.33 MB capacity,    16.82 MB ( 97%) used,   453.30 KB (  3%) free+waste,    66.62 KB ( <1%) overhead. 

Virtual space:
  Non-class space:       16.00 MB reserved,      15.25 MB ( 95%) committed 
      Class space:        1.00 GB reserved,       2.25 MB ( <1%) committed 
             Both:        1.02 GB reserved,      17.50 MB (  2%) committed 

Chunk freelists:
   Non-Class:  32.00 KB
       Class:  0 bytes
        Both:  32.00 KB

MaxMetaspaceSize: unlimited
CompressedClassSpaceSize: 1.00 GB

CodeHeap 'non-profiled nmethods': size=120032Kb used=830Kb max_used=830Kb free=119201Kb
 bounds [0x000000011ae81000, 0x000000011b0f1000, 0x00000001223b9000]
CodeHeap 'profiled nmethods': size=120028Kb used=4904Kb max_used=4904Kb free=115123Kb
 bounds [0x000000011394a000, 0x0000000113e1a000, 0x000000011ae81000]
CodeHeap 'non-nmethods': size=5700Kb used=1412Kb max_used=1433Kb free=4287Kb
 bounds [0x00000001133b9000, 0x0000000113629000, 0x000000011394a000]
 total_blobs=3579 nmethods=2200 adapters=639
 compilation: enabled
              stopped_count=0, restarted_count=0
 full_count=0

Compilation events (20 events):
Event: 12.748 Thread 0x00007f9f3506f000 2350   !   3       com.sun.jna.Structure::writeField (427 bytes)
Event: 12.752 Thread 0x00007f9f3506f000 nmethod 2350 0x0000000113e0d290 code [0x0000000113e0da60, 0x0000000113e12018]
Event: 12.752 Thread 0x00007f9f3506f000 2356       3       com.sun.jna.Pointer::share (7 bytes)
Event: 12.753 Thread 0x00007f9f3506f000 nmethod 2356 0x0000000113e13610 code [0x0000000113e137c0, 0x0000000113e13a08]
Event: 12.753 Thread 0x00007f9f3506f000 2351       1       javax.swing.ActionMap::setParent (6 bytes)
Event: 12.753 Thread 0x00007f9f3506f000 nmethod 2351 0x000000011af48b90 code [0x000000011af48d20, 0x000000011af48eb0]
Event: 12.753 Thread 0x00007f9f3506f000 2352       1       javax.swing.ActionMap::getParent (5 bytes)
Event: 12.753 Thread 0x00007f9f3506f000 nmethod 2352 0x000000011af48f10 code [0x000000011af490a0, 0x000000011af491d0]
Event: 12.753 Thread 0x00007f9f3506f000 2355       1       java.awt.Image::getAccelerationPriority (5 bytes)
Event: 12.753 Thread 0x00007f9f3506f000 nmethod 2355 0x000000011af49210 code [0x000000011af493a0, 0x000000011af494d0]
Event: 12.757 Thread 0x00007f9f3506f000 2357       3       javax.swing.text.GapContent::length (17 bytes)
Event: 12.757 Thread 0x00007f9f3506f000 nmethod 2357 0x0000000113e13a90 code [0x0000000113e13c40, 0x0000000113e13f90]
Event: 12.765 Thread 0x00007f9f3506f000 2358       3       java.awt.image.PackedColorModel::countBits (44 bytes)
Event: 12.770 Thread 0x00007f9f3506f000 nmethod 2358 0x0000000113e14090 code [0x0000000113e14240, 0x0000000113e14570]
Event: 12.793 Thread 0x00007f9f3506e000 nmethod 2337 0x000000011af49510 code [0x000000011af49760, 0x000000011af4b080]
Event: 12.794 Thread 0x00007f9f3506e000 2354       4       java.util.WeakHashMap::get (77 bytes)
Event: 12.797 Thread 0x00007f9f3506e000 nmethod 2354 0x000000011af4bf10 code [0x000000011af4c0a0, 0x000000011af4c308]
Event: 12.797 Thread 0x00007f9f3506e000 2345       4       java.util.concurrent.ConcurrentHashMap::get (162 bytes)
Event: 12.800 Thread 0x00007f9f3506e000 nmethod 2345 0x000000011af4c510 code [0x000000011af4c6a0, 0x000000011af4c998]
Event: 12.800 Thread 0x00007f9f3506e000 2341   !   4       com.sun.jna.Native::getLibraryOptions (268 bytes)

GC Heap History (20 events):
Event: 7.810 GC heap before
{Heap before GC invocations=9 (full 0):
 garbage-first heap   total 133120K, used 70592K [0x0000000780000000, 0x0000000800000000)
  region size 1024K, 10 young (10240K), 2 survivors (2048K)
 Metaspace       used 14299K, capacity 14693K, committed 14976K, reserved 1062912K
  class space    used 1754K, capacity 1908K, committed 1920K, reserved 1048576K
}
Event: 7.813 GC heap after
{Heap after GC invocations=10 (full 0):
 garbage-first heap   total 133120K, used 54272K [0x0000000780000000, 0x0000000800000000)
  region size 1024K, 2 young (2048K), 2 survivors (2048K)
 Metaspace       used 14299K, capacity 14693K, committed 14976K, reserved 1062912K
  class space    used 1754K, capacity 1908K, committed 1920K, reserved 1048576K
}
Event: 7.858 GC heap before
{Heap before GC invocations=11 (full 0):
 garbage-first heap   total 133120K, used 67584K [0x0000000780000000, 0x0000000800000000)
  region size 1024K, 9 young (9216K), 2 survivors (2048K)
 Metaspace       used 14299K, capacity 14693K, committed 14976K, reserved 1062912K
  class space    used 1754K, capacity 1908K, committed 1920K, reserved 1048576K
}
Event: 7.861 GC heap after
{Heap after GC invocations=12 (full 0):
 garbage-first heap   total 133120K, used 54156K [0x0000000780000000, 0x0000000800000000)
  region size 1024K, 2 young (2048K), 2 survivors (2048K)
 Metaspace       used 14299K, capacity 14693K, committed 14976K, reserved 1062912K
  class space    used 1754K, capacity 1908K, committed 1920K, reserved 1048576K
}
Event: 7.925 GC heap before
{Heap before GC invocations=13 (full 0):
 garbage-first heap   total 133120K, used 67468K [0x0000000780000000, 0x0000000800000000)
  region size 1024K, 9 young (9216K), 2 survivors (2048K)
 Metaspace       used 14299K, capacity 14693K, committed 14976K, reserved 1062912K
  class space    used 1754K, capacity 1908K, committed 1920K, reserved 1048576K
}
Event: 7.929 GC heap after
{Heap after GC invocations=14 (full 0):
 garbage-first heap   total 133120K, used 54161K [0x0000000780000000, 0x0000000800000000)
  region size 1024K, 2 young (2048K), 2 survivors (2048K)
 Metaspace       used 14299K, capacity 14693K, committed 14976K, reserved 1062912K
  class space    used 1754K, capacity 1908K, committed 1920K, reserved 1048576K
}
Event: 9.468 GC heap before
{Heap before GC invocations=15 (full 0):
 garbage-first heap   total 133120K, used 73617K [0x0000000780000000, 0x0000000800000000)
  region size 1024K, 15 young (15360K), 2 survivors (2048K)
 Metaspace       used 16391K, capacity 16810K, committed 17152K, reserved 1064960K
  class space    used 2024K, capacity 2188K, committed 2304K, reserved 1048576K
}
Event: 9.473 GC heap after
{Heap after GC invocations=16 (full 0):
 garbage-first heap   total 133120K, used 54799K [0x0000000780000000, 0x0000000800000000)
  region size 1024K, 3 young (3072K), 3 survivors (3072K)
 Metaspace       used 16391K, capacity 16810K, committed 17152K, reserved 1064960K
  class space    used 2024K, capacity 2188K, committed 2304K, reserved 1048576K
}
Event: 10.070 GC heap before
{Heap before GC invocations=17 (full 0):
 garbage-first heap   total 133120K, used 62991K [0x0000000780000000, 0x0000000800000000)
  region size 1024K, 10 young (10240K), 3 survivors (3072K)
 Metaspace       used 17047K, capacity 17545K, committed 17664K, reserved 1064960K
  class space    used 2127K, capacity 2290K, committed 2304K, reserved 1048576K
}
Event: 10.075 GC heap after
{Heap after GC invocations=18 (full 0):
 garbage-first heap   total 133120K, used 50135K [0x0000000780000000, 0x0000000800000000)
  region size 1024K, 3 young (3072K), 3 survivors (3072K)
 Metaspace       used 17047K, capacity 17545K, committed 17664K, reserved 1064960K
  class space    used 2127K, capacity 2290K, committed 2304K, reserved 1048576K
}
Event: 11.936 GC heap before
{Heap before GC invocations=19 (full 0):
 garbage-first heap   total 133120K, used 62423K [0x0000000780000000, 0x0000000800000000)
  region size 1024K, 12 young (12288K), 3 survivors (3072K)
 Metaspace       used 17141K, capacity 17615K, committed 17664K, reserved 1064960K
  class space    used 2129K, capacity 2291K, committed 2304K, reserved 1048576K
}
Event: 11.940 GC heap after
{Heap after GC invocations=20 (full 0):
 garbage-first heap   total 133120K, used 54182K [0x0000000780000000, 0x0000000800000000)
  region size 1024K, 3 young (3072K), 3 survivors (3072K)
 Metaspace       used 17141K, capacity 17615K, committed 17664K, reserved 1064960K
  class space    used 2129K, capacity 2291K, committed 2304K, reserved 1048576K
}
Event: 11.974 GC heap before
{Heap before GC invocations=21 (full 0):
 garbage-first heap   total 133120K, used 67494K [0x0000000780000000, 0x0000000800000000)
  region size 1024K, 10 young (10240K), 3 survivors (3072K)
 Metaspace       used 17142K, capacity 17615K, committed 17664K, reserved 1064960K
  class space    used 2129K, capacity 2291K, committed 2304K, reserved 1048576K
}
Event: 11.978 GC heap after
{Heap after GC invocations=22 (full 0):
 garbage-first heap   total 133120K, used 61398K [0x0000000780000000, 0x0000000800000000)
  region size 1024K, 3 young (3072K), 3 survivors (3072K)
 Metaspace       used 17142K, capacity 17615K, committed 17664K, reserved 1064960K
  class space    used 2129K, capacity 2291K, committed 2304K, reserved 1048576K
}
Event: 12.014 GC heap before
{Heap before GC invocations=23 (full 0):
 garbage-first heap   total 133120K, used 74710K [0x0000000780000000, 0x0000000800000000)
  region size 1024K, 10 young (10240K), 3 survivors (3072K)
 Metaspace       used 17142K, capacity 17615K, committed 17664K, reserved 1064960K
  class space    used 2129K, capacity 2291K, committed 2304K, reserved 1048576K
}
Event: 12.018 GC heap after
{Heap after GC invocations=24 (full 0):
 garbage-first heap   total 133120K, used 61300K [0x0000000780000000, 0x0000000800000000)
  region size 1024K, 2 young (2048K), 2 survivors (2048K)
 Metaspace       used 17142K, capacity 17615K, committed 17664K, reserved 1064960K
  class space    used 2129K, capacity 2291K, committed 2304K, reserved 1048576K
}
Event: 12.053 GC heap before
{Heap before GC invocations=25 (full 0):
 garbage-first heap   total 133120K, used 74612K [0x0000000780000000, 0x0000000800000000)
  region size 1024K, 9 young (9216K), 2 survivors (2048K)
 Metaspace       used 17143K, capacity 17615K, committed 17664K, reserved 1064960K
  class space    used 2129K, capacity 2291K, committed 2304K, reserved 1048576K
}
Event: 12.056 GC heap after
{Heap after GC invocations=26 (full 0):
 garbage-first heap   total 133120K, used 61197K [0x0000000780000000, 0x0000000800000000)
  region size 1024K, 2 young (2048K), 2 survivors (2048K)
 Metaspace       used 17143K, capacity 17615K, committed 17664K, reserved 1064960K
  class space    used 2129K, capacity 2291K, committed 2304K, reserved 1048576K
}
Event: 12.765 GC heap before
{Heap before GC invocations=27 (full 0):
 garbage-first heap   total 133120K, used 80653K [0x0000000780000000, 0x0000000800000000)
  region size 1024K, 15 young (15360K), 2 survivors (2048K)
 Metaspace       used 17221K, capacity 17743K, committed 17920K, reserved 1064960K
  class space    used 2129K, capacity 2291K, committed 2304K, reserved 1048576K
}
Event: 12.770 GC heap after
{Heap after GC invocations=28 (full 0):
 garbage-first heap   total 133120K, used 57264K [0x0000000780000000, 0x0000000800000000)
  region size 1024K, 2 young (2048K), 2 survivors (2048K)
 Metaspace       used 17221K, capacity 17743K, committed 17920K, reserved 1064960K
  class space    used 2129K, capacity 2291K, committed 2304K, reserved 1048576K
}

Deoptimization events (20 events):
Event: 12.091 Thread 0x00007f9f34a35000 DEOPT PACKING pc=0x0000000113c3f540 sp=0x000070000ec05cc0
Event: 12.091 Thread 0x00007f9f34a35000 DEOPT UNPACKING pc=0x000000011340233a sp=0x000070000ec05170 mode 0
Event: 12.091 Thread 0x00007f9f34a35000 DEOPT PACKING pc=0x0000000113c3f540 sp=0x000070000ec05cc0
Event: 12.091 Thread 0x00007f9f34a35000 DEOPT UNPACKING pc=0x000000011340233a sp=0x000070000ec05170 mode 0
Event: 12.091 Thread 0x00007f9f34a35000 DEOPT PACKING pc=0x0000000113c3f540 sp=0x000070000ec05cc0
Event: 12.091 Thread 0x00007f9f34a35000 DEOPT UNPACKING pc=0x000000011340233a sp=0x000070000ec05170 mode 0
Event: 12.091 Thread 0x00007f9f34a35000 DEOPT PACKING pc=0x0000000113c3f540 sp=0x000070000ec05cc0
Event: 12.091 Thread 0x00007f9f34a35000 DEOPT UNPACKING pc=0x000000011340233a sp=0x000070000ec05170 mode 0
Event: 12.092 Thread 0x00007f9f34a35000 DEOPT PACKING pc=0x0000000113c0dc55 sp=0x000070000ec057c0
Event: 12.092 Thread 0x00007f9f34a35000 DEOPT UNPACKING pc=0x000000011340233a sp=0x000070000ec04c30 mode 0
Event: 12.093 Thread 0x00007f9f34a35000 DEOPT PACKING pc=0x0000000113c3f540 sp=0x000070000ec05e20
Event: 12.093 Thread 0x00007f9f34a35000 DEOPT UNPACKING pc=0x000000011340233a sp=0x000070000ec052d0 mode 0
Event: 12.094 Thread 0x00007f9f34a35000 DEOPT PACKING pc=0x0000000113c0dc55 sp=0x000070000ec05600
Event: 12.094 Thread 0x00007f9f34a35000 DEOPT UNPACKING pc=0x000000011340233a sp=0x000070000ec04a70 mode 0
Event: 12.094 Thread 0x00007f9f34a35000 DEOPT PACKING pc=0x0000000113c3f540 sp=0x000070000ec05e20
Event: 12.094 Thread 0x00007f9f34a35000 DEOPT UNPACKING pc=0x000000011340233a sp=0x000070000ec052d0 mode 0
Event: 12.096 Thread 0x00007f9f34a35000 DEOPT PACKING pc=0x0000000113c0dc55 sp=0x000070000ec05600
Event: 12.096 Thread 0x00007f9f34a35000 DEOPT UNPACKING pc=0x000000011340233a sp=0x000070000ec04a70 mode 0
Event: 12.096 Thread 0x00007f9f34a35000 DEOPT PACKING pc=0x0000000113c3f540 sp=0x000070000ec05e20
Event: 12.096 Thread 0x00007f9f34a35000 DEOPT UNPACKING pc=0x000000011340233a sp=0x000070000ec052d0 mode 0

Classes unloaded (0 events):
No events

Classes redefined (0 events):
No events

Internal exceptions (20 events):
Event: 2.343 Thread 0x00007f9f34011000 Exception <a 'java/lang/NoSuchMethodError'{0x00000007879b7280}: 'java.lang.Object java.lang.invoke.DirectMethodHandle$Holder.invokeSpecial(java.lang.Object, java.lang.Object, int, java.lang.Object, java.lang.Object, java.lang.Object)'> (0x00000007879b7280) 
thrown [/scratch/mesos/slaves/d65fa3d4-10de-46aa-a2db-52cc9981537a-S157/frameworks/1735e8a2-a1db-478c-8104-60c8b0af87dd-0196/executors/cd04c109-7866-4c89-a9cb-580d1b4b0057/runs/bdf96710-70fa-465f-a6db-19a171d6559f/workspace/open/src/hotspot/share/interp
Event: 2.346 Thread 0x00007f9f34011000 Exception <a 'java/lang/NoSuchMethodError'{0x00000007879cd4d8}: 'java.lang.Object java.lang.invoke.DirectMethodHandle$Holder.invokeStatic(java.lang.Object, int, java.lang.Object)'> (0x00000007879cd4d8) 
thrown [/scratch/mesos/slaves/d65fa3d4-10de-46aa-a2db-52cc9981537a-S157/frameworks/1735e8a2-a1db-478c-8104-60c8b0af87dd-0196/executors/cd04c109-7866-4c89-a9cb-580d1b4b0057/runs/bdf96710-70fa-465f-a6db-19a171d6559f/workspace/open/src/hotspot/share/interpreter/linkResolver.cpp, line 767]
Event: 2.354 Thread 0x00007f9f34011000 Exception <a 'java/lang/ClassNotFoundException'{0x00000007879f9db0}: com/apple/laf/resources/spi/aquaProvider> (0x00000007879f9db0) 
thrown [/scratch/mesos/slaves/d65fa3d4-10de-46aa-a2db-52cc9981537a-S157/frameworks/1735e8a2-a1db-478c-8104-60c8b0af87dd-0196/executors/cd04c109-7866-4c89-a9cb-580d1b4b0057/runs/bdf96710-70fa-465f-a6db-19a171d6559f/workspace/open/src/hotspot/share/classfile/systemDictionary.cpp, line 232]
Event: 2.417 Thread 0x00007f9f34011000 Exception <a 'java/lang/ClassNotFoundException'{0x0000000787861da8}: com/sun/swing/internal/plaf/basic/resources/spi/basicProvider> (0x0000000787861da8) 
thrown [/scratch/mesos/slaves/d65fa3d4-10de-46aa-a2db-52cc9981537a-S157/frameworks/1735e8a2-a1db-478c-8104-60c8b0af87dd-0196/executors/cd04c109-7866-4c89-a9cb-580d1b4b0057/runs/bdf96710-70fa-465f-a6db-19a171d6559f/workspace/open/src/hotspot/share/classfile/systemDictionary.cpp, line 232]
Event: 2.434 Thread 0x00007f9f34011000 Implicit null exception at 0x000000011aeb11e8 to 0x000000011aeb127a
Event: 4.831 Thread 0x00007f9f34011000 Exception <a 'java/lang/NoSuchMethodError'{0x0000000787b3ba78}: 'void java.lang.invoke.DirectMethodHandle$Holder.invokeSpecial(java.lang.Object, java.lang.Object)'> (0x0000000787b3ba78) 
thrown [/scratch/mesos/slaves/d65fa3d4-10de-46aa-a2db-52cc9981537a-S157/frameworks/1735e8a2-a1db-478c-8104-60c8b0af87dd-0196/executors/cd04c109-7866-4c89-a9cb-580d1b4b0057/runs/bdf96710-70fa-465f-a6db-19a171d6559f/workspace/open/src/hotspot/share/interpreter/linkResolver.cpp, line 767]
Event: 4.926 Thread 0x00007f9f34011000 Exception <a 'java/lang/NoSuchMethodError'{0x0000000787ade370}: 'java.lang.Object java.lang.invoke.Invokers$Holder.linkToTargetMethod(java.lang.Object, java.lang.Object, int, java.lang.Object, java.lang.Object)'> (0x0000000787ade370) 
thrown [/scratch/mesos/slaves/d65fa3d4-10de-46aa-a2db-52cc9981537a-S157/frameworks/1735e8a2-a1db-478c-8104-60c8b0af87dd-0196/executors/cd04c109-7866-4c89-a9cb-580d1b4b0057/runs/bdf96710-70fa-465f-a6db-19a171d6559f/workspace/open/src/hotspot/share/interpreter/linkResolver.cpp,
Event: 4.933 Thread 0x00007f9f34011000 Exception <a 'java/lang/NoSuchMethodError'{0x0000000787ae1ab0}: 'void java.lang.invoke.DirectMethodHandle$Holder.invokeStatic(java.lang.Object, int, long)'> (0x0000000787ae1ab0) 
thrown [/scratch/mesos/slaves/d65fa3d4-10de-46aa-a2db-52cc9981537a-S157/frameworks/1735e8a2-a1db-478c-8104-60c8b0af87dd-0196/executors/cd04c109-7866-4c89-a9cb-580d1b4b0057/runs/bdf96710-70fa-465f-a6db-19a171d6559f/workspace/open/src/hotspot/share/interpreter/linkResolver.cpp, line 767]
Event: 4.937 Thread 0x00007f9f34a35000 Exception <a 'java/lang/NoSuchMethodError'{0x0000000787bad8e0}: 'void java.lang.invoke.DirectMethodHandle$Holder.invokeStatic(java.lang.Object, long)'> (0x0000000787bad8e0) 
thrown [/scratch/mesos/slaves/d65fa3d4-10de-46aa-a2db-52cc9981537a-S157/frameworks/1735e8a2-a1db-478c-8104-60c8b0af87dd-0196/executors/cd04c109-7866-4c89-a9cb-580d1b4b0057/runs/bdf96710-70fa-465f-a6db-19a171d6559f/workspace/open/src/hotspot/share/interpreter/linkResolver.cpp, line 767]
Event: 4.938 Thread 0x00007f9f34011000 Exception <a 'java/lang/NoSuchMethodError'{0x0000000787af6748}: 'java.lang.Object java.lang.invoke.Invokers$Holder.linkToTargetMethod(int, int, int, int, java.lang.Object)'> (0x0000000787af6748) 
thrown [/scratch/mesos/slaves/d65fa3d4-10de-46aa-a2db-52cc9981537a-S157/frameworks/1735e8a2-a1db-478c-8104-60c8b0af87dd-0196/executors/cd04c109-7866-4c89-a9cb-580d1b4b0057/runs/bdf96710-70fa-465f-a6db-19a171d6559f/workspace/open/src/hotspot/share/interpreter/linkResolver.cpp, line 767]
Event: 4.940 Thread 0x00007f9f34011000 Exception <a 'java/lang/NoSuchMethodError'{0x0000000787af93e0}: 'void java.lang.invoke.DirectMethodHandle$Holder.invokeStatic(java.lang.Object, java.lang.Object, long)'> (0x0000000787af93e0) 
thrown [/scratch/mesos/slaves/d65fa3d4-10de-46aa-a2db-52cc9981537a-S157/frameworks/1735e8a2-a1db-478c-8104-60c8b0af87dd-0196/executors/cd04c109-7866-4c89-a9cb-580d1b4b0057/runs/bdf96710-70fa-465f-a6db-19a171d6559f/workspace/open/src/hotspot/share/interpreter/linkResolver.cpp, line 767]
Event: 4.949 Thread 0x00007f9f35802000 Exception <a 'java/lang/NullPointerException'{0x0000000787f36de8}> (0x0000000787f36de8) 
thrown [/scratch/mesos/slaves/d65fa3d4-10de-46aa-a2db-52cc9981537a-S157/frameworks/1735e8a2-a1db-478c-8104-60c8b0af87dd-0196/executors/cd04c109-7866-4c89-a9cb-580d1b4b0057/runs/bdf96710-70fa-465f-a6db-19a171d6559f/workspace/open/src/hotspot/share/interpreter/linkResolver.cpp, line 1349]
Event: 4.958 Thread 0x00007f9f34226000 Exception <a 'java/lang/NoSuchMethodError'{0x0000000787f19df0}: 'void java.lang.invoke.DirectMethodHandle$Holder.invokeSpecial(java.lang.Object, java.lang.Object, long)'> (0x0000000787f19df0) 
thrown [/scratch/mesos/slaves/d65fa3d4-10de-46aa-a2db-52cc9981537a-S157/frameworks/1735e8a2-a1db-478c-8104-60c8b0af87dd-0196/executors/cd04c109-7866-4c89-a9cb-580d1b4b0057/runs/bdf96710-70fa-465f-a6db-19a171d6559f/workspace/open/src/hotspot/share/interpreter/linkResolver.cpp, line 767]
Event: 5.023 Thread 0x00007f9f34011000 Exception <a 'java/lang/NoSuchMethodError'{0x0000000787ff92c8}: 'void java.lang.invoke.DirectMethodHandle$Holder.invokeStatic(java.lang.Object, long, long)'> (0x0000000787ff92c8) 
thrown [/scratch/mesos/slaves/d65fa3d4-10de-46aa-a2db-52cc9981537a-S157/frameworks/1735e8a2-a1db-478c-8104-60c8b0af87dd-0196/executors/cd04c109-7866-4c89-a9cb-580d1b4b0057/runs/bdf96710-70fa-465f-a6db-19a171d6559f/workspace/open/src/hotspot/share/interpreter/linkResolver.cpp, line 767]
Event: 5.026 Thread 0x00007f9f34011000 Exception <a 'java/lang/NoSuchMethodError'{0x0000000787e04b98}: 'java.lang.Object java.lang.invoke.Invokers$Holder.linkToTargetMethod(java.lang.Object, int, java.lang.Object)'> (0x0000000787e04b98) 
thrown [/scratch/mesos/slaves/d65fa3d4-10de-46aa-a2db-52cc9981537a-S157/frameworks/1735e8a2-a1db-478c-8104-60c8b0af87dd-0196/executors/cd04c109-7866-4c89-a9cb-580d1b4b0057/runs/bdf96710-70fa-465f-a6db-19a171d6559f/workspace/open/src/hotspot/share/interpreter/linkResolver.cpp, line 767]
Event: 9.178 Thread 0x00007f9f34a35000 Exception <a 'java/lang/NoSuchMethodError'{0x00000007874c1668}: 'int java.lang.invoke.DirectMethodHandle$Holder.invokeStaticInit(java.lang.Object, java.lang.Object, java.lang.Object, java.lang.Object)'> (0x00000007874c1668) 
thrown [/scratch/mesos/slaves/d65fa3d4-10de-46aa-a2db-52cc9981537a-S157/frameworks/1735e8a2-a1db-478c-8104-60c8b0af87dd-0196/executors/cd04c109-7866-4c89-a9cb-580d1b4b0057/runs/bdf96710-70fa-465f-a6db-19a171d6559f/workspace/open/src/hotspot/share/interpreter/linkResolver.cpp, line 767]
Event: 9.178 Thread 0x00007f9f34a35000 Exception <a 'java/lang/IncompatibleClassChangeError'{0x00000007874ca610}: Found class java.lang.Object, but interface was expected> (0x00000007874ca610) 
thrown [/scratch/mesos/slaves/d65fa3d4-10de-46aa-a2db-52cc9981537a-S157/frameworks/1735e8a2-a1db-478c-8104-60c8b0af87dd-0196/executors/cd04c109-7866-4c89-a9cb-580d1b4b0057/runs/bdf96710-70fa-465f-a6db-19a171d6559f/workspace/open/src/hotspot/share/interpreter/linkResolver.cpp, line 833]
Event: 9.179 Thread 0x00007f9f34a35000 Exception <a 'java/lang/NoSuchMethodError'{0x00000007874cd210}: 'void java.lang.invoke.DirectMethodHandle$Holder.invokeStaticInit(java.lang.Object, java.lang.Object)'> (0x00000007874cd210) 
thrown [/scratch/mesos/slaves/d65fa3d4-10de-46aa-a2db-52cc9981537a-S157/frameworks/1735e8a2-a1db-478c-8104-60c8b0af87dd-0196/executors/cd04c109-7866-4c89-a9cb-580d1b4b0057/runs/bdf96710-70fa-465f-a6db-19a171d6559f/workspace/open/src/hotspot/share/interpreter/linkResolver.cpp, line 767]
Event: 9.179 Thread 0x00007f9f34a35000 Exception <a 'java/lang/NoSuchMethodError'{0x00000007874d2858}: 'int java.lang.invoke.DirectMethodHandle$Holder.invokeStaticInit(java.lang.Object, java.lang.Object)'> (0x00000007874d2858) 
thrown [/scratch/mesos/slaves/d65fa3d4-10de-46aa-a2db-52cc9981537a-S157/frameworks/1735e8a2-a1db-478c-8104-60c8b0af87dd-0196/executors/cd04c109-7866-4c89-a9cb-580d1b4b0057/runs/bdf96710-70fa-465f-a6db-19a171d6559f/workspace/open/src/hotspot/share/interpreter/linkResolver.cpp, line 767]
Event: 9.456 Thread 0x00007f9f359d2000 Implicit null exception at 0x000000011af0a9ac to 0x000000011af0d275

Events (20 events):
Event: 12.790 Protecting memory [0x000070000fa3e000,0x000070000fa42000] with protection modes 3
Event: 12.790 Thread 0x00007f9f35b93800 Thread exited: 0x00007f9f35b93800
Event: 12.793 Executing VM operation: G1Concurrent
Event: 12.793 Executing VM operation: G1Concurrent done
Event: 12.796 Protecting memory [0x000070000fa3e000,0x000070000fa42000] with protection modes 0
Event: 12.796 Thread 0x00007f9f3462b000 Thread added: 0x00007f9f3462b000
Event: 12.796 Protecting memory [0x000070000fa3e000,0x000070000fa42000] with protection modes 3
Event: 12.796 Thread 0x00007f9f3462b000 Thread exited: 0x00007f9f3462b000
Event: 12.817 Protecting memory [0x000070000fa3e000,0x000070000fa42000] with protection modes 0
Event: 12.817 Thread 0x00007f9f3462b000 Thread added: 0x00007f9f3462b000
Event: 12.817 Protecting memory [0x000070000fa3e000,0x000070000fa42000] with protection modes 3
Event: 12.817 Thread 0x00007f9f3462b000 Thread exited: 0x00007f9f3462b000
Event: 12.818 Protecting memory [0x000070000fa3e000,0x000070000fa42000] with protection modes 0
Event: 12.818 Thread 0x00007f9f3462b000 Thread added: 0x00007f9f3462b000
Event: 12.818 Protecting memory [0x000070000fa3e000,0x000070000fa42000] with protection modes 3
Event: 12.818 Thread 0x00007f9f3462b000 Thread exited: 0x00007f9f3462b000
Event: 12.839 Protecting memory [0x000070000f429000,0x000070000f42d000] with protection modes 0
Event: 12.839 Thread 0x00007f9f35491800 Thread added: 0x00007f9f35491800
Event: 12.839 Protecting memory [0x000070000f429000,0x000070000f42d000] with protection modes 3
Event: 12.839 Thread 0x00007f9f35491800 Thread exited: 0x00007f9f35491800


Dynamic libraries:
0x00007fff668dc000 	/usr/lib/libz.1.dylib
0x0000000107869000 	/Library/Java/JavaVirtualMachines/jdk-13.0.2.jdk/Contents/Home/lib/libjli.dylib
0x00007fff2f2da000 	/System/Library/Frameworks/Cocoa.framework/Versions/A/Cocoa
0x00007fff3c881000 	/System/Library/Frameworks/Security.framework/Versions/A/Security
0x00007fff2e280000 	/System/Library/Frameworks/ApplicationServices.framework/Versions/A/ApplicationServices
0x00007fff643e4000 	/usr/lib/libSystem.B.dylib
0x00007fff67353000 	/usr/lib/system/libcache.dylib
0x00007fff67359000 	/usr/lib/system/libcommonCrypto.dylib
0x00007fff67365000 	/usr/lib/system/libcompiler_rt.dylib
0x00007fff6736d000 	/usr/lib/system/libcopyfile.dylib
0x00007fff67377000 	/usr/lib/system/libcorecrypto.dylib
0x00007fff67525000 	/usr/lib/system/libdispatch.dylib
0x00007fff67567000 	/usr/lib/system/libdyld.dylib
0x00007fff6759d000 	/usr/lib/system/libkeymgr.dylib
0x00007fff675ab000 	/usr/lib/system/liblaunch.dylib
0x00007fff675ac000 	/usr/lib/system/libmacho.dylib
0x00007fff675b2000 	/usr/lib/system/libquarantine.dylib
0x00007fff675b5000 	/usr/lib/system/libremovefile.dylib
0x00007fff675b7000 	/usr/lib/system/libsystem_asl.dylib
0x00007fff675cf000 	/usr/lib/system/libsystem_blocks.dylib
0x00007fff675d0000 	/usr/lib/system/libsystem_c.dylib
0x00007fff67658000 	/usr/lib/system/libsystem_configuration.dylib
0x00007fff6765c000 	/usr/lib/system/libsystem_coreservices.dylib
0x00007fff67660000 	/usr/lib/system/libsystem_darwin.dylib
0x00007fff67668000 	/usr/lib/system/libsystem_dnssd.dylib
0x00007fff67670000 	/usr/lib/system/libsystem_featureflags.dylib
0x00007fff67672000 	/usr/lib/system/libsystem_info.dylib
0x00007fff676ed000 	/usr/lib/system/libsystem_m.dylib
0x00007fff67735000 	/usr/lib/system/libsystem_malloc.dylib
0x00007fff6775d000 	/usr/lib/system/libsystem_networkextension.dylib
0x00007fff6776b000 	/usr/lib/system/libsystem_notify.dylib
0x00007fff6778a000 	/usr/lib/system/libsystem_sandbox.dylib
0x00007fff6778f000 	/usr/lib/system/libsystem_secinit.dylib
0x00007fff676c0000 	/usr/lib/system/libsystem_kernel.dylib
0x00007fff67775000 	/usr/lib/system/libsystem_platform.dylib
0x00007fff6777f000 	/usr/lib/system/libsystem_pthread.dylib
0x00007fff67792000 	/usr/lib/system/libsystem_symptoms.dylib
0x00007fff6779a000 	/usr/lib/system/libsystem_trace.dylib
0x00007fff677b2000 	/usr/lib/system/libunwind.dylib
0x00007fff677b8000 	/usr/lib/system/libxpc.dylib
0x00007fff66207000 	/usr/lib/libobjc.A.dylib
0x00007fff64716000 	/usr/lib/libc++abi.dylib
0x00007fff646c2000 	/usr/lib/libc++.1.dylib
0x00007fff3023f000 	/System/Library/Frameworks/CoreFoundation.framework/Versions/A/CoreFoundation
0x00007fff328fa000 	/System/Library/Frameworks/Foundation.framework/Versions/C/Foundation
0x00007fff2d484000 	/System/Library/Frameworks/AppKit.framework/Versions/C/AppKit
0x00007fff2fd59000 	/System/Library/Frameworks/CoreData.framework/Versions/A/CoreData
0x00007fff60c95000 	/System/Library/PrivateFrameworks/UIFoundation.framework/Versions/A/UIFoundation
0x00007fff5b535000 	/System/Library/PrivateFrameworks/RemoteViewServices.framework/Versions/A/RemoteViewServices
0x00007fff63715000 	/System/Library/PrivateFrameworks/XCTTargetBootstrap.framework/Versions/A/XCTTargetBootstrap
0x00007fff30134000 	/System/Library/Frameworks/CoreDisplay.framework/Versions/A/CoreDisplay
0x00007fff35632000 	/System/Library/Frameworks/Metal.framework/Versions/A/Metal
0x00007fff49aa2000 	/System/Library/PrivateFrameworks/DesktopServicesPriv.framework/Versions/A/DesktopServicesPriv
0x00007fff654ff000 	/usr/lib/liblangid.dylib
0x00007fff48bfe000 	/System/Library/PrivateFrameworks/CoreSVG.framework/Versions/A/CoreSVG
0x00007fff5e265000 	/System/Library/PrivateFrameworks/SkyLight.framework/Versions/A/SkyLight
0x00007fff306c0000 	/System/Library/Frameworks/CoreGraphics.framework/Versions/A/CoreGraphics
0x00007fff2c025000 	/System/Library/Frameworks/Accelerate.framework/Versions/A/Accelerate
0x00007fff667cd000 	/usr/lib/libxml2.2.dylib
0x00007fff5466d000 	/System/Library/PrivateFrameworks/IconServices.framework/Versions/A/IconServices
0x00007fff330b8000 	/System/Library/Frameworks/IOSurface.framework/Versions/A/IOSurface
0x00007fff63f1d000 	/usr/lib/libDiagnosticMessagesClient.dylib
0x00007fff4991c000 	/System/Library/PrivateFrameworks/DFRFoundation.framework/Versions/A/DFRFoundation
0x00007fff6528d000 	/usr/lib/libicucore.A.dylib
0x00007fff2e5b2000 	/System/Library/Frameworks/AudioToolbox.framework/Versions/A/AudioToolbox
0x00007fff2e694000 	/System/Library/Frameworks/AudioUnit.framework/Versions/A/AudioUnit
0x00007fff645e6000 	/usr/lib/libauto.dylib
0x00007fff4999c000 	/System/Library/PrivateFrameworks/DataDetectorsCore.framework/Versions/A/DataDetectorsCore
0x00007fff2edfb000 	/System/Library/Frameworks/Carbon.framework/Versions/A/Frameworks/HIToolbox.framework/Versions/A/HIToolbox
0x00007fff3ba79000 	/System/Library/Frameworks/QuartzCore.framework/Versions/A/QuartzCore
0x00007fff2f13a000 	/System/Library/Frameworks/Carbon.framework/Versions/A/Frameworks/SpeechRecognition.framework/Versions/A/SpeechRecognition
0x00007fff4929e000 	/System/Library/PrivateFrameworks/CoreUI.framework/Versions/A/CoreUI
0x00007fff2f7bf000 	/System/Library/Frameworks/CoreAudio.framework/Versions/A/CoreAudio
0x00007fff325c7000 	/System/Library/Frameworks/DiskArbitration.framework/Versions/A/DiskArbitration
0x00007fff56753000 	/System/Library/PrivateFrameworks/MultitouchSupport.framework/Versions/A/MultitouchSupport
0x00007fff65158000 	/usr/lib/libenergytrace.dylib
0x00007fff33013000 	/System/Library/Frameworks/IOKit.framework/Versions/A/IOKit
0x00007fff31626000 	/System/Library/Frameworks/CoreServices.framework/Versions/A/CoreServices
0x00007fff587a8000 	/System/Library/PrivateFrameworks/PerformanceAnalysis.framework/Versions/A/PerformanceAnalysis
0x00007fff3aab1000 	/System/Library/Frameworks/OpenGL.framework/Versions/A/OpenGL
0x00007fff2f2e8000 	/System/Library/Frameworks/ColorSync.framework/Versions/A/ColorSync
0x00007fff30d47000 	/System/Library/Frameworks/CoreImage.framework/Versions/A/CoreImage
0x00007fff3209a000 	/System/Library/Frameworks/CoreText.framework/Versions/A/CoreText
0x00007fff3313b000 	/System/Library/Frameworks/ImageIO.framework/Versions/A/ImageIO
0x00007fff6473e000 	/usr/lib/libcompression.dylib
0x00007fff6425e000 	/usr/lib/libMobileGestalt.dylib
0x00007fff5fd88000 	/System/Library/PrivateFrameworks/TextureIO.framework/Versions/A/TextureIO
0x00007fff6454c000 	/usr/lib/libate.dylib
0x00007fff54873000 	/System/Library/PrivateFrameworks/InternationalSupport.framework/Versions/A/InternationalSupport
0x00007fff65501000 	/usr/lib/liblzma.5.dylib
0x00007fff65180000 	/usr/lib/libfakelink.dylib
0x00007fff644d9000 	/usr/lib/libarchive.2.dylib
0x00007fff3da95000 	/System/Library/Frameworks/SystemConfiguration.framework/Versions/A/SystemConfiguration
0x00007fff63e4e000 	/usr/lib/libCRFSuite.dylib
0x00007fff2ea0a000 	/System/Library/Frameworks/CFNetwork.framework/Versions/A/CFNetwork
0x00007fff646a4000 	/usr/lib/libbsm.0.dylib
0x00007fff6759e000 	/usr/lib/system/libkxld.dylib
0x00007fff4349b000 	/System/Library/PrivateFrameworks/AppleFSCompression.framework/Versions/A/AppleFSCompression
0x00007fff64a17000 	/usr/lib/libcoretls.dylib
0x00007fff64a2e000 	/usr/lib/libcoretls_cfhelpers.dylib
0x00007fff6624b000 	/usr/lib/libpam.2.dylib
0x00007fff6637a000 	/usr/lib/libsqlite3.dylib
0x00007fff667ba000 	/usr/lib/libxar.1.dylib
0x00007fff646b5000 	/usr/lib/libbz2.1.0.dylib
0x00007fff6519c000 	/usr/lib/libiconv.2.dylib
0x00007fff6472b000 	/usr/lib/libcharset.1.dylib
0x00007fff65cf7000 	/usr/lib/libnetwork.dylib
0x00007fff66252000 	/usr/lib/libpcap.A.dylib
0x00007fff6448e000 	/usr/lib/libapple_nghttp2.dylib
0x00007fff319dd000 	/System/Library/Frameworks/CoreServices.framework/Versions/A/Frameworks/FSEvents.framework/Versions/A/FSEvents
0x00007fff316ad000 	/System/Library/Frameworks/CoreServices.framework/Versions/A/Frameworks/CarbonCore.framework/Versions/A/CarbonCore
0x00007fff31c1f000 	/System/Library/Frameworks/CoreServices.framework/Versions/A/Frameworks/Metadata.framework/Versions/A/Metadata
0x00007fff31cb8000 	/System/Library/Frameworks/CoreServices.framework/Versions/A/Frameworks/OSServices.framework/Versions/A/OSServices
0x00007fff31ce6000 	/System/Library/Frameworks/CoreServices.framework/Versions/A/Frameworks/SearchKit.framework/Versions/A/SearchKit
0x00007fff31627000 	/System/Library/Frameworks/CoreServices.framework/Versions/A/Frameworks/AE.framework/Versions/A/AE
0x00007fff319e6000 	/System/Library/Frameworks/CoreServices.framework/Versions/A/Frameworks/LaunchServices.framework/Versions/A/LaunchServices
0x00007fff3198f000 	/System/Library/Frameworks/CoreServices.framework/Versions/A/Frameworks/DictionaryServices.framework/Versions/A/DictionaryServices
0x00007fff31d4e000 	/System/Library/Frameworks/CoreServices.framework/Versions/A/Frameworks/SharedFileList.framework/Versions/A/SharedFileList
0x00007fff36907000 	/System/Library/Frameworks/NetFS.framework/Versions/A/NetFS
0x00007fff56bf3000 	/System/Library/PrivateFrameworks/NetAuth.framework/Versions/A/NetAuth
0x00007fff63ade000 	/System/Library/PrivateFrameworks/login.framework/Versions/A/Frameworks/loginsupport.framework/Versions/A/loginsupport
0x00007fff5f88e000 	/System/Library/PrivateFrameworks/TCC.framework/Versions/A/TCC
0x00007fff47fdc000 	/System/Library/PrivateFrameworks/CoreNLP.framework/Versions/A/CoreNLP
0x00007fff56184000 	/System/Library/PrivateFrameworks/MetadataUtilities.framework/Versions/A/MetadataUtilities
0x00007fff655d9000 	/usr/lib/libmecabra.dylib
0x00007fff65531000 	/usr/lib/libmecab.dylib
0x00007fff65191000 	/usr/lib/libgermantok.dylib
0x00007fff64475000 	/usr/lib/libThaiTokenizer.dylib
0x00007fff63e86000 	/usr/lib/libChineseTokenizer.dylib
0x00007fff2c03d000 	/System/Library/Frameworks/Accelerate.framework/Versions/A/Frameworks/vImage.framework/Versions/A/vImage
0x00007fff2d2df000 	/System/Library/Frameworks/Accelerate.framework/Versions/A/Frameworks/vecLib.framework/Versions/A/vecLib
0x00007fff2d223000 	/System/Library/Frameworks/Accelerate.framework/Versions/A/Frameworks/vecLib.framework/Versions/A/libvMisc.dylib
0x00007fff2d049000 	/System/Library/Frameworks/Accelerate.framework/Versions/A/Frameworks/vecLib.framework/Versions/A/libvDSP.dylib
0x00007fff2c6a9000 	/System/Library/Frameworks/Accelerate.framework/Versions/A/Frameworks/vecLib.framework/Versions/A/libBLAS.dylib
0x00007fff2cc03000 	/System/Library/Frameworks/Accelerate.framework/Versions/A/Frameworks/vecLib.framework/Versions/A/libLAPACK.dylib
0x00007fff2cfa9000 	/System/Library/Frameworks/Accelerate.framework/Versions/A/Frameworks/vecLib.framework/Versions/A/libLinearAlgebra.dylib
0x00007fff2d036000 	/System/Library/Frameworks/Accelerate.framework/Versions/A/Frameworks/vecLib.framework/Versions/A/libSparseBLAS.dylib
0x00007fff2cfbf000 	/System/Library/Frameworks/Accelerate.framework/Versions/A/Frameworks/vecLib.framework/Versions/A/libQuadrature.dylib
0x00007fff2c912000 	/System/Library/Frameworks/Accelerate.framework/Versions/A/Frameworks/vecLib.framework/Versions/A/libBNNS.dylib
0x00007fff2cfc5000 	/System/Library/Frameworks/Accelerate.framework/Versions/A/Frameworks/vecLib.framework/Versions/A/libSparse.dylib
0x00007fff54c32000 	/System/Library/PrivateFrameworks/LanguageModeling.framework/Versions/A/LanguageModeling
0x00007fff47980000 	/System/Library/PrivateFrameworks/CoreEmoji.framework/Versions/A/CoreEmoji
0x00007fff54d4f000 	/System/Library/PrivateFrameworks/LinguisticData.framework/Versions/A/LinguisticData
0x00007fff54d00000 	/System/Library/PrivateFrameworks/Lexicon.framework/Versions/A/Lexicon
0x00007fff6472c000 	/usr/lib/libcmph.dylib
0x00007fff394d7000 	/System/Library/Frameworks/OpenDirectory.framework/Versions/A/Frameworks/CFOpenDirectory.framework/Versions/A/CFOpenDirectory
0x00007fff394f4000 	/System/Library/Frameworks/OpenDirectory.framework/Versions/A/OpenDirectory
0x00007fff41853000 	/System/Library/PrivateFrameworks/APFS.framework/Versions/A/APFS
0x00007fff3cbc6000 	/System/Library/Frameworks/SecurityFoundation.framework/Versions/A/SecurityFoundation
0x00007fff667b6000 	/usr/lib/libutil.dylib
0x00007fff48c56000 	/System/Library/PrivateFrameworks/CoreServicesStore.framework/Versions/A/CoreServicesStore
0x00007fff3cca7000 	/System/Library/Frameworks/ServiceManagement.framework/Versions/A/ServiceManagement
0x00007fff44c36000 	/System/Library/PrivateFrameworks/BackgroundTaskManagement.framework/Versions/A/BackgroundTaskManagement
0x00007fff668b3000 	/usr/lib/libxslt.1.dylib
0x00007fff43af9000 	/System/Library/PrivateFrameworks/AppleSystemInfo.framework/Versions/A/AppleSystemInfo
0x00007fff33356000 	/System/Library/Frameworks/ImageIO.framework/Versions/A/Resources/libJPEG.dylib
0x00007fff33615000 	/System/Library/Frameworks/ImageIO.framework/Versions/A/Resources/libTIFF.dylib
0x00007fff335f8000 	/System/Library/Frameworks/ImageIO.framework/Versions/A/Resources/libPng.dylib
0x00007fff33297000 	/System/Library/Frameworks/ImageIO.framework/Versions/A/Resources/libGIF.dylib
0x00007fff3329b000 	/System/Library/Frameworks/ImageIO.framework/Versions/A/Resources/libJP2.dylib
0x00007fff33613000 	/System/Library/Frameworks/ImageIO.framework/Versions/A/Resources/libRadiance.dylib
0x00007fff65159000 	/usr/lib/libexpat.1.dylib
0x00007fff435f6000 	/System/Library/PrivateFrameworks/AppleJPEG.framework/Versions/A/AppleJPEG
0x00007fff4be6e000 	/System/Library/PrivateFrameworks/FontServices.framework/libFontParser.dylib
0x00007fff62b39000 	/System/Library/PrivateFrameworks/WatchdogClient.framework/Versions/A/WatchdogClient
0x00007fff542c5000 	/System/Library/PrivateFrameworks/IOAccelerator.framework/Versions/A/IOAccelerator
0x00007fff359c0000 	/System/Library/Frameworks/MetalPerformanceShaders.framework/Versions/A/MetalPerformanceShaders
0x00007fff50bbb000 	/System/Library/PrivateFrameworks/GPUWrangler.framework/Versions/A/GPUWrangler
0x00007fff542d0000 	/System/Library/PrivateFrameworks/IOPresentment.framework/Versions/A/IOPresentment
0x00007fff4992e000 	/System/Library/PrivateFrameworks/DSExternalDisplay.framework/Versions/A/DSExternalDisplay
0x00007fff39e5d000 	/System/Library/Frameworks/OpenGL.framework/Versions/A/Libraries/libCoreFSCache.dylib
0x00007fff35711000 	/System/Library/Frameworks/MetalPerformanceShaders.framework/Frameworks/MPSCore.framework/Versions/A/MPSCore
0x00007fff3574e000 	/System/Library/Frameworks/MetalPerformanceShaders.framework/Frameworks/MPSImage.framework/Versions/A/MPSImage
0x00007fff35811000 	/System/Library/Frameworks/MetalPerformanceShaders.framework/Frameworks/MPSNeuralNetwork.framework/Versions/A/MPSNeuralNetwork
0x00007fff357d5000 	/System/Library/Frameworks/MetalPerformanceShaders.framework/Frameworks/MPSMatrix.framework/Versions/A/MPSMatrix
0x00007fff35971000 	/System/Library/Frameworks/MetalPerformanceShaders.framework/Frameworks/MPSRayIntersector.framework/Versions/A/MPSRayIntersector
0x00007fff357fb000 	/System/Library/Frameworks/MetalPerformanceShaders.framework/Frameworks/MPSNDArray.framework/Versions/A/MPSNDArray
0x00007fff561d1000 	/System/Library/PrivateFrameworks/MetalTools.framework/Versions/A/MetalTools
0x00007fff42932000 	/System/Library/PrivateFrameworks/AggregateDictionary.framework/Versions/A/AggregateDictionary
0x00007fff47417000 	/System/Library/PrivateFrameworks/CoreAnalytics.framework/Versions/A/CoreAnalytics
0x00007fff43a17000 	/System/Library/PrivateFrameworks/AppleSauce.framework/Versions/A/AppleSauce
0x00007fff64141000 	/usr/lib/libIOReport.dylib
0x00007fff3224f000 	/System/Library/Frameworks/CoreVideo.framework/Versions/A/CoreVideo
0x00007fff51fa8000 	/System/Library/PrivateFrameworks/GraphVisualizer.framework/Versions/A/GraphVisualizer
0x00007fff4b3f0000 	/System/Library/PrivateFrameworks/FaceCore.framework/Versions/A/FaceCore
0x00007fff3947e000 	/System/Library/Frameworks/OpenCL.framework/Versions/A/OpenCL
0x00007fff63f63000 	/usr/lib/libFosl_dynamic.dylib
0x00007fff575e9000 	/System/Library/PrivateFrameworks/OTSVG.framework/Versions/A/OTSVG
0x00007fff2e385000 	/System/Library/Frameworks/ApplicationServices.framework/Versions/A/Frameworks/ATS.framework/Versions/A/Resources/libFontRegistry.dylib
0x00007fff4c03f000 	/System/Library/PrivateFrameworks/FontServices.framework/libhvf.dylib
0x00007fff39e68000 	/System/Library/Frameworks/OpenGL.framework/Versions/A/Libraries/libGFXShared.dylib
0x00007fff3a045000 	/System/Library/Frameworks/OpenGL.framework/Versions/A/Libraries/libGLU.dylib
0x00007fff39e71000 	/System/Library/Frameworks/OpenGL.framework/Versions/A/Libraries/libGL.dylib
0x00007fff39e7c000 	/System/Library/Frameworks/OpenGL.framework/Versions/A/Libraries/libGLImage.dylib
0x00007fff39e5a000 	/System/Library/Frameworks/OpenGL.framework/Versions/A/Libraries/libCVMSPluginSupport.dylib
0x00007fff39e63000 	/System/Library/Frameworks/OpenGL.framework/Versions/A/Libraries/libCoreVMClient.dylib
0x00007fff65b99000 	/usr/lib/libncurses.5.4.dylib
0x00007fff2e281000 	/System/Library/Frameworks/ApplicationServices.framework/Versions/A/Frameworks/ATS.framework/Versions/A/ATS
0x00007fff2e44e000 	/System/Library/Frameworks/ApplicationServices.framework/Versions/A/Frameworks/ColorSyncLegacy.framework/Versions/A/ColorSyncLegacy
0x00007fff2e4ed000 	/System/Library/Frameworks/ApplicationServices.framework/Versions/A/Frameworks/HIServices.framework/Versions/A/HIServices
0x00007fff2e544000 	/System/Library/Frameworks/ApplicationServices.framework/Versions/A/Frameworks/LangAnalysis.framework/Versions/A/LangAnalysis
0x00007fff2e553000 	/System/Library/Frameworks/ApplicationServices.framework/Versions/A/Frameworks/PrintCore.framework/Versions/A/PrintCore
0x00007fff2e599000 	/System/Library/Frameworks/ApplicationServices.framework/Versions/A/Frameworks/QD.framework/Versions/A/QD
0x00007fff2e5a4000 	/System/Library/Frameworks/ApplicationServices.framework/Versions/A/Frameworks/SpeechSynthesis.framework/Versions/A/SpeechSynthesis
0x00007fff2e41e000 	/System/Library/Frameworks/ApplicationServices.framework/Versions/A/Frameworks/ATSUI.framework/Versions/A/ATSUI
0x00007fff64fed000 	/usr/lib/libcups.2.dylib
0x00007fff34a79000 	/System/Library/Frameworks/Kerberos.framework/Versions/A/Kerberos
0x00007fff32d2e000 	/System/Library/Frameworks/GSS.framework/Versions/A/GSS
0x00007fff66307000 	/usr/lib/libresolv.9.dylib
0x00007fff52149000 	/System/Library/PrivateFrameworks/Heimdal.framework/Versions/A/Heimdal
0x00007fff34a8c000 	/System/Library/Frameworks/Kerberos.framework/Versions/A/Libraries/libHeimdalProxy.dylib
0x00007fff65197000 	/usr/lib/libheimdal-asn1.dylib
0x00007fff468dd000 	/System/Library/PrivateFrameworks/CommonAuth.framework/Versions/A/CommonAuth
0x00007fff43b96000 	/System/Library/PrivateFrameworks/AssertionServices.framework/Versions/A/AssertionServices
0x00007fff4472c000 	/System/Library/PrivateFrameworks/AudioToolboxCore.framework/Versions/A/AudioToolboxCore
0x00007fff63791000 	/System/Library/PrivateFrameworks/caulk.framework/Versions/A/caulk
0x00007fff44ce2000 	/System/Library/PrivateFrameworks/BaseBoard.framework/Versions/A/BaseBoard
0x00007fff5b6c1000 	/System/Library/PrivateFrameworks/RunningBoardServices.framework/Versions/A/RunningBoardServices
0x00007fff587b4000 	/System/Library/PrivateFrameworks/PersistentConnection.framework/Versions/A/PersistentConnection
0x00007fff5b0ce000 	/System/Library/PrivateFrameworks/ProtocolBuffer.framework/Versions/A/ProtocolBuffer
0x00007fff468fa000 	/System/Library/PrivateFrameworks/CommonUtilities.framework/Versions/A/CommonUtilities
0x00007fff44e61000 	/System/Library/PrivateFrameworks/Bom.framework/Versions/A/Bom
0x00007fff63e12000 	/usr/lib/libAudioToolboxUtility.dylib
0x00007fff44c40000 	/System/Library/PrivateFrameworks/Backup.framework/Versions/A/Backup
0x00007fff4969d000 	/System/Library/PrivateFrameworks/CrashReporterSupport.framework/Versions/A/CrashReporterSupport
0x00007fff5d14a000 	/System/Library/PrivateFrameworks/Sharing.framework/Versions/A/Sharing
0x00007fff43343000 	/System/Library/PrivateFrameworks/Apple80211.framework/Versions/A/Apple80211
0x00007fff44968000 	/System/Library/PrivateFrameworks/AuthKit.framework/Versions/A/AuthKit
0x00007fff493cb000 	/System/Library/PrivateFrameworks/CoreUtils.framework/Versions/A/CoreUtils
0x00007fff32294000 	/System/Library/Frameworks/CoreWLAN.framework/Versions/A/CoreWLAN
0x00007fff32e97000 	/System/Library/Frameworks/IOBluetooth.framework/Versions/A/IOBluetooth
0x00007fff564cf000 	/System/Library/PrivateFrameworks/MobileKeyBag.framework/Versions/A/MobileKeyBag
0x00007fff484ac000 	/System/Library/PrivateFrameworks/CorePhoneNumbers.framework/Versions/A/CorePhoneNumbers
0x00007fff435a9000 	/System/Library/PrivateFrameworks/AppleIDAuthSupport.framework/Versions/A/AppleIDAuthSupport
0x00007fff36914000 	/System/Library/Frameworks/Network.framework/Versions/A/Network
0x00007fff54abb000 	/System/Library/PrivateFrameworks/KeychainCircle.framework/Versions/A/KeychainCircle
0x00007fff2fd21000 	/System/Library/Frameworks/CoreBluetooth.framework/Versions/A/CoreBluetooth
0x00007fff5eda4000 	/System/Library/PrivateFrameworks/SpeechRecognitionCore.framework/Versions/A/SpeechRecognitionCore
0x00007fff237ee000 	/System/Library/CoreServices/Encodings/libSimplifiedChineseConverter.dylib
0x0000000108200000 	/Library/Java/JavaVirtualMachines/jdk-13.0.2.jdk/Contents/Home/lib/server/libjvm.dylib
0x0000000107889000 	/Library/Java/JavaVirtualMachines/jdk-13.0.2.jdk/Contents/Home/lib/libverify.dylib
0x0000000107895000 	/Library/Java/JavaVirtualMachines/jdk-13.0.2.jdk/Contents/Home/lib/libjava.dylib
0x00000001078d3000 	/Library/Java/JavaVirtualMachines/jdk-13.0.2.jdk/Contents/Home/lib/libinstrument.dylib
0x0000000107956000 	/Library/Java/JavaVirtualMachines/jdk-13.0.2.jdk/Contents/Home/lib/libzip.dylib
0x000000010795d000 	/Library/Java/JavaVirtualMachines/jdk-13.0.2.jdk/Contents/Home/lib/libjimage.dylib
0x000000012a159000 	/Library/Java/JavaVirtualMachines/jdk-13.0.2.jdk/Contents/Home/lib/libnio.dylib
0x000000012a167000 	/Library/Java/JavaVirtualMachines/jdk-13.0.2.jdk/Contents/Home/lib/libnet.dylib
0x00000001132b0000 	/Library/Java/JavaVirtualMachines/jdk-13.0.2.jdk/Contents/Home/lib/libextnet.dylib
0x000000012a22a000 	/Library/Java/JavaVirtualMachines/jdk-13.0.2.jdk/Contents/Home/lib/libawt.dylib
0x000000012a2c0000 	/Library/Java/JavaVirtualMachines/jdk-13.0.2.jdk/Contents/Home/lib/libmlib_image.dylib
0x00007fff34a62000 	/System/Library/Frameworks/JavaVM.framework/Versions/A/Frameworks/JavaNativeFoundation.framework/Versions/A/JavaNativeFoundation
0x00007fff34a6b000 	/System/Library/Frameworks/JavaVM.framework/Versions/A/Frameworks/JavaRuntimeSupport.framework/Versions/A/JavaRuntimeSupport
0x00007fff34a74000 	/System/Library/Frameworks/JavaVM.framework/Versions/A/JavaVM
0x00007fff5491d000 	/System/Library/PrivateFrameworks/JavaLaunching.framework/Versions/A/JavaLaunching
0x00007fff2edf6000 	/System/Library/Frameworks/Carbon.framework/Versions/A/Carbon
0x00007fff4917f000 	/System/Library/PrivateFrameworks/CoreSymbolication.framework/Versions/A/CoreSymbolication
0x00007fff2edf7000 	/System/Library/Frameworks/Carbon.framework/Versions/A/Frameworks/CommonPanels.framework/Versions/A/CommonPanels
0x00007fff2f0f0000 	/System/Library/Frameworks/Carbon.framework/Versions/A/Frameworks/Help.framework/Versions/A/Help
0x00007fff2f0f4000 	/System/Library/Frameworks/Carbon.framework/Versions/A/Frameworks/ImageCapture.framework/Versions/A/ImageCapture
0x00007fff2f0fb000 	/System/Library/Frameworks/Carbon.framework/Versions/A/Frameworks/OpenScripting.framework/Versions/A/OpenScripting
0x00007fff2f0fa000 	/System/Library/Frameworks/Carbon.framework/Versions/A/Frameworks/Ink.framework/Versions/A/Ink
0x00007fff2f136000 	/System/Library/Frameworks/Carbon.framework/Versions/A/Frameworks/Print.framework/Versions/A/Print
0x00007fff2f137000 	/System/Library/Frameworks/Carbon.framework/Versions/A/Frameworks/SecurityHI.framework/Versions/A/SecurityHI
0x00007fff49a63000 	/System/Library/PrivateFrameworks/DebugSymbols.framework/Versions/A/DebugSymbols
0x000000012a326000 	/Library/Java/JavaVirtualMachines/jdk-13.0.2.jdk/Contents/Home/lib/libawt_lwawt.dylib
0x000000012a3d0000 	/Library/Java/JavaVirtualMachines/jdk-13.0.2.jdk/Contents/Home/lib/libosxapp.dylib
0x00007fff327a1000 	/System/Library/Frameworks/ExceptionHandling.framework/Versions/A/ExceptionHandling
0x000000012a3eb000 	/Library/Java/JavaVirtualMachines/jdk-13.0.2.jdk/Contents/Home/lib/libfontmanager.dylib
0x000000012a4e9000 	/Library/Java/JavaVirtualMachines/jdk-13.0.2.jdk/Contents/Home/lib/libfreetype.dylib
0x00007fff48c22000 	/System/Library/PrivateFrameworks/CoreServicesInternal.framework/Versions/A/CoreServicesInternal
0x00007fff327c0000 	/System/Library/Frameworks/FileProvider.framework/Versions/A/FileProvider
0x00007fff2d2e0000 	/System/Library/Frameworks/Accounts.framework/Versions/A/Accounts
0x00007fff50edb000 	/System/Library/PrivateFrameworks/GenerationalStorage.framework/Versions/A/GenerationalStorage
0x00007fff5f5d1000 	/System/Library/PrivateFrameworks/SymptomDiagnosticReporter.framework/Versions/A/SymptomDiagnosticReporter
0x00007fff42e40000 	/System/Library/PrivateFrameworks/AppContainer.framework/Versions/A/AppContainer
0x00007fff66321000 	/usr/lib/libsandbox.1.dylib
0x00007fff61add000 	/System/Library/PrivateFrameworks/UserManagement.framework/Versions/A/UserManagement
0x00007fff45a08000 	/System/Library/PrivateFrameworks/ChunkingLibrary.framework/Versions/A/ChunkingLibrary
0x00007fff42eb1000 	/System/Library/PrivateFrameworks/AppSandbox.framework/Versions/A/AppSandbox
0x00007fff5cfff000 	/System/Library/PrivateFrameworks/SecCodeWrapper.framework/Versions/A/SecCodeWrapper
0x00007fff64227000 	/usr/lib/libMatch.1.dylib
0x00007fff23815000 	/System/Library/CoreServices/RawCamera.bundle/Contents/MacOS/RawCamera
0x00007fff562f9000 	/System/Library/PrivateFrameworks/MobileAsset.framework/Versions/A/MobileAsset
0x00007fff5f47f000 	/System/Library/PrivateFrameworks/StreamingZip.framework/Versions/A/StreamingZip
0x00007fff34ef0000 	/System/Library/Frameworks/MediaToolbox.framework/Versions/A/MediaToolbox
0x00007fff473c7000 	/System/Library/PrivateFrameworks/CoreAVCHD.framework/Versions/A/CoreAVCHD
0x00007fff34e1d000 	/System/Library/Frameworks/MediaAccessibility.framework/Versions/A/MediaAccessibility
0x00007fff556ed000 	/System/Library/PrivateFrameworks/Mangrove.framework/Versions/A/Mangrove
0x00007fff31462000 	/System/Library/Frameworks/CoreMedia.framework/Versions/A/CoreMedia
0x00007fff55948000 	/System/Library/PrivateFrameworks/MediaExperience.framework/Versions/A/MediaExperience
0x00007fff3dd7b000 	/System/Library/Frameworks/VideoToolbox.framework/Versions/A/VideoToolbox
0x00007fff46ff1000 	/System/Library/PrivateFrameworks/CoreAUC.framework/Versions/A/CoreAUC
0x00007fff66378000 	/usr/lib/libspindump.dylib
0x00007fff440d7000 	/System/Library/PrivateFrameworks/AudioResourceArbitration.framework/Versions/A/AudioResourceArbitration
0x00007fff43afd000 	/System/Library/PrivateFrameworks/AppleVA.framework/Versions/A/AppleVA
0x00007fff2c026000 	/System/Library/Frameworks/Accelerate.framework/Versions/A/Frameworks/vImage.framework/Versions/A/Libraries/libCGInterfaces.dylib
0x000000012c00b000 	/usr/lib/libobjc-trampolines.dylib
0x00007fff4bfa6000 	/System/Library/PrivateFrameworks/FontServices.framework/libTrueTypeScaler.dylib
0x00007fff28fcf000 	/System/Library/Extensions/AppleIntelKBLGraphicsMTLDriver.bundle/Contents/MacOS/AppleIntelKBLGraphicsMTLDriver
0x00007fff4f513000 	/System/Library/PrivateFrameworks/GPUCompiler.framework/Versions/3902/Libraries/libmetal_timestamp.dylib
0x00007fff628ab000 	/System/Library/PrivateFrameworks/ViewBridge.framework/Versions/A/ViewBridge
0x00007fff3aac1000 	/System/Library/Frameworks/OpenGL.framework/Versions/A/Resources/GLEngine.bundle/GLEngine
0x00007fff39eb2000 	/System/Library/Frameworks/OpenGL.framework/Versions/A/Libraries/libGLProgrammability.dylib
0x00007fff281a6000 	/System/Library/Extensions/AppleIntelKBLGraphicsGLDriver.bundle/Contents/MacOS/AppleIntelKBLGraphicsGLDriver
0x00007fff50baf000 	/System/Library/PrivateFrameworks/GPUSupport.framework/Versions/A/Libraries/libGPUSupportMercury.dylib
0x00007fff3ac3b000 	/System/Library/Frameworks/OpenGL.framework/Versions/A/Resources/GLRendererFloat.bundle/GLRendererFloat
0x00007fff39475000 	/System/Library/Frameworks/OpenCL.framework/Versions/A/Libraries/libcldcpuengine.dylib
0x00007fff64bd2000 	/usr/lib/libcrypto.35.dylib
0x00007fff5ffbd000 	/System/Library/PrivateFrameworks/TrustEvaluationAgent.framework/Versions/A/TrustEvaluationAgent
0x00007fff63ae1000 	/System/Library/PrivateFrameworks/login.framework/Versions/A/login
0x000000012d6ea000 	/Library/Java/JavaVirtualMachines/jdk-13.0.2.jdk/Contents/Home/lib/libosxui.dylib
0x000000016738e000 	/Library/Java/JavaVirtualMachines/jdk-13.0.2.jdk/Contents/Home/lib/libjavajpeg.dylib
0x00000001672e1000 	/Users/daliangrun/Library/Caches/JNA/temp/jna712305971242782995.tmp
0x000000016c91d000 	/Applications/VLC.app/Contents/MacOS/lib/libvlccore.9.dylib
0x000000016c737000 	/Applications/VLC.app/Contents/MacOS/lib/libvlc.5.dylib
0x0000000153b8b000 	/Applications/VLC.app/Contents/MacOS/plugins/libsyslog_plugin.dylib
0x0000000167cb5000 	/Applications/VLC.app/Contents/MacOS/plugins/libfile_logger_plugin.dylib
0x0000000167345000 	/Applications/VLC.app/Contents/MacOS/plugins/libconsole_logger_plugin.dylib
0x000000016c75e000 	/Applications/VLC.app/Contents/MacOS/plugins/libmemory_keystore_plugin.dylib
0x000000016c78e000 	/Applications/VLC.app/Contents/MacOS/plugins/libauhal_plugin.dylib
0x000000016c7a1000 	/System/Library/Extensions/AppleHDA.kext/Contents/PlugIns/AppleHDAHALPlugIn.bundle/Contents/MacOS/AppleHDAHALPlugIn
0x000000016db64000 	/Applications/VLC.app/Contents/MacOS/plugins/liblibbluray_plugin.dylib
0x000000016cc7b000 	/Applications/VLC.app/Contents/MacOS/plugins/libdvdnav_plugin.dylib
0x000000016cd10000 	/Applications/VLC.app/Contents/MacOS/plugins/libvdr_plugin.dylib
0x000000016cd1b000 	/Applications/VLC.app/Contents/MacOS/plugins/libfilesystem_plugin.dylib
0x000000016cd25000 	/Applications/VLC.app/Contents/MacOS/plugins/libprefetch_plugin.dylib
0x000000016c7ae000 	/Applications/VLC.app/Contents/MacOS/plugins/libcache_read_plugin.dylib
0x000000016cd2f000 	/Applications/VLC.app/Contents/MacOS/plugins/libadf_plugin.dylib
0x000000016cd37000 	/Applications/VLC.app/Contents/MacOS/plugins/libinflate_plugin.dylib
0x000000016cd49000 	/Applications/VLC.app/Contents/MacOS/plugins/libskiptags_plugin.dylib
0x000000016cd51000 	/Applications/VLC.app/Contents/MacOS/plugins/libhds_plugin.dylib
0x000000016cd5e000 	/Applications/VLC.app/Contents/MacOS/plugins/libdecomp_plugin.dylib
0x000000016cd68000 	/Applications/VLC.app/Contents/MacOS/plugins/libplaylist_plugin.dylib
0x000000016cd83000 	/Applications/VLC.app/Contents/MacOS/plugins/liblua_plugin.dylib
0x000000016e9a3000 	/Applications/VLC.app/Contents/MacOS/plugins/libarchive_plugin.dylib
0x000000016cddd000 	/Applications/VLC.app/Contents/MacOS/plugins/librecord_plugin.dylib
0x000000016ea13000 	/Applications/VLC.app/Contents/MacOS/plugins/libmp4_plugin.dylib
0x000000016ea4d000 	/Applications/VLC.app/Contents/MacOS/plugins/libdav1d_plugin.dylib
0x000000016eb7e000 	/Applications/VLC.app/Contents/MacOS/plugins/libjpeg_plugin.dylib
0x000000016ebc4000 	/Applications/VLC.app/Contents/MacOS/plugins/libpng_plugin.dylib
0x000000016cde6000 	/Applications/VLC.app/Contents/MacOS/plugins/libcdg_plugin.dylib
0x000000016ec0f000 	/Applications/VLC.app/Contents/MacOS/plugins/libvideotoolbox_plugin.dylib
0x00007fff434ab000 	/System/Library/PrivateFrameworks/AppleGVA.framework/Versions/A/AppleGVA
0x000000016eeb9000 	/System/Library/Extensions/AppleIntelKBLGraphicsVADriver.bundle/Contents/MacOS/AppleIntelKBLGraphicsVADriver
0x000000016c90f000 	/System/Library/Extensions/AppleIntelKBLGraphicsVAME.bundle/Contents/MacOS/AppleIntelKBLGraphicsVAME
0x0000000170c4a000 	/Applications/VLC.app/Contents/MacOS/plugins/libspdif_plugin.dylib
0x0000000170c52000 	/Applications/VLC.app/Contents/MacOS/plugins/libspeex_plugin.dylib
0x0000000170c7d000 	/Applications/VLC.app/Contents/MacOS/plugins/libaes3_plugin.dylib
0x0000000170c86000 	/Applications/VLC.app/Contents/MacOS/plugins/libg711_plugin.dylib
0x0000000170c92000 	/Applications/VLC.app/Contents/MacOS/plugins/libfaad_plugin.dylib
0x0000000170ce2000 	/Applications/VLC.app/Contents/MacOS/plugins/libtaglib_plugin.dylib
0x0000000171652000 	/Applications/VLC.app/Contents/MacOS/plugins/libfreetype_plugin.dylib
0x0000000171eb2000 	/Applications/VLC.app/Contents/MacOS/plugins/libi420_yuy2_sse2_plugin.dylib
0x0000000171ebc000 	/Applications/VLC.app/Contents/MacOS/plugins/libi420_yuy2_mmx_plugin.dylib
0x0000000171ec5000 	/Applications/VLC.app/Contents/MacOS/plugins/libi420_nv12_plugin.dylib
0x000000016907c000 	/Applications/VLC.app/Contents/MacOS/plugins/libswscale_plugin.dylib
0x0000000169181000 	/Applications/VLC.app/Contents/MacOS/plugins/libi420_rgb_sse2_plugin.dylib
0x0000000169192000 	/Applications/VLC.app/Contents/MacOS/plugins/libi422_yuy2_sse2_plugin.dylib
0x000000016919b000 	/Applications/VLC.app/Contents/MacOS/plugins/libi422_yuy2_mmx_plugin.dylib
0x00000001691a3000 	/Applications/VLC.app/Contents/MacOS/plugins/libi420_rgb_mmx_plugin.dylib
0x00000001691b0000 	/Applications/VLC.app/Contents/MacOS/plugins/libyuy2_i422_plugin.dylib
0x00000001691b8000 	/Applications/VLC.app/Contents/MacOS/plugins/libi420_yuy2_plugin.dylib
0x00000001691c1000 	/Applications/VLC.app/Contents/MacOS/plugins/libi422_yuy2_plugin.dylib
0x00000001691ca000 	/Applications/VLC.app/Contents/MacOS/plugins/libyuy2_i420_plugin.dylib
0x00000001691f9000 	/Applications/VLC.app/Contents/MacOS/plugins/libi420_rgb_plugin.dylib
0x0000000169205000 	/Applications/VLC.app/Contents/MacOS/plugins/libgrey_yuv_plugin.dylib
0x000000016920d000 	/Applications/VLC.app/Contents/MacOS/plugins/libi422_i420_plugin.dylib
0x0000000169231000 	/Applications/VLC.app/Contents/MacOS/plugins/libcvpx_plugin.dylib
0x0000000169241000 	/Applications/VLC.app/Contents/MacOS/plugins/libscale_plugin.dylib
0x0000000169249000 	/Applications/VLC.app/Contents/MacOS/plugins/libyuvp_plugin.dylib
0x0000000169251000 	/Applications/VLC.app/Contents/MacOS/plugins/libvmem_plugin.dylib
0x000000016957c000 	/Applications/VLC.app/Contents/MacOS/plugins/librv32_plugin.dylib
0x0000000169584000 	/Applications/VLC.app/Contents/MacOS/plugins/libchain_plugin.dylib


VM Arguments:
jvm_args: -javaagent:/Applications/IntelliJ IDEA CE.app/Contents/lib/idea_rt.jar=57705:/Applications/IntelliJ IDEA CE.app/Contents/bin -Dfile.encoding=UTF-8 
java_command: org.qmbupt.grp105.UI.main
java_class_path (initial): /Users/daliangrun/Downloads/fitness/Online-Gym/target/classes:/Users/daliangrun/.m2/repository/net/java/dev/jna/jna/5.4.0/jna-5.4.0.jar:/Users/daliangrun/.m2/repository/net/java/dev/jna/jna-platform/5.4.0/jna-platform-5.4.0.jar:/Users/daliangrun/.m2/repository/uk/co/caprica/vlcj/4.4.4/vlcj-4.4.4.jar:/Users/daliangrun/.m2/repository/uk/co/caprica/vlcj-natives/4.1.0/vlcj-natives-4.1.0.jar:/Users/daliangrun/.m2/repository/org/springframework/boot/spring-boot-starter-web/2.2.2.RELEASE/spring-boot-starter-web-2.2.2.RELEASE.jar:/Users/daliangrun/.m2/repository/org/springframework/boot/spring-boot-starter/2.2.2.RELEASE/spring-boot-starter-2.2.2.RELEASE.jar:/Users/daliangrun/.m2/repository/org/springframework/boot/spring-boot/2.2.2.RELEASE/spring-boot-2.2.2.RELEASE.jar:/Users/daliangrun/.m2/repository/org/springframework/boot/spring-boot-autoconfigure/2.2.2.RELEASE/spring-boot-autoconfigure-2.2.2.RELEASE.jar:/Users/daliangrun/.m2/repository/org/springframework/boot/spring-boot-starter-logging/2.2.2.RELEASE/spring-boot-starter-logging-2.2.2.RELEASE.jar:/Users/daliangrun/.m2/repository/ch/qos/logback/logback-classic/1.2.3/logback-classic-1.2.3.jar:/Users/daliangrun/.m2/repository/ch/qos/logback/logback-core/1.2.3/logback-core-1.2.3.jar:/Users/daliangrun/.m2/repository/org/slf4j/slf4j-api/1.7.29/slf4j-api-1.7.29.jar:/Users/daliangrun/.m2/repository/org/apache/logging/log4j/log4j-to-slf4j/2.12.1/log4j-to-slf4j-2.12.1.jar:/Users/daliangrun/.m2/repository/org/apache/logging/log4j/log4j-api/2.12.1/log4j-api-2.12.1.jar:/Users/daliangrun/.m2/repository/org/slf4j/jul-to-slf4j/1.7.29/jul-to-slf4j-1.7.29.jar:/Users/daliangrun/.m2/repository/jakarta/annotation/jakarta.annotation-api/1.3.5/jakarta.annotation-api-1.3.5.jar:/Users/daliangrun/.m2/repository/org/springframework/spring-core/5.2.2.RELEASE/spring-core-5.2.2.RELEASE.jar:/Users/daliangrun/.m2/repository/org/springframework/spring-jcl/5.2.2.RELEASE/spring-jcl-5.2.2.RELEASE.jar:/Users/daliangrun/.m2/rep
Launcher Type: SUN_STANDARD

[Global flags]
     intx CICompilerCount                          = 3                                         {product} {ergonomic}
     uint ConcGCThreads                            = 1                                         {product} {ergonomic}
     uint G1ConcRefinementThreads                  = 4                                         {product} {ergonomic}
   size_t G1HeapRegionSize                         = 1048576                                   {product} {ergonomic}
    uintx GCDrainStackTargetSize                   = 64                                        {product} {ergonomic}
   size_t InitialHeapSize                          = 134217728                                 {product} {ergonomic}
   size_t MarkStackSize                            = 4194304                                   {product} {ergonomic}
   size_t MaxHeapSize                              = 2147483648                                {product} {ergonomic}
   size_t MaxNewSize                               = 1287651328                                {product} {ergonomic}
   size_t MinHeapDeltaBytes                        = 1048576                                   {product} {ergonomic}
   size_t MinHeapSize                              = 8388608                                   {product} {ergonomic}
    uintx NonNMethodCodeHeapSize                   = 5832780                                {pd product} {ergonomic}
    uintx NonProfiledCodeHeapSize                  = 122912730                              {pd product} {ergonomic}
    uintx ProfiledCodeHeapSize                     = 122912730                              {pd product} {ergonomic}
    uintx ReservedCodeCacheSize                    = 251658240                              {pd product} {ergonomic}
     bool SegmentedCodeCache                       = true                                      {product} {ergonomic}
   size_t SoftMaxHeapSize                          = 2147483648                             {manageable} {ergonomic}
     bool UseCompressedClassPointers               = true                                 {lp64_product} {ergonomic}
     bool UseCompressedOops                        = true                                 {lp64_product} {ergonomic}
     bool UseG1GC                                  = true                                      {product} {ergonomic}

Logging:
Log output configuration:
 #0: stdout all=warning uptime,level,tags
 #1: stderr all=off uptime,level,tags

Environment Variables:
PATH=/Users/daliangrun/opt/anaconda3/bin:/Users/daliangrun/opt/anaconda3/condabin:/usr/local/bin:/usr/bin:/bin:/usr/sbin:/sbin:/Library/Apple/usr/bin:/Library/Apple/bin:/Applications/VMware Fusion.app/Contents/Public:/Library/TeX/texbin
SHELL=/bin/zsh

Signal Handlers:
SIGSEGV: [libjvm.dylib+0x77ba40], sa_mask[0]=11111111011111110111111111111111, sa_flags=SA_ONSTACK|SA_RESTART|SA_SIGINFO
SIGBUS: [libjvm.dylib+0x77ba40], sa_mask[0]=11111111011111110111111111111111, sa_flags=SA_RESTART|SA_SIGINFO
SIGFPE: [libjvm.dylib+0x77ba40], sa_mask[0]=11111111011111110111111111111111, sa_flags=SA_RESTART|SA_SIGINFO
SIGPIPE: [libjvm.dylib+0x6221fd], sa_mask[0]=11111111011111110111111111111111, sa_flags=SA_RESTART|SA_SIGINFO
SIGXFSZ: [libjvm.dylib+0x6221fd], sa_mask[0]=11111111011111110111111111111111, sa_flags=SA_RESTART|SA_SIGINFO
SIGILL: [libjvm.dylib+0x77ba40], sa_mask[0]=11111111011111110111111111111111, sa_flags=SA_RESTART|SA_SIGINFO
SIGUSR2: [libjvm.dylib+0x6227e7], sa_mask[0]=00100000000000000000000000000000, sa_flags=SA_RESTART|SA_SIGINFO
SIGHUP: [libjvm.dylib+0x6217d5], sa_mask[0]=11111111011111110111111111111111, sa_flags=SA_RESTART|SA_SIGINFO
SIGINT: [libjvm.dylib+0x6217d5], sa_mask[0]=11111111011111110111111111111111, sa_flags=SA_RESTART|SA_SIGINFO
SIGTERM: [libjvm.dylib+0x6217d5], sa_mask[0]=11111111011111110111111111111111, sa_flags=SA_RESTART|SA_SIGINFO
SIGQUIT: [libjvm.dylib+0x6217d5], sa_mask[0]=11111111011111110111111111111111, sa_flags=SA_RESTART|SA_SIGINFO


---------------  S Y S T E M  ---------------

OS:uname:Darwin 19.0.0 Darwin Kernel Version 19.0.0: Wed Sep 25 20:18:50 PDT 2019; root:xnu-6153.11.26~2/RELEASE_X86_64 x86_64
rlimit: STACK 8192k, CORE 0k, NPROC 1392, NOFILE 10240, AS infinity, DATA infinity, FSIZE infinity
load average:3.06 7.90 13.48

CPU:total 4 (initial active 4) (2 cores per cpu, 2 threads per core) family 6 model 142 stepping 9, cmov, cx8, fxsr, mmx, sse, sse2, sse3, ssse3, sse4.1, sse4.2, popcnt, avx, avx2, aes, clmul, erms, rtm, 3dnowpref, lzcnt, ht, tsc, tscinvbit, bmi1, bmi2, adx, fma

Memory: 4k page, physical 8388608k(100352k free), swap 5242880k(479488k free)

vm_info: Java HotSpot(TM) 64-Bit Server VM (13.0.2+8) for bsd-amd64 JRE (13.0.2+8), built on Dec 11 2019 09:27:08 by "mach5one" with clang 4.2.1 Compatible Apple LLVM 10.0.0 (clang-1000.11.45.5)

END.
