#
# A fatal error has been detected by the Java Runtime Environment:
#
#  SIGSEGV (0xb) at pc=0x00007fff67776d29, pid=8779, tid=142851
#
# JRE version: Java(TM) SE Runtime Environment (13.0.2+8) (build 13.0.2+8)
# Java VM: Java HotSpot(TM) 64-Bit Server VM (13.0.2+8, mixed mode, sharing, tiered, compressed oops, g1 gc, bsd-amd64)
# Problematic frame:
# C  [libsystem_platform.dylib+0x1d29]  _platform_memmove$VARIANT$Haswell+0x29
#
# No core dump will be written. Core dumps have been disabled. To enable core dumping, try "ulimit -c unlimited" before starting Java again
#
# If you would like to submit a bug report, please visit:
#   http://bugreport.java.com/bugreport/crash.jsp
#

---------------  S U M M A R Y ------------

Command Line: -javaagent:/Applications/IntelliJ IDEA CE.app/Contents/lib/idea_rt.jar=62041:/Applications/IntelliJ IDEA CE.app/Contents/bin -Dfile.encoding=UTF-8 org.qmbupt.grp105.UI.main

Host: MacBookPro14,1 x86_64 2300 MHz, 4 cores, 8G, Darwin 19.0.0
Time: Fri Apr 23 10:16:10 2021 CST elapsed time: 6 seconds (0d 0h 0m 6s)

---------------  T H R E A D  ---------------

Current thread is native thread

Stack: [0x000070000ad94000,0x000070000ae94000],  sp=0x000070000ae938d0,  free space=1022k
Native frames: (J=compiled Java code, A=aot compiled Java code, j=interpreted, Vv=VM code, C=native code)
C  [libsystem_platform.dylib+0x1d29]  _platform_memmove$VARIANT$Haswell+0x29


siginfo: si_signo: 11 (SIGSEGV), si_code: 1 (SEGV_MAPERR), si_addr: 0x0000000000000000

Register to memory mapping:

RAX=0x0 is NULL
RBX=0x0 is NULL
RCX=
[error occurred during error reporting (printing register info), id 0xb, SIGSEGV (0xb) at pc=0x000000010f931616]

Registers:
RAX=0x0000000000000000, RBX=0x0000000000000000, RCX=0x0000000000320000, RDX=0x0000000000320000
RSP=0x000070000ae938d0, RBP=0x000070000ae938d0, RSI=0x000000017cd53000, RDI=0x0000000000000000
R8 =0x00007feebc703760, R9 =0x0000000000000001, R10=0x0000000000000004, R11=0xfffffffe832ad000
R12=0x0000000000001400, R13=0x0000000000000000, R14=0x0000000000000280, R15=0x00007feebc703850
RIP=0x00007fff67776d29, EFLAGS=0x0000000000010206, ERR=0x0000000000000006
  TRAPNO=0x000000000000000e

Top of Stack: (sp=0x000070000ae938d0)
0x000070000ae938d0:   00007feebc703850 000000016ea30fd3
0x000070000ae938e0:   00007feebc7036b0 00007feebc703850
0x000070000ae938f0:   0000000000000000 00007feebc702090
0x000070000ae93900:   00007feebc701e90 0000000000000000
0x000070000ae93910:   00007feebc7036b0 00007feebc703850
0x000070000ae93920:   00007feebc7004c0 00000001738a58f4
0x000070000ae93930:   0000000000000000 000000016ea6a470
0x000070000ae93940:   000000016ea68696 000000016ea3daec
0x000070000ae93950:   000070000ae939c0 00007fff677397b7
0x000070000ae93960:   0000000000000000 0000000000000000
0x000070000ae93970:   0000000000000000 0000140000000280
0x000070000ae93980:   000000016ea6a470 0000000000000000
0x000070000ae93990:   000000016ea68696 0000000000000000
0x000070000ae939a0:   000000016ea3daec 0000000000000000
0x000070000ae939b0:   000070000ae939c0 0000000000000000
0x000070000ae939c0:   00007feebc701e90 ffe0613f7e3a00f1
0x000070000ae939d0:   00007feeb9bf9718 0000000000000000
0x000070000ae939e0:   00007feebc7036b0 000000016ea142c9
0x000070000ae939f0:   0000700000000000 000000016ea64e0b
0x000070000ae93a00:   0ae93b0100003ab0 00007feeb9bf9718
0x000070000ae93a10:   0000000000000000 00007feebc7004c0
0x000070000ae93a20:   00007feeb9bf96f0 000070000ae93a20
0x000070000ae93a30:   000000016ea64c76 00007feeb9bf9720
0x000070000ae93a40:   00007feebc701ec8 00007feeb9bf9700
0x000070000ae93a50:   000000016ea6a470 0000000000000000
0x000070000ae93a60:   000005004e505643 0000000000000280
0x000070000ae93a70:   0000050000000000 0000001800000280
0x000070000ae93a80:   0000000100000001 0000000100000018
0x000070000ae93a90:   0000000000000000 0000000000000000
0x000070000ae93aa0:   0000000000000000 0000000000000000
0x000070000ae93ab0:   0000000000000000 0000000000000000
0x000070000ae93ac0:   0000000300000000 0000000200000005 

Instructions: (pc=0x00007fff67776d29)
0x00007fff67776c29:   ce c4 2c 48 85 db 74 87 4c 89 f8 f0 48 0f c1 03
0x00007fff67776c39:   4c 01 f8 49 8b 4d 00 48 8d 4c 09 f0 48 39 c8 0f
0x00007fff67776c49:   87 6a ff ff ff 48 8d 44 03 10 4c 29 f8 48 83 c4
0x00007fff67776c59:   08 5b 41 5c 41 5d 41 5e 41 5f 5d c3 48 98 48 8d
0x00007fff67776c69:   0d 3a 63 00 00 48 89 0d 13 ce c4 2c 48 89 05 3c
0x00007fff67776c79:   ce c4 2c 0f 0b 48 8d 05 7f 5e 00 00 48 89 47 08
0x00007fff67776c89:   c7 47 10 ff ff ff ff c3 48 b8 40 00 e0 ff ff 7f
0x00007fff67776c99:   00 00 8b 00 3d eb 5e 3b 57 7e 1d 3d ec 5e 3b 57
0x00007fff67776ca9:   74 0e 3d bc 4f ea 78 74 25 3d d2 4c 5a 6b 75 16
0x00007fff67776cb9:   48 8d 05 00 29 00 00 c3 3d 35 e8 65 1f 74 17 3d
0x00007fff67776cc9:   8c b7 90 54 74 ea 48 8d 05 2a 00 00 00 c3 48 8d
0x00007fff67776cd9:   05 e2 47 00 00 c3 48 8d 05 9a 28 00 00 c3 90 90
0x00007fff67776ce9:   90 90 90 90 90 90 90 90 90 90 90 90 90 90 90 90
0x00007fff67776cf9:   90 90 90 90 90 90 90 55 48 89 e5 49 89 fb 49 29
0x00007fff67776d09:   f3 48 89 f8 49 39 d3 72 1b 48 83 fa 60 76 2f 48
0x00007fff67776d19:   81 fa 00 40 00 00 0f 82 cb 00 00 00 48 89 d1 fc
0x00007fff67776d29:   f3 a4 5d c3 48 39 fe 74 f9 48 01 d6 48 01 d7 48
0x00007fff67776d39:   83 fa 60 0f 82 8c 01 00 00 e9 a9 01 00 00 48 83
0x00007fff67776d49:   fa 10 76 56 c5 f8 10 4c 16 f0 48 83 ea 20 76 2a
0x00007fff67776d59:   c5 fc 10 06 c5 fc 11 07 48 83 c6 20 48 83 c7 20
0x00007fff67776d69:   48 83 ea 20 72 14 c5 fc 10 06 c5 fc 11 07 48 83
0x00007fff67776d79:   c6 20 48 83 c7 20 48 83 ea 20 48 83 c2 10 7e 0c
0x00007fff67776d89:   c5 f8 10 06 c5 f8 11 07 c5 f8 57 c0 c5 f8 11 0c
0x00007fff67776d99:   17 c5 f0 57 c9 5d c5 f8 77 c3 48 83 ea 08 72 10
0x00007fff67776da9:   48 8b 0e 4c 8b 04 16 48 89 0f 4c 89 04 17 5d c3
0x00007fff67776db9:   48 83 c2 08 74 25 4d 31 c0 42 8a 0c 06 42 88 0c
0x00007fff67776dc9:   07 48 83 ea 01 74 14 42 8a 4c 06 01 42 88 4c 07
0x00007fff67776dd9:   01 49 83 c0 02 48 83 ea 01 75 de 5d c3 66 2e 0f
0x00007fff67776de9:   1f 84 00 00 00 00 00 c5 fc 10 06 48 83 c7 20 48
0x00007fff67776df9:   83 e7 e0 48 89 f9 48 29 c1 48 01 ce 48 29 ca c5
0x00007fff67776e09:   fc 10 0e c5 fc 11 00 c5 fc 57 c0 c5 fc 10 56 20
0x00007fff67776e19:   48 83 c6 40 48 81 ea 80 00 00 00 76 5a 48 f7 c6 


Stack slot to memory mapping:
stack at sp + 0 slots: 
[error occurred during error reporting (inspecting top of stack), id 0xb, SIGSEGV (0xb) at pc=0x000000010f931616]


---------------  P R O C E S S  ---------------

VM state:not at safepoint (normal execution)

VM Mutex/Monitor currently owned by a thread: None

Heap address: 0x0000000780000000, size: 2048 MB, Compressed Oops mode: Zero based, Oop shift amount: 3
Narrow klass base: 0x0000000800000000, Narrow klass shift: 3
Compressed class space size: 1073741824 Address: 0x0000000800ae0000

Heap:
 garbage-first heap   total 133120K, used 70603K [0x0000000780000000, 0x0000000800000000)
  region size 1024K, 3 young (3072K), 2 survivors (2048K)
 Metaspace       used 17124K, capacity 17615K, committed 17920K, reserved 1064960K
  class space    used 2126K, capacity 2291K, committed 2304K, reserved 1048576K
Heap Regions: E=young(eden), S=young(survivor), O=old, HS=humongous(starts), HC=humongous(continues), CS=collection set, F=free, A=archive, TAMS=top-at-mark-start (previous, next)
|   0|0x0000000780000000, 0x0000000780100000, 0x0000000780100000|100%| O|  |TAMS 0x0000000780100000, 0x0000000780000000| Untracked 
|   1|0x0000000780100000, 0x0000000780200000, 0x0000000780200000|100%| O|  |TAMS 0x0000000780200000, 0x0000000780100000| Untracked 
|   2|0x0000000780200000, 0x0000000780300000, 0x0000000780300000|100%| O|  |TAMS 0x0000000780300000, 0x0000000780200000| Untracked 
|   3|0x0000000780300000, 0x0000000780400000, 0x0000000780400000|100%| O|  |TAMS 0x0000000780400000, 0x0000000780300000| Untracked 
|   4|0x0000000780400000, 0x0000000780500000, 0x0000000780500000|100%| O|  |TAMS 0x000000078048aa00, 0x0000000780400000| Untracked 
|   5|0x0000000780500000, 0x0000000780600000, 0x0000000780600000|100%|HS|  |TAMS 0x0000000780600000, 0x0000000780500000| Complete 
|   6|0x0000000780600000, 0x0000000780700000, 0x0000000780700000|100%|HS|  |TAMS 0x0000000780700000, 0x0000000780600000| Complete 
|   7|0x0000000780700000, 0x0000000780800000, 0x0000000780800000|100%|HS|  |TAMS 0x0000000780800000, 0x0000000780700000| Complete 
|   8|0x0000000780800000, 0x0000000780900000, 0x0000000780900000|100%|HC|  |TAMS 0x0000000780900000, 0x0000000780800000| Complete 
|   9|0x0000000780900000, 0x0000000780a00000, 0x0000000780a00000|100%|HS|  |TAMS 0x0000000780a00000, 0x0000000780900000| Complete 
|  10|0x0000000780a00000, 0x0000000780b00000, 0x0000000780b00000|100%|HC|  |TAMS 0x0000000780b00000, 0x0000000780a00000| Complete 
|  11|0x0000000780b00000, 0x0000000780c00000, 0x0000000780c00000|100%|HC|  |TAMS 0x0000000780c00000, 0x0000000780b00000| Complete 
|  12|0x0000000780c00000, 0x0000000780d00000, 0x0000000780d00000|100%|HC|  |TAMS 0x0000000780d00000, 0x0000000780c00000| Complete 
|  13|0x0000000780d00000, 0x0000000780e00000, 0x0000000780e00000|100%|HS|  |TAMS 0x0000000780e00000, 0x0000000780d00000| Complete 
|  14|0x0000000780e00000, 0x0000000780f00000, 0x0000000780f00000|100%|HC|  |TAMS 0x0000000780f00000, 0x0000000780e00000| Complete 
|  15|0x0000000780f00000, 0x0000000781000000, 0x0000000781000000|100%|HC|  |TAMS 0x0000000781000000, 0x0000000780f00000| Complete 
|  16|0x0000000781000000, 0x0000000781100000, 0x0000000781100000|100%|HC|  |TAMS 0x0000000781100000, 0x0000000781000000| Complete 
|  17|0x0000000781100000, 0x0000000781200000, 0x0000000781200000|100%|HC|  |TAMS 0x0000000781200000, 0x0000000781100000| Complete 
|  18|0x0000000781200000, 0x0000000781300000, 0x0000000781300000|100%|HC|  |TAMS 0x0000000781300000, 0x0000000781200000| Complete 
|  19|0x0000000781300000, 0x0000000781400000, 0x0000000781400000|100%|HC|  |TAMS 0x0000000781400000, 0x0000000781300000| Complete 
|  20|0x0000000781400000, 0x0000000781500000, 0x0000000781500000|100%|HC|  |TAMS 0x0000000781500000, 0x0000000781400000| Complete 
|  21|0x0000000781500000, 0x0000000781600000, 0x0000000781600000|100%|HC|  |TAMS 0x0000000781600000, 0x0000000781500000| Complete 
|  22|0x0000000781600000, 0x0000000781700000, 0x0000000781700000|100%|HC|  |TAMS 0x0000000781700000, 0x0000000781600000| Complete 
|  23|0x0000000781700000, 0x0000000781800000, 0x0000000781800000|100%|HS|  |TAMS 0x0000000781800000, 0x0000000781700000| Complete 
|  24|0x0000000781800000, 0x0000000781900000, 0x0000000781900000|100%|HC|  |TAMS 0x0000000781900000, 0x0000000781800000| Complete 
|  25|0x0000000781900000, 0x0000000781a00000, 0x0000000781a00000|100%|HS|  |TAMS 0x0000000781a00000, 0x0000000781900000| Complete 
|  26|0x0000000781a00000, 0x0000000781b00000, 0x0000000781b00000|100%|HC|  |TAMS 0x0000000781b00000, 0x0000000781a00000| Complete 
|  27|0x0000000781b00000, 0x0000000781c00000, 0x0000000781c00000|100%|HS|  |TAMS 0x0000000781c00000, 0x0000000781b00000| Complete 
|  28|0x0000000781c00000, 0x0000000781d00000, 0x0000000781d00000|100%|HC|  |TAMS 0x0000000781d00000, 0x0000000781c00000| Complete 
|  29|0x0000000781d00000, 0x0000000781e00000, 0x0000000781e00000|100%|HC|  |TAMS 0x0000000781e00000, 0x0000000781d00000| Complete 
|  30|0x0000000781e00000, 0x0000000781e74400, 0x0000000781f00000| 45%| O|  |TAMS 0x0000000781e00000, 0x0000000781e00000| Untracked 
|  31|0x0000000781f00000, 0x0000000782000000, 0x0000000782000000|100%|HS|  |TAMS 0x0000000782000000, 0x0000000781f00000| Complete 
|  32|0x0000000782000000, 0x0000000782100000, 0x0000000782100000|100%|HC|  |TAMS 0x0000000782100000, 0x0000000782000000| Complete 
|  33|0x0000000782100000, 0x0000000782200000, 0x0000000782200000|100%|HC|  |TAMS 0x0000000782200000, 0x0000000782100000| Complete 
|  34|0x0000000782200000, 0x0000000782300000, 0x0000000782300000|100%|HC|  |TAMS 0x0000000782300000, 0x0000000782200000| Complete 
|  35|0x0000000782300000, 0x0000000782300000, 0x0000000782400000|  0%| F|  |TAMS 0x0000000782300000, 0x0000000782300000| Untracked 
|  36|0x0000000782400000, 0x0000000782400000, 0x0000000782500000|  0%| F|  |TAMS 0x0000000782400000, 0x0000000782400000| Untracked 
|  37|0x0000000782500000, 0x0000000782500000, 0x0000000782600000|  0%| F|  |TAMS 0x0000000782500000, 0x0000000782500000| Untracked 
|  38|0x0000000782600000, 0x0000000782700000, 0x0000000782700000|100%|HS|  |TAMS 0x0000000782700000, 0x0000000782600000| Complete 
|  39|0x0000000782700000, 0x0000000782700000, 0x0000000782800000|  0%| F|  |TAMS 0x0000000782700000, 0x0000000782700000| Untracked 
|  40|0x0000000782800000, 0x0000000782900000, 0x0000000782900000|100%|HS|  |TAMS 0x0000000782900000, 0x0000000782800000| Complete 
|  41|0x0000000782900000, 0x0000000782a00000, 0x0000000782a00000|100%|HC|  |TAMS 0x0000000782a00000, 0x0000000782900000| Complete 
|  42|0x0000000782a00000, 0x0000000782b00000, 0x0000000782b00000|100%|HC|  |TAMS 0x0000000782b00000, 0x0000000782a00000| Complete 
|  43|0x0000000782b00000, 0x0000000782c00000, 0x0000000782c00000|100%|HC|  |TAMS 0x0000000782c00000, 0x0000000782b00000| Complete 
|  44|0x0000000782c00000, 0x0000000782d00000, 0x0000000782d00000|100%|HC|  |TAMS 0x0000000782d00000, 0x0000000782c00000| Complete 
|  45|0x0000000782d00000, 0x0000000782e00000, 0x0000000782e00000|100%|HC|  |TAMS 0x0000000782e00000, 0x0000000782d00000| Complete 
|  46|0x0000000782e00000, 0x0000000782f00000, 0x0000000782f00000|100%|HC|  |TAMS 0x0000000782f00000, 0x0000000782e00000| Complete 
|  47|0x0000000782f00000, 0x0000000782f00000, 0x0000000783000000|  0%| F|  |TAMS 0x0000000782f00000, 0x0000000782f00000| Untracked 
|  48|0x0000000783000000, 0x0000000783000000, 0x0000000783100000|  0%| F|  |TAMS 0x0000000783000000, 0x0000000783000000| Untracked 
|  49|0x0000000783100000, 0x0000000783100000, 0x0000000783200000|  0%| F|  |TAMS 0x0000000783100000, 0x0000000783100000| Untracked 
|  50|0x0000000783200000, 0x0000000783200000, 0x0000000783300000|  0%| F|  |TAMS 0x0000000783200000, 0x0000000783200000| Untracked 
|  51|0x0000000783300000, 0x0000000783300000, 0x0000000783400000|  0%| F|  |TAMS 0x0000000783300000, 0x0000000783300000| Untracked 
|  52|0x0000000783400000, 0x0000000783500000, 0x0000000783500000|100%|HS|  |TAMS 0x0000000783500000, 0x0000000783400000| Complete 
|  53|0x0000000783500000, 0x0000000783600000, 0x0000000783600000|100%|HC|  |TAMS 0x0000000783600000, 0x0000000783500000| Complete 
|  54|0x0000000783600000, 0x0000000783700000, 0x0000000783700000|100%|HC|  |TAMS 0x0000000783700000, 0x0000000783600000| Complete 
|  55|0x0000000783700000, 0x0000000783800000, 0x0000000783800000|100%|HC|  |TAMS 0x0000000783800000, 0x0000000783700000| Complete 
|  56|0x0000000783800000, 0x0000000783900000, 0x0000000783900000|100%|HS|  |TAMS 0x0000000783900000, 0x0000000783800000| Complete 
|  57|0x0000000783900000, 0x0000000783a00000, 0x0000000783a00000|100%|HC|  |TAMS 0x0000000783a00000, 0x0000000783900000| Complete 
|  58|0x0000000783a00000, 0x0000000783b00000, 0x0000000783b00000|100%|HC|  |TAMS 0x0000000783b00000, 0x0000000783a00000| Complete 
|  59|0x0000000783b00000, 0x0000000783c00000, 0x0000000783c00000|100%|HC|  |TAMS 0x0000000783c00000, 0x0000000783b00000| Complete 
|  60|0x0000000783c00000, 0x0000000783d00000, 0x0000000783d00000|100%|HC|  |TAMS 0x0000000783d00000, 0x0000000783c00000| Complete 
|  61|0x0000000783d00000, 0x0000000783e00000, 0x0000000783e00000|100%|HC|  |TAMS 0x0000000783e00000, 0x0000000783d00000| Complete 
|  62|0x0000000783e00000, 0x0000000783f00000, 0x0000000783f00000|100%|HS|  |TAMS 0x0000000783f00000, 0x0000000783e00000| Complete 
|  63|0x0000000783f00000, 0x0000000784000000, 0x0000000784000000|100%|HC|  |TAMS 0x0000000784000000, 0x0000000783f00000| Complete 
|  64|0x0000000784000000, 0x0000000784100000, 0x0000000784100000|100%|HC|  |TAMS 0x0000000784100000, 0x0000000784000000| Complete 
|  65|0x0000000784100000, 0x0000000784200000, 0x0000000784200000|100%|HC|  |TAMS 0x0000000784200000, 0x0000000784100000| Complete 
|  66|0x0000000784200000, 0x0000000784300000, 0x0000000784300000|100%|HC|  |TAMS 0x0000000784300000, 0x0000000784200000| Complete 
|  67|0x0000000784300000, 0x0000000784400000, 0x0000000784400000|100%|HC|  |TAMS 0x0000000784400000, 0x0000000784300000| Complete 
|  68|0x0000000784400000, 0x0000000784500000, 0x0000000784500000|100%|HC|  |TAMS 0x0000000784500000, 0x0000000784400000| Complete 
|  69|0x0000000784500000, 0x0000000784600000, 0x0000000784600000|100%|HS|  |TAMS 0x0000000784500000, 0x0000000784500000| Complete 
|  70|0x0000000784600000, 0x0000000784700000, 0x0000000784700000|100%|HC|  |TAMS 0x0000000784600000, 0x0000000784600000| Complete 
|  71|0x0000000784700000, 0x0000000784800000, 0x0000000784800000|100%|HC|  |TAMS 0x0000000784700000, 0x0000000784700000| Complete 
|  72|0x0000000784800000, 0x0000000784900000, 0x0000000784900000|100%|HC|  |TAMS 0x0000000784800000, 0x0000000784800000| Complete 
|  73|0x0000000784900000, 0x0000000784a00000, 0x0000000784a00000|100%|HC|  |TAMS 0x0000000784900000, 0x0000000784900000| Complete 
|  74|0x0000000784a00000, 0x0000000784b00000, 0x0000000784b00000|100%|HC|  |TAMS 0x0000000784a00000, 0x0000000784a00000| Complete 
|  75|0x0000000784b00000, 0x0000000784c00000, 0x0000000784c00000|100%|HC|  |TAMS 0x0000000784b00000, 0x0000000784b00000| Complete 
|  76|0x0000000784c00000, 0x0000000784c00000, 0x0000000784d00000|  0%| F|  |TAMS 0x0000000784c00000, 0x0000000784c00000| Untracked 
|  77|0x0000000784d00000, 0x0000000784d00000, 0x0000000784e00000|  0%| F|  |TAMS 0x0000000784d00000, 0x0000000784d00000| Untracked 
|  78|0x0000000784e00000, 0x0000000784e00000, 0x0000000784f00000|  0%| F|  |TAMS 0x0000000784e00000, 0x0000000784e00000| Untracked 
|  79|0x0000000784f00000, 0x0000000784f00000, 0x0000000785000000|  0%| F|  |TAMS 0x0000000784f00000, 0x0000000784f00000| Untracked 
|  80|0x0000000785000000, 0x0000000785000000, 0x0000000785100000|  0%| F|  |TAMS 0x0000000785000000, 0x0000000785000000| Untracked 
|  81|0x0000000785100000, 0x0000000785100000, 0x0000000785200000|  0%| F|  |TAMS 0x0000000785100000, 0x0000000785100000| Untracked 
|  82|0x0000000785200000, 0x0000000785200000, 0x0000000785300000|  0%| F|  |TAMS 0x0000000785200000, 0x0000000785200000| Untracked 
|  83|0x0000000785300000, 0x0000000785300000, 0x0000000785400000|  0%| F|  |TAMS 0x0000000785300000, 0x0000000785300000| Untracked 
|  84|0x0000000785400000, 0x0000000785400000, 0x0000000785500000|  0%| F|  |TAMS 0x0000000785400000, 0x0000000785400000| Untracked 
|  85|0x0000000785500000, 0x0000000785500000, 0x0000000785600000|  0%| F|  |TAMS 0x0000000785500000, 0x0000000785500000| Untracked 
|  86|0x0000000785600000, 0x0000000785600000, 0x0000000785700000|  0%| F|  |TAMS 0x0000000785600000, 0x0000000785600000| Untracked 
|  87|0x0000000785700000, 0x0000000785700000, 0x0000000785800000|  0%| F|  |TAMS 0x0000000785700000, 0x0000000785700000| Untracked 
|  88|0x0000000785800000, 0x0000000785800000, 0x0000000785900000|  0%| F|  |TAMS 0x0000000785800000, 0x0000000785800000| Untracked 
|  89|0x0000000785900000, 0x0000000785900000, 0x0000000785a00000|  0%| F|  |TAMS 0x0000000785900000, 0x0000000785900000| Untracked 
|  90|0x0000000785a00000, 0x0000000785a00000, 0x0000000785b00000|  0%| F|  |TAMS 0x0000000785a00000, 0x0000000785a00000| Untracked 
|  91|0x0000000785b00000, 0x0000000785b00000, 0x0000000785c00000|  0%| F|  |TAMS 0x0000000785b00000, 0x0000000785b00000| Untracked 
|  92|0x0000000785c00000, 0x0000000785c00000, 0x0000000785d00000|  0%| F|  |TAMS 0x0000000785c00000, 0x0000000785c00000| Untracked 
|  93|0x0000000785d00000, 0x0000000785d00000, 0x0000000785e00000|  0%| F|  |TAMS 0x0000000785d00000, 0x0000000785d00000| Untracked 
|  94|0x0000000785e00000, 0x0000000785e00000, 0x0000000785f00000|  0%| F|  |TAMS 0x0000000785e00000, 0x0000000785e00000| Untracked 
|  95|0x0000000785f00000, 0x0000000785f00000, 0x0000000786000000|  0%| F|  |TAMS 0x0000000785f00000, 0x0000000785f00000| Untracked 
|  96|0x0000000786000000, 0x0000000786000000, 0x0000000786100000|  0%| F|  |TAMS 0x0000000786000000, 0x0000000786000000| Untracked 
|  97|0x0000000786100000, 0x0000000786100000, 0x0000000786200000|  0%| F|  |TAMS 0x0000000786100000, 0x0000000786100000| Untracked 
|  98|0x0000000786200000, 0x0000000786200000, 0x0000000786300000|  0%| F|  |TAMS 0x0000000786200000, 0x0000000786200000| Untracked 
|  99|0x0000000786300000, 0x0000000786300000, 0x0000000786400000|  0%| F|  |TAMS 0x0000000786300000, 0x0000000786300000| Untracked 
| 100|0x0000000786400000, 0x0000000786400000, 0x0000000786500000|  0%| F|  |TAMS 0x0000000786400000, 0x0000000786400000| Untracked 
| 101|0x0000000786500000, 0x0000000786500000, 0x0000000786600000|  0%| F|  |TAMS 0x0000000786500000, 0x0000000786500000| Untracked 
| 102|0x0000000786600000, 0x0000000786600000, 0x0000000786700000|  0%| F|  |TAMS 0x0000000786600000, 0x0000000786600000| Untracked 
| 103|0x0000000786700000, 0x0000000786700000, 0x0000000786800000|  0%| F|  |TAMS 0x0000000786700000, 0x0000000786700000| Untracked 
| 104|0x0000000786800000, 0x0000000786800000, 0x0000000786900000|  0%| F|  |TAMS 0x0000000786800000, 0x0000000786800000| Untracked 
| 105|0x0000000786900000, 0x0000000786900000, 0x0000000786a00000|  0%| F|  |TAMS 0x0000000786900000, 0x0000000786900000| Untracked 
| 106|0x0000000786a00000, 0x0000000786a00000, 0x0000000786b00000|  0%| F|  |TAMS 0x0000000786a00000, 0x0000000786a00000| Untracked 
| 107|0x0000000786b00000, 0x0000000786b00000, 0x0000000786c00000|  0%| F|  |TAMS 0x0000000786b00000, 0x0000000786b00000| Untracked 
| 108|0x0000000786c00000, 0x0000000786c00000, 0x0000000786d00000|  0%| F|  |TAMS 0x0000000786c00000, 0x0000000786c00000| Untracked 
| 109|0x0000000786d00000, 0x0000000786d00000, 0x0000000786e00000|  0%| F|  |TAMS 0x0000000786d00000, 0x0000000786d00000| Untracked 
| 110|0x0000000786e00000, 0x0000000786e00000, 0x0000000786f00000|  0%| F|  |TAMS 0x0000000786e00000, 0x0000000786e00000| Untracked 
| 111|0x0000000786f00000, 0x0000000786f00000, 0x0000000787000000|  0%| F|  |TAMS 0x0000000786f00000, 0x0000000786f00000| Untracked 
| 112|0x0000000787000000, 0x0000000787000000, 0x0000000787100000|  0%| F|  |TAMS 0x0000000787000000, 0x0000000787000000| Untracked 
| 113|0x0000000787100000, 0x0000000787100000, 0x0000000787200000|  0%| F|  |TAMS 0x0000000787100000, 0x0000000787100000| Untracked 
| 114|0x0000000787200000, 0x0000000787200000, 0x0000000787300000|  0%| F|  |TAMS 0x0000000787200000, 0x0000000787200000| Untracked 
| 115|0x0000000787300000, 0x0000000787300000, 0x0000000787400000|  0%| F|  |TAMS 0x0000000787300000, 0x0000000787300000| Untracked 
| 116|0x0000000787400000, 0x0000000787400000, 0x0000000787500000|  0%| F|  |TAMS 0x0000000787400000, 0x0000000787400000| Untracked 
| 117|0x0000000787500000, 0x0000000787500000, 0x0000000787600000|  0%| F|  |TAMS 0x0000000787500000, 0x0000000787500000| Untracked 
| 118|0x0000000787600000, 0x0000000787600000, 0x0000000787700000|  0%| F|  |TAMS 0x0000000787600000, 0x0000000787600000| Untracked 
| 119|0x0000000787700000, 0x0000000787700000, 0x0000000787800000|  0%| F|  |TAMS 0x0000000787700000, 0x0000000787700000| Untracked 
| 120|0x0000000787800000, 0x0000000787800000, 0x0000000787900000|  0%| F|  |TAMS 0x0000000787800000, 0x0000000787800000| Untracked 
| 121|0x0000000787900000, 0x0000000787900000, 0x0000000787a00000|  0%| F|  |TAMS 0x0000000787900000, 0x0000000787900000| Untracked 
| 122|0x0000000787a00000, 0x0000000787a00000, 0x0000000787b00000|  0%| F|  |TAMS 0x0000000787a00000, 0x0000000787a00000| Untracked 
| 123|0x0000000787b00000, 0x0000000787b00000, 0x0000000787c00000|  0%| F|  |TAMS 0x0000000787b00000, 0x0000000787b00000| Untracked 
| 124|0x0000000787c00000, 0x0000000787cc0898, 0x0000000787d00000| 75%| S|CS|TAMS 0x0000000787c00000, 0x0000000787c00000| Complete 
| 125|0x0000000787d00000, 0x0000000787e00000, 0x0000000787e00000|100%| S|CS|TAMS 0x0000000787d00000, 0x0000000787d00000| Complete 
| 126|0x0000000787e00000, 0x0000000787e00000, 0x0000000787f00000|  0%| F|  |TAMS 0x0000000787e00000, 0x0000000787e00000| Untracked 
| 127|0x0000000787f00000, 0x0000000787fcf270, 0x0000000788000000| 80%| E|  |TAMS 0x0000000787f00000, 0x0000000787f00000| Complete 
|1022|0x00000007bfe00000, 0x00000007bfe47000, 0x00000007bff00000| 27%|OA|  |TAMS 0x00000007bfe47000, 0x00000007bfe00000| Untracked 
|1023|0x00000007bff00000, 0x00000007bff77000, 0x00000007c0000000| 46%|CA|  |TAMS 0x00000007bff77000, 0x00000007bff00000| Untracked 

Card table byte_map: [0x0000000118ea6000,0x00000001192a6000] _byte_map_base: 0x00000001152a6000

Marking Bits (Prev, Next): (CMBitMap*) 0x00007feeb9015058, (CMBitMap*) 0x00007feeb9015018
 Prev Bits: [0x000000012aec2000, 0x000000012cec2000)
 Next Bits: [0x00000001196a6000, 0x000000011b6a6000)

Polling page: 0x000000010e957000

Metaspace:

Usage:
  Non-class:     14.96 MB capacity,    14.65 MB ( 98%) used,   282.70 KB (  2%) free+waste,    42.75 KB ( <1%) overhead. 
      Class:      2.24 MB capacity,     2.08 MB ( 93%) used,   141.15 KB (  6%) free+waste,    23.75 KB (  1%) overhead. 
       Both:     17.20 MB capacity,    16.72 MB ( 97%) used,   423.84 KB (  2%) free+waste,    66.50 KB ( <1%) overhead. 

Virtual space:
  Non-class space:       16.00 MB reserved,      15.25 MB ( 95%) committed 
      Class space:        1.00 GB reserved,       2.25 MB ( <1%) committed 
             Both:        1.02 GB reserved,      17.50 MB (  2%) committed 

Chunk freelists:
   Non-Class:  112.00 KB
       Class:  13.00 KB
        Both:  125.00 KB

MaxMetaspaceSize: unlimited
CompressedClassSpaceSize: 1.00 GB

CodeHeap 'non-profiled nmethods': size=120032Kb used=739Kb max_used=739Kb free=119292Kb
 bounds [0x000000012398a000, 0x0000000123bfa000, 0x000000012aec2000]
CodeHeap 'profiled nmethods': size=120028Kb used=4278Kb max_used=4278Kb free=115749Kb
 bounds [0x000000011c453000, 0x000000011c883000, 0x000000012398a000]
CodeHeap 'non-nmethods': size=5700Kb used=1411Kb max_used=1431Kb free=4289Kb
 bounds [0x000000011bec2000, 0x000000011c132000, 0x000000011c453000]
 total_blobs=3412 nmethods=2001 adapters=639
 compilation: enabled
              stopped_count=0, restarted_count=0
 full_count=0

Compilation events (20 events):
Event: 6.595 Thread 0x00007feeb985c000 nmethod 2203 0x0000000123a3e010 code [0x0000000123a3e1a0, 0x0000000123a3e2d0]
Event: 6.597 Thread 0x00007feeb985c000 2204       3       javax.swing.JComponent::getY (5 bytes)
Event: 6.597 Thread 0x00007feeb985c000 nmethod 2204 0x000000011c876910 code [0x000000011c876aa0, 0x000000011c876c30]
Event: 6.597 Thread 0x00007feeb985c000 2205   !   3       sun.lwawt.LWComponentPeer::isShaped (27 bytes)
Event: 6.602 Thread 0x00007feeb985c000 nmethod 2205 0x000000011c876c90 code [0x000000011c876e40, 0x000000011c8771f0]
Event: 6.602 Thread 0x00007feeb985c000 2206       1       java.awt.geom.AffineTransform::getTranslateY (5 bytes)
Event: 6.602 Thread 0x00007feeb985c000 nmethod 2206 0x0000000123a3e310 code [0x0000000123a3e4a0, 0x0000000123a3e5d0]
Event: 6.602 Thread 0x00007feeb985c000 2207       1       sun.java2d.loops.RenderCache$Entry::getValue (5 bytes)
Event: 6.602 Thread 0x00007feeb985c000 nmethod 2207 0x0000000123a3e610 code [0x0000000123a3e7a0, 0x0000000123a3e8d0]
Event: 6.617 Thread 0x00007feeba808000 nmethod 2180 0x0000000123a3e910 code [0x0000000123a3eae0, 0x0000000123a400d8]
Event: 6.617 Thread 0x00007feeba808000 2198       4       sun.java2d.pipe.RenderBuffer::putInt (26 bytes)
Event: 6.617 Thread 0x00007feeba808000 nmethod 2198 0x0000000123a41290 code [0x0000000123a41400, 0x0000000123a41498]
Event: 6.617 Thread 0x00007feeba808000 2160       4       java.util.LinkedHashMap$LinkedHashIterator::nextNode (54 bytes)
Event: 6.619 Thread 0x00007feeba808000 nmethod 2160 0x0000000123a41590 code [0x0000000123a41700, 0x0000000123a41958]
Event: 6.619 Thread 0x00007feeba808000 2165       4       java.util.LinkedHashMap$LinkedValueIterator::next (8 bytes)
Event: 6.621 Thread 0x00007feeba808000 nmethod 2165 0x0000000123a41a10 code [0x0000000123a41b80, 0x0000000123a41dd8]
Event: 6.621 Thread 0x00007feeba808000 2162       4       java.util.ArrayList::grow (60 bytes)
Event: 6.625 Thread 0x00007feeba808000 nmethod 2162 0x0000000123a41f10 code [0x0000000123a420a0, 0x0000000123a42608]
Event: 6.632 Thread 0x00007feeba808000 2208       4       sun.java2d.pipe.Region::clipAdd (40 bytes)
Event: 6.633 Thread 0x00007feeba808000 nmethod 2208 0x0000000123a42810 code [0x0000000123a42980, 0x0000000123a429f8]

GC Heap History (20 events):
Event: 4.982 GC heap before
{Heap before GC invocations=3 (full 0):
 garbage-first heap   total 133120K, used 81281K [0x0000000780000000, 0x0000000800000000)
  region size 1024K, 33 young (33792K), 3 survivors (3072K)
 Metaspace       used 16622K, capacity 17121K, committed 17408K, reserved 1064960K
  class space    used 2087K, capacity 2253K, committed 2304K, reserved 1048576K
}
Event: 4.986 GC heap after
{Heap after GC invocations=4 (full 0):
 garbage-first heap   total 133120K, used 50790K [0x0000000780000000, 0x0000000800000000)
  region size 1024K, 3 young (3072K), 3 survivors (3072K)
 Metaspace       used 16622K, capacity 17121K, committed 17408K, reserved 1064960K
  class space    used 2087K, capacity 2253K, committed 2304K, reserved 1048576K
}
Event: 5.033 GC heap before
{Heap before GC invocations=4 (full 0):
 garbage-first heap   total 133120K, used 68198K [0x0000000780000000, 0x0000000800000000)
  region size 1024K, 12 young (12288K), 3 survivors (3072K)
 Metaspace       used 16623K, capacity 17121K, committed 17408K, reserved 1064960K
  class space    used 2087K, capacity 2253K, committed 2304K, reserved 1048576K
}
Event: 5.036 GC heap after
{Heap after GC invocations=5 (full 0):
 garbage-first heap   total 133120K, used 47781K [0x0000000780000000, 0x0000000800000000)
  region size 1024K, 3 young (3072K), 3 survivors (3072K)
 Metaspace       used 16623K, capacity 17121K, committed 17408K, reserved 1064960K
  class space    used 2087K, capacity 2253K, committed 2304K, reserved 1048576K
}
Event: 5.098 GC heap before
{Heap before GC invocations=6 (full 0):
 garbage-first heap   total 133120K, used 66213K [0x0000000780000000, 0x0000000800000000)
  region size 1024K, 13 young (13312K), 3 survivors (3072K)
 Metaspace       used 16623K, capacity 17121K, committed 17408K, reserved 1064960K
  class space    used 2087K, capacity 2253K, committed 2304K, reserved 1048576K
}
Event: 5.103 GC heap after
{Heap after GC invocations=7 (full 0):
 garbage-first heap   total 133120K, used 51925K [0x0000000780000000, 0x0000000800000000)
  region size 1024K, 3 young (3072K), 3 survivors (3072K)
 Metaspace       used 16623K, capacity 17121K, committed 17408K, reserved 1064960K
  class space    used 2087K, capacity 2253K, committed 2304K, reserved 1048576K
}
Event: 5.130 GC heap before
{Heap before GC invocations=8 (full 0):
 garbage-first heap   total 133120K, used 64213K [0x0000000780000000, 0x0000000800000000)
  region size 1024K, 10 young (10240K), 3 survivors (3072K)
 Metaspace       used 16623K, capacity 17121K, committed 17408K, reserved 1064960K
  class space    used 2087K, capacity 2253K, committed 2304K, reserved 1048576K
}
Event: 5.134 GC heap after
{Heap after GC invocations=9 (full 0):
 garbage-first heap   total 133120K, used 51903K [0x0000000780000000, 0x0000000800000000)
  region size 1024K, 3 young (3072K), 3 survivors (3072K)
 Metaspace       used 16623K, capacity 17121K, committed 17408K, reserved 1064960K
  class space    used 2087K, capacity 2253K, committed 2304K, reserved 1048576K
}
Event: 5.609 GC heap before
{Heap before GC invocations=10 (full 0):
 garbage-first heap   total 133120K, used 67263K [0x0000000780000000, 0x0000000800000000)
  region size 1024K, 12 young (12288K), 3 survivors (3072K)
 Metaspace       used 16766K, capacity 17231K, committed 17408K, reserved 1064960K
  class space    used 2106K, capacity 2291K, committed 2304K, reserved 1048576K
}
Event: 5.612 GC heap after
{Heap after GC invocations=11 (full 0):
 garbage-first heap   total 133120K, used 59217K [0x0000000780000000, 0x0000000800000000)
  region size 1024K, 3 young (3072K), 3 survivors (3072K)
 Metaspace       used 16766K, capacity 17231K, committed 17408K, reserved 1064960K
  class space    used 2106K, capacity 2291K, committed 2304K, reserved 1048576K
}
Event: 5.678 GC heap before
{Heap before GC invocations=12 (full 0):
 garbage-first heap   total 133120K, used 77649K [0x0000000780000000, 0x0000000800000000)
  region size 1024K, 11 young (11264K), 3 survivors (3072K)
 Metaspace       used 16771K, capacity 17231K, committed 17408K, reserved 1064960K
  class space    used 2106K, capacity 2291K, committed 2304K, reserved 1048576K
}
Event: 5.685 GC heap after
{Heap after GC invocations=13 (full 0):
 garbage-first heap   total 133120K, used 63192K [0x0000000780000000, 0x0000000800000000)
  region size 1024K, 3 young (3072K), 3 survivors (3072K)
 Metaspace       used 16771K, capacity 17231K, committed 17408K, reserved 1064960K
  class space    used 2106K, capacity 2291K, committed 2304K, reserved 1048576K
}
Event: 5.729 GC heap before
{Heap before GC invocations=14 (full 0):
 garbage-first heap   total 133120K, used 77528K [0x0000000780000000, 0x0000000800000000)
  region size 1024K, 11 young (11264K), 3 survivors (3072K)
 Metaspace       used 16772K, capacity 17295K, committed 17664K, reserved 1064960K
  class space    used 2106K, capacity 2291K, committed 2304K, reserved 1048576K
}
Event: 5.734 GC heap after
{Heap after GC invocations=15 (full 0):
 garbage-first heap   total 133120K, used 61295K [0x0000000780000000, 0x0000000800000000)
  region size 1024K, 3 young (3072K), 3 survivors (3072K)
 Metaspace       used 16772K, capacity 17295K, committed 17664K, reserved 1064960K
  class space    used 2106K, capacity 2291K, committed 2304K, reserved 1048576K
}
Event: 5.779 GC heap before
{Heap before GC invocations=16 (full 0):
 garbage-first heap   total 133120K, used 74607K [0x0000000780000000, 0x0000000800000000)
  region size 1024K, 10 young (10240K), 3 survivors (3072K)
 Metaspace       used 16773K, capacity 17295K, committed 17664K, reserved 1064960K
  class space    used 2106K, capacity 2291K, committed 2304K, reserved 1048576K
}
Event: 5.782 GC heap after
{Heap after GC invocations=17 (full 0):
 garbage-first heap   total 133120K, used 61232K [0x0000000780000000, 0x0000000800000000)
  region size 1024K, 3 young (3072K), 3 survivors (3072K)
 Metaspace       used 16773K, capacity 17295K, committed 17664K, reserved 1064960K
  class space    used 2106K, capacity 2291K, committed 2304K, reserved 1048576K
}
Event: 6.537 GC heap before
{Heap before GC invocations=18 (full 0):
 garbage-first heap   total 133120K, used 80688K [0x0000000780000000, 0x0000000800000000)
  region size 1024K, 16 young (16384K), 3 survivors (3072K)
 Metaspace       used 17095K, capacity 17615K, committed 17920K, reserved 1064960K
  class space    used 2124K, capacity 2291K, committed 2304K, reserved 1048576K
}
Event: 6.543 GC heap after
{Heap after GC invocations=19 (full 0):
 garbage-first heap   total 133120K, used 61475K [0x0000000780000000, 0x0000000800000000)
  region size 1024K, 3 young (3072K), 3 survivors (3072K)
 Metaspace       used 17095K, capacity 17615K, committed 17920K, reserved 1064960K
  class space    used 2124K, capacity 2291K, committed 2304K, reserved 1048576K
}
Event: 6.597 GC heap before
{Heap before GC invocations=20 (full 0):
 garbage-first heap   total 133120K, used 75811K [0x0000000780000000, 0x0000000800000000)
  region size 1024K, 5 young (5120K), 3 survivors (3072K)
 Metaspace       used 17112K, capacity 17615K, committed 17920K, reserved 1064960K
  class space    used 2126K, capacity 2291K, committed 2304K, reserved 1048576K
}
Event: 6.601 GC heap after
{Heap after GC invocations=21 (full 0):
 garbage-first heap   total 133120K, used 63435K [0x0000000780000000, 0x0000000800000000)
  region size 1024K, 2 young (2048K), 2 survivors (2048K)
 Metaspace       used 17112K, capacity 17615K, committed 17920K, reserved 1064960K
  class space    used 2126K, capacity 2291K, committed 2304K, reserved 1048576K
}

Deoptimization events (20 events):
Event: 6.533 Thread 0x00007feeba43a000 DEOPT PACKING pc=0x000000011c576540 sp=0x0000700009d52c80
Event: 6.533 Thread 0x00007feeba43a000 DEOPT UNPACKING pc=0x000000011bf0b33a sp=0x0000700009d52130 mode 0
Event: 6.533 Thread 0x00007feeba43a000 DEOPT PACKING pc=0x000000011c576540 sp=0x0000700009d52c80
Event: 6.533 Thread 0x00007feeba43a000 DEOPT UNPACKING pc=0x000000011bf0b33a sp=0x0000700009d52130 mode 0
Event: 6.534 Thread 0x00007feeba43a000 DEOPT PACKING pc=0x000000011c576540 sp=0x0000700009d52c80
Event: 6.534 Thread 0x00007feeba43a000 DEOPT UNPACKING pc=0x000000011bf0b33a sp=0x0000700009d52130 mode 0
Event: 6.534 Thread 0x00007feeba43a000 DEOPT PACKING pc=0x000000011c576540 sp=0x0000700009d52c80
Event: 6.534 Thread 0x00007feeba43a000 DEOPT UNPACKING pc=0x000000011bf0b33a sp=0x0000700009d52130 mode 0
Event: 6.534 Thread 0x00007feeba43a000 DEOPT PACKING pc=0x000000011c4a2ff6 sp=0x0000700009d52780
Event: 6.534 Thread 0x00007feeba43a000 DEOPT UNPACKING pc=0x000000011bf0b33a sp=0x0000700009d51bf0 mode 0
Event: 6.534 Thread 0x00007feeba43a000 DEOPT PACKING pc=0x000000011c576540 sp=0x0000700009d52c80
Event: 6.534 Thread 0x00007feeba43a000 DEOPT UNPACKING pc=0x000000011bf0b33a sp=0x0000700009d52130 mode 0
Event: 6.534 Thread 0x00007feeba43a000 DEOPT PACKING pc=0x000000011c576540 sp=0x0000700009d52c80
Event: 6.534 Thread 0x00007feeba43a000 DEOPT UNPACKING pc=0x000000011bf0b33a sp=0x0000700009d52130 mode 0
Event: 6.535 Thread 0x00007feeba43a000 DEOPT PACKING pc=0x000000011c576540 sp=0x0000700009d52c80
Event: 6.535 Thread 0x00007feeba43a000 DEOPT UNPACKING pc=0x000000011bf0b33a sp=0x0000700009d52130 mode 0
Event: 6.535 Thread 0x00007feeba43a000 DEOPT PACKING pc=0x000000011c576540 sp=0x0000700009d52c80
Event: 6.535 Thread 0x00007feeba43a000 DEOPT UNPACKING pc=0x000000011bf0b33a sp=0x0000700009d52130 mode 0
Event: 6.535 Thread 0x00007feeba43a000 DEOPT PACKING pc=0x000000011c576540 sp=0x0000700009d52c80
Event: 6.535 Thread 0x00007feeba43a000 DEOPT UNPACKING pc=0x000000011bf0b33a sp=0x0000700009d52130 mode 0

Classes unloaded (0 events):
No events

Classes redefined (0 events):
No events

Internal exceptions (20 events):
Event: 0.864 Thread 0x00007feeba807800 Exception <a 'java/lang/NoSuchMethodError'{0x0000000787aacb18}: 'java.lang.Object java.lang.invoke.DirectMethodHandle$Holder.invokeStatic(java.lang.Object, int, java.lang.Object, java.lang.Object, java.lang.Object, java.lang.Object)'> (0x0000000787aacb18) 
thrown [/scratch/mesos/slaves/d65fa3d4-10de-46aa-a2db-52cc9981537a-S157/frameworks/1735e8a2-a1db-478c-8104-60c8b0af87dd-0196/executors/cd04c109-7866-4c89-a9cb-580d1b4b0057/runs/bdf96710-70fa-465f-a6db-19a171d6559f/workspace/open/src/hotspot/share/interpr
Event: 0.864 Thread 0x00007feeba807800 Exception <a 'java/lang/NoSuchMethodError'{0x0000000787ab3478}: 'java.lang.Object java.lang.invoke.DirectMethodHandle$Holder.invokeStatic(java.lang.Object, int, java.lang.Object, java.lang.Object, java.lang.Object)'> (0x0000000787ab3478) 
thrown [/scratch/mesos/slaves/d65fa3d4-10de-46aa-a2db-52cc9981537a-S157/frameworks/1735e8a2-a1db-478c-8104-60c8b0af87dd-0196/executors/cd04c109-7866-4c89-a9cb-580d1b4b0057/runs/bdf96710-70fa-465f-a6db-19a171d6559f/workspace/open/src/hotspot/share/interpreter/linkResolver.
Event: 0.865 Thread 0x00007feeba807800 Exception <a 'java/lang/NoSuchMethodError'{0x0000000787ab6ce0}: 'java.lang.Object java.lang.invoke.DirectMethodHandle$Holder.invokeSpecial(java.lang.Object, java.lang.Object, int, java.lang.Object, java.lang.Object, java.lang.Object)'> (0x0000000787ab6ce0) 
thrown [/scratch/mesos/slaves/d65fa3d4-10de-46aa-a2db-52cc9981537a-S157/frameworks/1735e8a2-a1db-478c-8104-60c8b0af87dd-0196/executors/cd04c109-7866-4c89-a9cb-580d1b4b0057/runs/bdf96710-70fa-465f-a6db-19a171d6559f/workspace/open/src/hotspot/share/interp
Event: 0.871 Thread 0x00007feeba807800 Exception <a 'java/lang/NoSuchMethodError'{0x0000000787accf38}: 'java.lang.Object java.lang.invoke.DirectMethodHandle$Holder.invokeStatic(java.lang.Object, int, java.lang.Object)'> (0x0000000787accf38) 
thrown [/scratch/mesos/slaves/d65fa3d4-10de-46aa-a2db-52cc9981537a-S157/frameworks/1735e8a2-a1db-478c-8104-60c8b0af87dd-0196/executors/cd04c109-7866-4c89-a9cb-580d1b4b0057/runs/bdf96710-70fa-465f-a6db-19a171d6559f/workspace/open/src/hotspot/share/interpreter/linkResolver.cpp, line 767]
Event: 0.877 Thread 0x00007feeba807800 Exception <a 'java/lang/ClassNotFoundException'{0x0000000787af9830}: com/apple/laf/resources/spi/aquaProvider> (0x0000000787af9830) 
thrown [/scratch/mesos/slaves/d65fa3d4-10de-46aa-a2db-52cc9981537a-S157/frameworks/1735e8a2-a1db-478c-8104-60c8b0af87dd-0196/executors/cd04c109-7866-4c89-a9cb-580d1b4b0057/runs/bdf96710-70fa-465f-a6db-19a171d6559f/workspace/open/src/hotspot/share/classfile/systemDictionary.cpp, line 232]
Event: 0.929 Thread 0x00007feeba807800 Exception <a 'java/lang/ClassNotFoundException'{0x0000000787961670}: com/sun/swing/internal/plaf/basic/resources/spi/basicProvider> (0x0000000787961670) 
thrown [/scratch/mesos/slaves/d65fa3d4-10de-46aa-a2db-52cc9981537a-S157/frameworks/1735e8a2-a1db-478c-8104-60c8b0af87dd-0196/executors/cd04c109-7866-4c89-a9cb-580d1b4b0057/runs/bdf96710-70fa-465f-a6db-19a171d6559f/workspace/open/src/hotspot/share/classfile/systemDictionary.cpp, line 232]
Event: 2.701 Thread 0x00007feeba807800 Exception <a 'java/lang/NoSuchMethodError'{0x0000000787ce9a90}: 'void java.lang.invoke.DirectMethodHandle$Holder.invokeSpecial(java.lang.Object, java.lang.Object)'> (0x0000000787ce9a90) 
thrown [/scratch/mesos/slaves/d65fa3d4-10de-46aa-a2db-52cc9981537a-S157/frameworks/1735e8a2-a1db-478c-8104-60c8b0af87dd-0196/executors/cd04c109-7866-4c89-a9cb-580d1b4b0057/runs/bdf96710-70fa-465f-a6db-19a171d6559f/workspace/open/src/hotspot/share/interpreter/linkResolver.cpp, line 767]
Event: 3.223 Thread 0x00007feeba807800 Exception <a 'java/lang/NoSuchMethodError'{0x0000000787ebb380}: 'int java.lang.invoke.DirectMethodHandle$Holder.invokeStaticInit(java.lang.Object, java.lang.Object, java.lang.Object, java.lang.Object)'> (0x0000000787ebb380) 
thrown [/scratch/mesos/slaves/d65fa3d4-10de-46aa-a2db-52cc9981537a-S157/frameworks/1735e8a2-a1db-478c-8104-60c8b0af87dd-0196/executors/cd04c109-7866-4c89-a9cb-580d1b4b0057/runs/bdf96710-70fa-465f-a6db-19a171d6559f/workspace/open/src/hotspot/share/interpreter/linkResolver.cpp, line 767]
Event: 3.224 Thread 0x00007feeba807800 Exception <a 'java/lang/IncompatibleClassChangeError'{0x0000000787ee57a8}: Found class java.lang.Object, but interface was expected> (0x0000000787ee57a8) 
thrown [/scratch/mesos/slaves/d65fa3d4-10de-46aa-a2db-52cc9981537a-S157/frameworks/1735e8a2-a1db-478c-8104-60c8b0af87dd-0196/executors/cd04c109-7866-4c89-a9cb-580d1b4b0057/runs/bdf96710-70fa-465f-a6db-19a171d6559f/workspace/open/src/hotspot/share/interpreter/linkResolver.cpp, line 833]
Event: 3.225 Thread 0x00007feeba807800 Exception <a 'java/lang/NoSuchMethodError'{0x0000000787ee8080}: 'void java.lang.invoke.DirectMethodHandle$Holder.invokeStaticInit(java.lang.Object, java.lang.Object)'> (0x0000000787ee8080) 
thrown [/scratch/mesos/slaves/d65fa3d4-10de-46aa-a2db-52cc9981537a-S157/frameworks/1735e8a2-a1db-478c-8104-60c8b0af87dd-0196/executors/cd04c109-7866-4c89-a9cb-580d1b4b0057/runs/bdf96710-70fa-465f-a6db-19a171d6559f/workspace/open/src/hotspot/share/interpreter/linkResolver.cpp, line 767]
Event: 3.226 Thread 0x00007feeba807800 Exception <a 'java/lang/NoSuchMethodError'{0x0000000787eee2a8}: 'int java.lang.invoke.DirectMethodHandle$Holder.invokeStaticInit(java.lang.Object, java.lang.Object)'> (0x0000000787eee2a8) 
thrown [/scratch/mesos/slaves/d65fa3d4-10de-46aa-a2db-52cc9981537a-S157/frameworks/1735e8a2-a1db-478c-8104-60c8b0af87dd-0196/executors/cd04c109-7866-4c89-a9cb-580d1b4b0057/runs/bdf96710-70fa-465f-a6db-19a171d6559f/workspace/open/src/hotspot/share/interpreter/linkResolver.cpp, line 767]
Event: 3.783 Thread 0x00007feeba807800 Exception <a 'java/lang/NoSuchMethodError'{0x00000007873f72f8}: 'java.lang.Object java.lang.invoke.Invokers$Holder.linkToTargetMethod(java.lang.Object, java.lang.Object, int, java.lang.Object, java.lang.Object)'> (0x00000007873f72f8) 
thrown [/scratch/mesos/slaves/d65fa3d4-10de-46aa-a2db-52cc9981537a-S157/frameworks/1735e8a2-a1db-478c-8104-60c8b0af87dd-0196/executors/cd04c109-7866-4c89-a9cb-580d1b4b0057/runs/bdf96710-70fa-465f-a6db-19a171d6559f/workspace/open/src/hotspot/share/interpreter/linkResolver.cpp,
Event: 3.800 Thread 0x00007feeba807800 Exception <a 'java/lang/NoSuchMethodError'{0x00000007873faa38}: 'void java.lang.invoke.DirectMethodHandle$Holder.invokeStatic(java.lang.Object, int, long)'> (0x00000007873faa38) 
thrown [/scratch/mesos/slaves/d65fa3d4-10de-46aa-a2db-52cc9981537a-S157/frameworks/1735e8a2-a1db-478c-8104-60c8b0af87dd-0196/executors/cd04c109-7866-4c89-a9cb-580d1b4b0057/runs/bdf96710-70fa-465f-a6db-19a171d6559f/workspace/open/src/hotspot/share/interpreter/linkResolver.cpp, line 767]
Event: 3.831 Thread 0x00007feeba43a000 Exception <a 'java/lang/NoSuchMethodError'{0x00000007872614f8}: 'void java.lang.invoke.DirectMethodHandle$Holder.invokeStatic(java.lang.Object, long)'> (0x00000007872614f8) 
thrown [/scratch/mesos/slaves/d65fa3d4-10de-46aa-a2db-52cc9981537a-S157/frameworks/1735e8a2-a1db-478c-8104-60c8b0af87dd-0196/executors/cd04c109-7866-4c89-a9cb-580d1b4b0057/runs/bdf96710-70fa-465f-a6db-19a171d6559f/workspace/open/src/hotspot/share/interpreter/linkResolver.cpp, line 767]
Event: 3.832 Thread 0x00007feeba807800 Exception <a 'java/lang/NoSuchMethodError'{0x000000078720ff18}: 'java.lang.Object java.lang.invoke.Invokers$Holder.linkToTargetMethod(int, int, int, int, java.lang.Object)'> (0x000000078720ff18) 
thrown [/scratch/mesos/slaves/d65fa3d4-10de-46aa-a2db-52cc9981537a-S157/frameworks/1735e8a2-a1db-478c-8104-60c8b0af87dd-0196/executors/cd04c109-7866-4c89-a9cb-580d1b4b0057/runs/bdf96710-70fa-465f-a6db-19a171d6559f/workspace/open/src/hotspot/share/interpreter/linkResolver.cpp, line 767]
Event: 3.836 Thread 0x00007feeba807800 Exception <a 'java/lang/NoSuchMethodError'{0x0000000787212bb0}: 'void java.lang.invoke.DirectMethodHandle$Holder.invokeStatic(java.lang.Object, java.lang.Object, long)'> (0x0000000787212bb0) 
thrown [/scratch/mesos/slaves/d65fa3d4-10de-46aa-a2db-52cc9981537a-S157/frameworks/1735e8a2-a1db-478c-8104-60c8b0af87dd-0196/executors/cd04c109-7866-4c89-a9cb-580d1b4b0057/runs/bdf96710-70fa-465f-a6db-19a171d6559f/workspace/open/src/hotspot/share/interpreter/linkResolver.cpp, line 767]
Event: 3.854 Thread 0x00007feeba039800 Exception <a 'java/lang/NoSuchMethodError'{0x0000000787287140}: 'void java.lang.invoke.DirectMethodHandle$Holder.invokeSpecial(java.lang.Object, java.lang.Object, long)'> (0x0000000787287140) 
thrown [/scratch/mesos/slaves/d65fa3d4-10de-46aa-a2db-52cc9981537a-S157/frameworks/1735e8a2-a1db-478c-8104-60c8b0af87dd-0196/executors/cd04c109-7866-4c89-a9cb-580d1b4b0057/runs/bdf96710-70fa-465f-a6db-19a171d6559f/workspace/open/src/hotspot/share/interpreter/linkResolver.cpp, line 767]
Event: 3.902 Thread 0x00007feeba807800 Exception <a 'java/lang/NoSuchMethodError'{0x000000078722bfe0}: 'void java.lang.invoke.DirectMethodHandle$Holder.invokeStatic(java.lang.Object, long, long)'> (0x000000078722bfe0) 
thrown [/scratch/mesos/slaves/d65fa3d4-10de-46aa-a2db-52cc9981537a-S157/frameworks/1735e8a2-a1db-478c-8104-60c8b0af87dd-0196/executors/cd04c109-7866-4c89-a9cb-580d1b4b0057/runs/bdf96710-70fa-465f-a6db-19a171d6559f/workspace/open/src/hotspot/share/interpreter/linkResolver.cpp, line 767]
Event: 3.905 Thread 0x00007feeba807800 Exception <a 'java/lang/NoSuchMethodError'{0x00000007872372b0}: 'java.lang.Object java.lang.invoke.Invokers$Holder.linkToTargetMethod(java.lang.Object, int, java.lang.Object)'> (0x00000007872372b0) 
thrown [/scratch/mesos/slaves/d65fa3d4-10de-46aa-a2db-52cc9981537a-S157/frameworks/1735e8a2-a1db-478c-8104-60c8b0af87dd-0196/executors/cd04c109-7866-4c89-a9cb-580d1b4b0057/runs/bdf96710-70fa-465f-a6db-19a171d6559f/workspace/open/src/hotspot/share/interpreter/linkResolver.cpp, line 767]
Event: 4.030 Thread 0x00007feeb9006000 Exception <a 'java/lang/NullPointerException'{0x0000000787e001b0}> (0x0000000787e001b0) 
thrown [/scratch/mesos/slaves/d65fa3d4-10de-46aa-a2db-52cc9981537a-S157/frameworks/1735e8a2-a1db-478c-8104-60c8b0af87dd-0196/executors/cd04c109-7866-4c89-a9cb-580d1b4b0057/runs/bdf96710-70fa-465f-a6db-19a171d6559f/workspace/open/src/hotspot/share/interpreter/linkResolver.cpp, line 1349]

Events (20 events):
Event: 6.593 Protecting memory [0x000070000ad94000,0x000070000ad98000] with protection modes 3
Event: 6.593 Thread 0x00007feeb9e22000 Thread exited: 0x00007feeb9e22000
Event: 6.597 Executing VM operation: RevokeBias
Event: 6.597 Executing VM operation: RevokeBias done
Event: 6.597 Executing VM operation: RevokeBias
Event: 6.597 Executing VM operation: RevokeBias done
Event: 6.597 Executing VM operation: G1CollectForAllocation
Event: 6.601 Executing VM operation: G1CollectForAllocation done
Event: 6.613 Executing VM operation: G1Concurrent
Event: 6.614 Executing VM operation: G1Concurrent done
Event: 6.617 Protecting memory [0x000070000ad94000,0x000070000ad98000] with protection modes 0
Event: 6.617 Thread 0x00007feebcadb800 Thread added: 0x00007feebcadb800
Event: 6.617 Protecting memory [0x000070000ad94000,0x000070000ad98000] with protection modes 3
Event: 6.617 Thread 0x00007feebcadb800 Thread exited: 0x00007feebcadb800
Event: 6.619 Executing VM operation: G1Concurrent
Event: 6.620 Executing VM operation: G1Concurrent done
Event: 6.640 Protecting memory [0x000070000ad94000,0x000070000ad98000] with protection modes 0
Event: 6.640 Thread 0x00007feeb9e22000 Thread added: 0x00007feeb9e22000
Event: 6.640 Protecting memory [0x000070000ad94000,0x000070000ad98000] with protection modes 3
Event: 6.640 Thread 0x00007feeb9e22000 Thread exited: 0x00007feeb9e22000


Dynamic libraries:
0x00007fff668dc000 	/usr/lib/libz.1.dylib
0x000000010e8f3000 	/Library/Java/JavaVirtualMachines/jdk-13.0.2.jdk/Contents/Home/lib/libjli.dylib
0x00007fff2f2da000 	/System/Library/Frameworks/Cocoa.framework/Versions/A/Cocoa
0x00007fff3c881000 	/System/Library/Frameworks/Security.framework/Versions/A/Security
0x00007fff2e280000 	/System/Library/Frameworks/ApplicationServices.framework/Versions/A/ApplicationServices
0x00007fff643e4000 	/usr/lib/libSystem.B.dylib
0x00007fff67353000 	/usr/lib/system/libcache.dylib
0x00007fff67359000 	/usr/lib/system/libcommonCrypto.dylib
0x00007fff67365000 	/usr/lib/system/libcompiler_rt.dylib
0x00007fff6736d000 	/usr/lib/system/libcopyfile.dylib
0x00007fff67377000 	/usr/lib/system/libcorecrypto.dylib
0x00007fff67525000 	/usr/lib/system/libdispatch.dylib
0x00007fff67567000 	/usr/lib/system/libdyld.dylib
0x00007fff6759d000 	/usr/lib/system/libkeymgr.dylib
0x00007fff675ab000 	/usr/lib/system/liblaunch.dylib
0x00007fff675ac000 	/usr/lib/system/libmacho.dylib
0x00007fff675b2000 	/usr/lib/system/libquarantine.dylib
0x00007fff675b5000 	/usr/lib/system/libremovefile.dylib
0x00007fff675b7000 	/usr/lib/system/libsystem_asl.dylib
0x00007fff675cf000 	/usr/lib/system/libsystem_blocks.dylib
0x00007fff675d0000 	/usr/lib/system/libsystem_c.dylib
0x00007fff67658000 	/usr/lib/system/libsystem_configuration.dylib
0x00007fff6765c000 	/usr/lib/system/libsystem_coreservices.dylib
0x00007fff67660000 	/usr/lib/system/libsystem_darwin.dylib
0x00007fff67668000 	/usr/lib/system/libsystem_dnssd.dylib
0x00007fff67670000 	/usr/lib/system/libsystem_featureflags.dylib
0x00007fff67672000 	/usr/lib/system/libsystem_info.dylib
0x00007fff676ed000 	/usr/lib/system/libsystem_m.dylib
0x00007fff67735000 	/usr/lib/system/libsystem_malloc.dylib
0x00007fff6775d000 	/usr/lib/system/libsystem_networkextension.dylib
0x00007fff6776b000 	/usr/lib/system/libsystem_notify.dylib
0x00007fff6778a000 	/usr/lib/system/libsystem_sandbox.dylib
0x00007fff6778f000 	/usr/lib/system/libsystem_secinit.dylib
0x00007fff676c0000 	/usr/lib/system/libsystem_kernel.dylib
0x00007fff67775000 	/usr/lib/system/libsystem_platform.dylib
0x00007fff6777f000 	/usr/lib/system/libsystem_pthread.dylib
0x00007fff67792000 	/usr/lib/system/libsystem_symptoms.dylib
0x00007fff6779a000 	/usr/lib/system/libsystem_trace.dylib
0x00007fff677b2000 	/usr/lib/system/libunwind.dylib
0x00007fff677b8000 	/usr/lib/system/libxpc.dylib
0x00007fff66207000 	/usr/lib/libobjc.A.dylib
0x00007fff64716000 	/usr/lib/libc++abi.dylib
0x00007fff646c2000 	/usr/lib/libc++.1.dylib
0x00007fff3023f000 	/System/Library/Frameworks/CoreFoundation.framework/Versions/A/CoreFoundation
0x00007fff328fa000 	/System/Library/Frameworks/Foundation.framework/Versions/C/Foundation
0x00007fff2d484000 	/System/Library/Frameworks/AppKit.framework/Versions/C/AppKit
0x00007fff2fd59000 	/System/Library/Frameworks/CoreData.framework/Versions/A/CoreData
0x00007fff60c95000 	/System/Library/PrivateFrameworks/UIFoundation.framework/Versions/A/UIFoundation
0x00007fff5b535000 	/System/Library/PrivateFrameworks/RemoteViewServices.framework/Versions/A/RemoteViewServices
0x00007fff63715000 	/System/Library/PrivateFrameworks/XCTTargetBootstrap.framework/Versions/A/XCTTargetBootstrap
0x00007fff30134000 	/System/Library/Frameworks/CoreDisplay.framework/Versions/A/CoreDisplay
0x00007fff35632000 	/System/Library/Frameworks/Metal.framework/Versions/A/Metal
0x00007fff49aa2000 	/System/Library/PrivateFrameworks/DesktopServicesPriv.framework/Versions/A/DesktopServicesPriv
0x00007fff654ff000 	/usr/lib/liblangid.dylib
0x00007fff48bfe000 	/System/Library/PrivateFrameworks/CoreSVG.framework/Versions/A/CoreSVG
0x00007fff5e265000 	/System/Library/PrivateFrameworks/SkyLight.framework/Versions/A/SkyLight
0x00007fff306c0000 	/System/Library/Frameworks/CoreGraphics.framework/Versions/A/CoreGraphics
0x00007fff2c025000 	/System/Library/Frameworks/Accelerate.framework/Versions/A/Accelerate
0x00007fff667cd000 	/usr/lib/libxml2.2.dylib
0x00007fff5466d000 	/System/Library/PrivateFrameworks/IconServices.framework/Versions/A/IconServices
0x00007fff330b8000 	/System/Library/Frameworks/IOSurface.framework/Versions/A/IOSurface
0x00007fff63f1d000 	/usr/lib/libDiagnosticMessagesClient.dylib
0x00007fff4991c000 	/System/Library/PrivateFrameworks/DFRFoundation.framework/Versions/A/DFRFoundation
0x00007fff6528d000 	/usr/lib/libicucore.A.dylib
0x00007fff2e5b2000 	/System/Library/Frameworks/AudioToolbox.framework/Versions/A/AudioToolbox
0x00007fff2e694000 	/System/Library/Frameworks/AudioUnit.framework/Versions/A/AudioUnit
0x00007fff645e6000 	/usr/lib/libauto.dylib
0x00007fff4999c000 	/System/Library/PrivateFrameworks/DataDetectorsCore.framework/Versions/A/DataDetectorsCore
0x00007fff2edfb000 	/System/Library/Frameworks/Carbon.framework/Versions/A/Frameworks/HIToolbox.framework/Versions/A/HIToolbox
0x00007fff3ba79000 	/System/Library/Frameworks/QuartzCore.framework/Versions/A/QuartzCore
0x00007fff2f13a000 	/System/Library/Frameworks/Carbon.framework/Versions/A/Frameworks/SpeechRecognition.framework/Versions/A/SpeechRecognition
0x00007fff4929e000 	/System/Library/PrivateFrameworks/CoreUI.framework/Versions/A/CoreUI
0x00007fff2f7bf000 	/System/Library/Frameworks/CoreAudio.framework/Versions/A/CoreAudio
0x00007fff325c7000 	/System/Library/Frameworks/DiskArbitration.framework/Versions/A/DiskArbitration
0x00007fff56753000 	/System/Library/PrivateFrameworks/MultitouchSupport.framework/Versions/A/MultitouchSupport
0x00007fff65158000 	/usr/lib/libenergytrace.dylib
0x00007fff33013000 	/System/Library/Frameworks/IOKit.framework/Versions/A/IOKit
0x00007fff31626000 	/System/Library/Frameworks/CoreServices.framework/Versions/A/CoreServices
0x00007fff587a8000 	/System/Library/PrivateFrameworks/PerformanceAnalysis.framework/Versions/A/PerformanceAnalysis
0x00007fff3aab1000 	/System/Library/Frameworks/OpenGL.framework/Versions/A/OpenGL
0x00007fff2f2e8000 	/System/Library/Frameworks/ColorSync.framework/Versions/A/ColorSync
0x00007fff30d47000 	/System/Library/Frameworks/CoreImage.framework/Versions/A/CoreImage
0x00007fff3209a000 	/System/Library/Frameworks/CoreText.framework/Versions/A/CoreText
0x00007fff3313b000 	/System/Library/Frameworks/ImageIO.framework/Versions/A/ImageIO
0x00007fff6473e000 	/usr/lib/libcompression.dylib
0x00007fff6425e000 	/usr/lib/libMobileGestalt.dylib
0x00007fff5fd88000 	/System/Library/PrivateFrameworks/TextureIO.framework/Versions/A/TextureIO
0x00007fff6454c000 	/usr/lib/libate.dylib
0x00007fff54873000 	/System/Library/PrivateFrameworks/InternationalSupport.framework/Versions/A/InternationalSupport
0x00007fff65501000 	/usr/lib/liblzma.5.dylib
0x00007fff65180000 	/usr/lib/libfakelink.dylib
0x00007fff644d9000 	/usr/lib/libarchive.2.dylib
0x00007fff3da95000 	/System/Library/Frameworks/SystemConfiguration.framework/Versions/A/SystemConfiguration
0x00007fff63e4e000 	/usr/lib/libCRFSuite.dylib
0x00007fff2ea0a000 	/System/Library/Frameworks/CFNetwork.framework/Versions/A/CFNetwork
0x00007fff646a4000 	/usr/lib/libbsm.0.dylib
0x00007fff6759e000 	/usr/lib/system/libkxld.dylib
0x00007fff4349b000 	/System/Library/PrivateFrameworks/AppleFSCompression.framework/Versions/A/AppleFSCompression
0x00007fff64a17000 	/usr/lib/libcoretls.dylib
0x00007fff64a2e000 	/usr/lib/libcoretls_cfhelpers.dylib
0x00007fff6624b000 	/usr/lib/libpam.2.dylib
0x00007fff6637a000 	/usr/lib/libsqlite3.dylib
0x00007fff667ba000 	/usr/lib/libxar.1.dylib
0x00007fff646b5000 	/usr/lib/libbz2.1.0.dylib
0x00007fff6519c000 	/usr/lib/libiconv.2.dylib
0x00007fff6472b000 	/usr/lib/libcharset.1.dylib
0x00007fff65cf7000 	/usr/lib/libnetwork.dylib
0x00007fff66252000 	/usr/lib/libpcap.A.dylib
0x00007fff6448e000 	/usr/lib/libapple_nghttp2.dylib
0x00007fff319dd000 	/System/Library/Frameworks/CoreServices.framework/Versions/A/Frameworks/FSEvents.framework/Versions/A/FSEvents
0x00007fff316ad000 	/System/Library/Frameworks/CoreServices.framework/Versions/A/Frameworks/CarbonCore.framework/Versions/A/CarbonCore
0x00007fff31c1f000 	/System/Library/Frameworks/CoreServices.framework/Versions/A/Frameworks/Metadata.framework/Versions/A/Metadata
0x00007fff31cb8000 	/System/Library/Frameworks/CoreServices.framework/Versions/A/Frameworks/OSServices.framework/Versions/A/OSServices
0x00007fff31ce6000 	/System/Library/Frameworks/CoreServices.framework/Versions/A/Frameworks/SearchKit.framework/Versions/A/SearchKit
0x00007fff31627000 	/System/Library/Frameworks/CoreServices.framework/Versions/A/Frameworks/AE.framework/Versions/A/AE
0x00007fff319e6000 	/System/Library/Frameworks/CoreServices.framework/Versions/A/Frameworks/LaunchServices.framework/Versions/A/LaunchServices
0x00007fff3198f000 	/System/Library/Frameworks/CoreServices.framework/Versions/A/Frameworks/DictionaryServices.framework/Versions/A/DictionaryServices
0x00007fff31d4e000 	/System/Library/Frameworks/CoreServices.framework/Versions/A/Frameworks/SharedFileList.framework/Versions/A/SharedFileList
0x00007fff36907000 	/System/Library/Frameworks/NetFS.framework/Versions/A/NetFS
0x00007fff56bf3000 	/System/Library/PrivateFrameworks/NetAuth.framework/Versions/A/NetAuth
0x00007fff63ade000 	/System/Library/PrivateFrameworks/login.framework/Versions/A/Frameworks/loginsupport.framework/Versions/A/loginsupport
0x00007fff5f88e000 	/System/Library/PrivateFrameworks/TCC.framework/Versions/A/TCC
0x00007fff47fdc000 	/System/Library/PrivateFrameworks/CoreNLP.framework/Versions/A/CoreNLP
0x00007fff56184000 	/System/Library/PrivateFrameworks/MetadataUtilities.framework/Versions/A/MetadataUtilities
0x00007fff655d9000 	/usr/lib/libmecabra.dylib
0x00007fff65531000 	/usr/lib/libmecab.dylib
0x00007fff65191000 	/usr/lib/libgermantok.dylib
0x00007fff64475000 	/usr/lib/libThaiTokenizer.dylib
0x00007fff63e86000 	/usr/lib/libChineseTokenizer.dylib
0x00007fff2c03d000 	/System/Library/Frameworks/Accelerate.framework/Versions/A/Frameworks/vImage.framework/Versions/A/vImage
0x00007fff2d2df000 	/System/Library/Frameworks/Accelerate.framework/Versions/A/Frameworks/vecLib.framework/Versions/A/vecLib
0x00007fff2d223000 	/System/Library/Frameworks/Accelerate.framework/Versions/A/Frameworks/vecLib.framework/Versions/A/libvMisc.dylib
0x00007fff2d049000 	/System/Library/Frameworks/Accelerate.framework/Versions/A/Frameworks/vecLib.framework/Versions/A/libvDSP.dylib
0x00007fff2c6a9000 	/System/Library/Frameworks/Accelerate.framework/Versions/A/Frameworks/vecLib.framework/Versions/A/libBLAS.dylib
0x00007fff2cc03000 	/System/Library/Frameworks/Accelerate.framework/Versions/A/Frameworks/vecLib.framework/Versions/A/libLAPACK.dylib
0x00007fff2cfa9000 	/System/Library/Frameworks/Accelerate.framework/Versions/A/Frameworks/vecLib.framework/Versions/A/libLinearAlgebra.dylib
0x00007fff2d036000 	/System/Library/Frameworks/Accelerate.framework/Versions/A/Frameworks/vecLib.framework/Versions/A/libSparseBLAS.dylib
0x00007fff2cfbf000 	/System/Library/Frameworks/Accelerate.framework/Versions/A/Frameworks/vecLib.framework/Versions/A/libQuadrature.dylib
0x00007fff2c912000 	/System/Library/Frameworks/Accelerate.framework/Versions/A/Frameworks/vecLib.framework/Versions/A/libBNNS.dylib
0x00007fff2cfc5000 	/System/Library/Frameworks/Accelerate.framework/Versions/A/Frameworks/vecLib.framework/Versions/A/libSparse.dylib
0x00007fff54c32000 	/System/Library/PrivateFrameworks/LanguageModeling.framework/Versions/A/LanguageModeling
0x00007fff47980000 	/System/Library/PrivateFrameworks/CoreEmoji.framework/Versions/A/CoreEmoji
0x00007fff54d4f000 	/System/Library/PrivateFrameworks/LinguisticData.framework/Versions/A/LinguisticData
0x00007fff54d00000 	/System/Library/PrivateFrameworks/Lexicon.framework/Versions/A/Lexicon
0x00007fff6472c000 	/usr/lib/libcmph.dylib
0x00007fff394d7000 	/System/Library/Frameworks/OpenDirectory.framework/Versions/A/Frameworks/CFOpenDirectory.framework/Versions/A/CFOpenDirectory
0x00007fff394f4000 	/System/Library/Frameworks/OpenDirectory.framework/Versions/A/OpenDirectory
0x00007fff41853000 	/System/Library/PrivateFrameworks/APFS.framework/Versions/A/APFS
0x00007fff3cbc6000 	/System/Library/Frameworks/SecurityFoundation.framework/Versions/A/SecurityFoundation
0x00007fff667b6000 	/usr/lib/libutil.dylib
0x00007fff48c56000 	/System/Library/PrivateFrameworks/CoreServicesStore.framework/Versions/A/CoreServicesStore
0x00007fff3cca7000 	/System/Library/Frameworks/ServiceManagement.framework/Versions/A/ServiceManagement
0x00007fff44c36000 	/System/Library/PrivateFrameworks/BackgroundTaskManagement.framework/Versions/A/BackgroundTaskManagement
0x00007fff668b3000 	/usr/lib/libxslt.1.dylib
0x00007fff43af9000 	/System/Library/PrivateFrameworks/AppleSystemInfo.framework/Versions/A/AppleSystemInfo
0x00007fff33356000 	/System/Library/Frameworks/ImageIO.framework/Versions/A/Resources/libJPEG.dylib
0x00007fff33615000 	/System/Library/Frameworks/ImageIO.framework/Versions/A/Resources/libTIFF.dylib
0x00007fff335f8000 	/System/Library/Frameworks/ImageIO.framework/Versions/A/Resources/libPng.dylib
0x00007fff33297000 	/System/Library/Frameworks/ImageIO.framework/Versions/A/Resources/libGIF.dylib
0x00007fff3329b000 	/System/Library/Frameworks/ImageIO.framework/Versions/A/Resources/libJP2.dylib
0x00007fff33613000 	/System/Library/Frameworks/ImageIO.framework/Versions/A/Resources/libRadiance.dylib
0x00007fff65159000 	/usr/lib/libexpat.1.dylib
0x00007fff435f6000 	/System/Library/PrivateFrameworks/AppleJPEG.framework/Versions/A/AppleJPEG
0x00007fff4be6e000 	/System/Library/PrivateFrameworks/FontServices.framework/libFontParser.dylib
0x00007fff62b39000 	/System/Library/PrivateFrameworks/WatchdogClient.framework/Versions/A/WatchdogClient
0x00007fff542c5000 	/System/Library/PrivateFrameworks/IOAccelerator.framework/Versions/A/IOAccelerator
0x00007fff359c0000 	/System/Library/Frameworks/MetalPerformanceShaders.framework/Versions/A/MetalPerformanceShaders
0x00007fff50bbb000 	/System/Library/PrivateFrameworks/GPUWrangler.framework/Versions/A/GPUWrangler
0x00007fff542d0000 	/System/Library/PrivateFrameworks/IOPresentment.framework/Versions/A/IOPresentment
0x00007fff4992e000 	/System/Library/PrivateFrameworks/DSExternalDisplay.framework/Versions/A/DSExternalDisplay
0x00007fff39e5d000 	/System/Library/Frameworks/OpenGL.framework/Versions/A/Libraries/libCoreFSCache.dylib
0x00007fff35711000 	/System/Library/Frameworks/MetalPerformanceShaders.framework/Frameworks/MPSCore.framework/Versions/A/MPSCore
0x00007fff3574e000 	/System/Library/Frameworks/MetalPerformanceShaders.framework/Frameworks/MPSImage.framework/Versions/A/MPSImage
0x00007fff35811000 	/System/Library/Frameworks/MetalPerformanceShaders.framework/Frameworks/MPSNeuralNetwork.framework/Versions/A/MPSNeuralNetwork
0x00007fff357d5000 	/System/Library/Frameworks/MetalPerformanceShaders.framework/Frameworks/MPSMatrix.framework/Versions/A/MPSMatrix
0x00007fff35971000 	/System/Library/Frameworks/MetalPerformanceShaders.framework/Frameworks/MPSRayIntersector.framework/Versions/A/MPSRayIntersector
0x00007fff357fb000 	/System/Library/Frameworks/MetalPerformanceShaders.framework/Frameworks/MPSNDArray.framework/Versions/A/MPSNDArray
0x00007fff561d1000 	/System/Library/PrivateFrameworks/MetalTools.framework/Versions/A/MetalTools
0x00007fff42932000 	/System/Library/PrivateFrameworks/AggregateDictionary.framework/Versions/A/AggregateDictionary
0x00007fff47417000 	/System/Library/PrivateFrameworks/CoreAnalytics.framework/Versions/A/CoreAnalytics
0x00007fff43a17000 	/System/Library/PrivateFrameworks/AppleSauce.framework/Versions/A/AppleSauce
0x00007fff64141000 	/usr/lib/libIOReport.dylib
0x00007fff3224f000 	/System/Library/Frameworks/CoreVideo.framework/Versions/A/CoreVideo
0x00007fff51fa8000 	/System/Library/PrivateFrameworks/GraphVisualizer.framework/Versions/A/GraphVisualizer
0x00007fff4b3f0000 	/System/Library/PrivateFrameworks/FaceCore.framework/Versions/A/FaceCore
0x00007fff3947e000 	/System/Library/Frameworks/OpenCL.framework/Versions/A/OpenCL
0x00007fff63f63000 	/usr/lib/libFosl_dynamic.dylib
0x00007fff575e9000 	/System/Library/PrivateFrameworks/OTSVG.framework/Versions/A/OTSVG
0x00007fff2e385000 	/System/Library/Frameworks/ApplicationServices.framework/Versions/A/Frameworks/ATS.framework/Versions/A/Resources/libFontRegistry.dylib
0x00007fff4c03f000 	/System/Library/PrivateFrameworks/FontServices.framework/libhvf.dylib
0x00007fff39e68000 	/System/Library/Frameworks/OpenGL.framework/Versions/A/Libraries/libGFXShared.dylib
0x00007fff3a045000 	/System/Library/Frameworks/OpenGL.framework/Versions/A/Libraries/libGLU.dylib
0x00007fff39e71000 	/System/Library/Frameworks/OpenGL.framework/Versions/A/Libraries/libGL.dylib
0x00007fff39e7c000 	/System/Library/Frameworks/OpenGL.framework/Versions/A/Libraries/libGLImage.dylib
0x00007fff39e5a000 	/System/Library/Frameworks/OpenGL.framework/Versions/A/Libraries/libCVMSPluginSupport.dylib
0x00007fff39e63000 	/System/Library/Frameworks/OpenGL.framework/Versions/A/Libraries/libCoreVMClient.dylib
0x00007fff65b99000 	/usr/lib/libncurses.5.4.dylib
0x00007fff2e281000 	/System/Library/Frameworks/ApplicationServices.framework/Versions/A/Frameworks/ATS.framework/Versions/A/ATS
0x00007fff2e44e000 	/System/Library/Frameworks/ApplicationServices.framework/Versions/A/Frameworks/ColorSyncLegacy.framework/Versions/A/ColorSyncLegacy
0x00007fff2e4ed000 	/System/Library/Frameworks/ApplicationServices.framework/Versions/A/Frameworks/HIServices.framework/Versions/A/HIServices
0x00007fff2e544000 	/System/Library/Frameworks/ApplicationServices.framework/Versions/A/Frameworks/LangAnalysis.framework/Versions/A/LangAnalysis
0x00007fff2e553000 	/System/Library/Frameworks/ApplicationServices.framework/Versions/A/Frameworks/PrintCore.framework/Versions/A/PrintCore
0x00007fff2e599000 	/System/Library/Frameworks/ApplicationServices.framework/Versions/A/Frameworks/QD.framework/Versions/A/QD
0x00007fff2e5a4000 	/System/Library/Frameworks/ApplicationServices.framework/Versions/A/Frameworks/SpeechSynthesis.framework/Versions/A/SpeechSynthesis
0x00007fff2e41e000 	/System/Library/Frameworks/ApplicationServices.framework/Versions/A/Frameworks/ATSUI.framework/Versions/A/ATSUI
0x00007fff64fed000 	/usr/lib/libcups.2.dylib
0x00007fff34a79000 	/System/Library/Frameworks/Kerberos.framework/Versions/A/Kerberos
0x00007fff32d2e000 	/System/Library/Frameworks/GSS.framework/Versions/A/GSS
0x00007fff66307000 	/usr/lib/libresolv.9.dylib
0x00007fff52149000 	/System/Library/PrivateFrameworks/Heimdal.framework/Versions/A/Heimdal
0x00007fff34a8c000 	/System/Library/Frameworks/Kerberos.framework/Versions/A/Libraries/libHeimdalProxy.dylib
0x00007fff65197000 	/usr/lib/libheimdal-asn1.dylib
0x00007fff468dd000 	/System/Library/PrivateFrameworks/CommonAuth.framework/Versions/A/CommonAuth
0x00007fff43b96000 	/System/Library/PrivateFrameworks/AssertionServices.framework/Versions/A/AssertionServices
0x00007fff4472c000 	/System/Library/PrivateFrameworks/AudioToolboxCore.framework/Versions/A/AudioToolboxCore
0x00007fff63791000 	/System/Library/PrivateFrameworks/caulk.framework/Versions/A/caulk
0x00007fff44ce2000 	/System/Library/PrivateFrameworks/BaseBoard.framework/Versions/A/BaseBoard
0x00007fff5b6c1000 	/System/Library/PrivateFrameworks/RunningBoardServices.framework/Versions/A/RunningBoardServices
0x00007fff587b4000 	/System/Library/PrivateFrameworks/PersistentConnection.framework/Versions/A/PersistentConnection
0x00007fff5b0ce000 	/System/Library/PrivateFrameworks/ProtocolBuffer.framework/Versions/A/ProtocolBuffer
0x00007fff468fa000 	/System/Library/PrivateFrameworks/CommonUtilities.framework/Versions/A/CommonUtilities
0x00007fff44e61000 	/System/Library/PrivateFrameworks/Bom.framework/Versions/A/Bom
0x00007fff63e12000 	/usr/lib/libAudioToolboxUtility.dylib
0x00007fff44c40000 	/System/Library/PrivateFrameworks/Backup.framework/Versions/A/Backup
0x00007fff4969d000 	/System/Library/PrivateFrameworks/CrashReporterSupport.framework/Versions/A/CrashReporterSupport
0x00007fff5d14a000 	/System/Library/PrivateFrameworks/Sharing.framework/Versions/A/Sharing
0x00007fff43343000 	/System/Library/PrivateFrameworks/Apple80211.framework/Versions/A/Apple80211
0x00007fff44968000 	/System/Library/PrivateFrameworks/AuthKit.framework/Versions/A/AuthKit
0x00007fff493cb000 	/System/Library/PrivateFrameworks/CoreUtils.framework/Versions/A/CoreUtils
0x00007fff32294000 	/System/Library/Frameworks/CoreWLAN.framework/Versions/A/CoreWLAN
0x00007fff32e97000 	/System/Library/Frameworks/IOBluetooth.framework/Versions/A/IOBluetooth
0x00007fff564cf000 	/System/Library/PrivateFrameworks/MobileKeyBag.framework/Versions/A/MobileKeyBag
0x00007fff484ac000 	/System/Library/PrivateFrameworks/CorePhoneNumbers.framework/Versions/A/CorePhoneNumbers
0x00007fff435a9000 	/System/Library/PrivateFrameworks/AppleIDAuthSupport.framework/Versions/A/AppleIDAuthSupport
0x00007fff36914000 	/System/Library/Frameworks/Network.framework/Versions/A/Network
0x00007fff54abb000 	/System/Library/PrivateFrameworks/KeychainCircle.framework/Versions/A/KeychainCircle
0x00007fff2fd21000 	/System/Library/Frameworks/CoreBluetooth.framework/Versions/A/CoreBluetooth
0x00007fff5eda4000 	/System/Library/PrivateFrameworks/SpeechRecognitionCore.framework/Versions/A/SpeechRecognitionCore
0x00007fff237ee000 	/System/Library/CoreServices/Encodings/libSimplifiedChineseConverter.dylib
0x000000010f200000 	/Library/Java/JavaVirtualMachines/jdk-13.0.2.jdk/Contents/Home/lib/server/libjvm.dylib
0x000000010e90f000 	/Library/Java/JavaVirtualMachines/jdk-13.0.2.jdk/Contents/Home/lib/libverify.dylib
0x000000010e91b000 	/Library/Java/JavaVirtualMachines/jdk-13.0.2.jdk/Contents/Home/lib/libjava.dylib
0x000000010e959000 	/Library/Java/JavaVirtualMachines/jdk-13.0.2.jdk/Contents/Home/lib/libinstrument.dylib
0x000000010e9dc000 	/Library/Java/JavaVirtualMachines/jdk-13.0.2.jdk/Contents/Home/lib/libzip.dylib
0x000000010e9e3000 	/Library/Java/JavaVirtualMachines/jdk-13.0.2.jdk/Contents/Home/lib/libjimage.dylib
0x000000011bcfd000 	/Library/Java/JavaVirtualMachines/jdk-13.0.2.jdk/Contents/Home/lib/libnio.dylib
0x000000011bd0b000 	/Library/Java/JavaVirtualMachines/jdk-13.0.2.jdk/Contents/Home/lib/libnet.dylib
0x000000011bdb4000 	/Library/Java/JavaVirtualMachines/jdk-13.0.2.jdk/Contents/Home/lib/libextnet.dylib
0x00000001312b7000 	/Library/Java/JavaVirtualMachines/jdk-13.0.2.jdk/Contents/Home/lib/libawt.dylib
0x000000013134d000 	/Library/Java/JavaVirtualMachines/jdk-13.0.2.jdk/Contents/Home/lib/libmlib_image.dylib
0x00007fff34a62000 	/System/Library/Frameworks/JavaVM.framework/Versions/A/Frameworks/JavaNativeFoundation.framework/Versions/A/JavaNativeFoundation
0x00007fff34a6b000 	/System/Library/Frameworks/JavaVM.framework/Versions/A/Frameworks/JavaRuntimeSupport.framework/Versions/A/JavaRuntimeSupport
0x00007fff34a74000 	/System/Library/Frameworks/JavaVM.framework/Versions/A/JavaVM
0x00007fff5491d000 	/System/Library/PrivateFrameworks/JavaLaunching.framework/Versions/A/JavaLaunching
0x00007fff2edf6000 	/System/Library/Frameworks/Carbon.framework/Versions/A/Carbon
0x00007fff4917f000 	/System/Library/PrivateFrameworks/CoreSymbolication.framework/Versions/A/CoreSymbolication
0x00007fff2edf7000 	/System/Library/Frameworks/Carbon.framework/Versions/A/Frameworks/CommonPanels.framework/Versions/A/CommonPanels
0x00007fff2f0f0000 	/System/Library/Frameworks/Carbon.framework/Versions/A/Frameworks/Help.framework/Versions/A/Help
0x00007fff2f0f4000 	/System/Library/Frameworks/Carbon.framework/Versions/A/Frameworks/ImageCapture.framework/Versions/A/ImageCapture
0x00007fff2f0fb000 	/System/Library/Frameworks/Carbon.framework/Versions/A/Frameworks/OpenScripting.framework/Versions/A/OpenScripting
0x00007fff2f0fa000 	/System/Library/Frameworks/Carbon.framework/Versions/A/Frameworks/Ink.framework/Versions/A/Ink
0x00007fff2f136000 	/System/Library/Frameworks/Carbon.framework/Versions/A/Frameworks/Print.framework/Versions/A/Print
0x00007fff2f137000 	/System/Library/Frameworks/Carbon.framework/Versions/A/Frameworks/SecurityHI.framework/Versions/A/SecurityHI
0x00007fff49a63000 	/System/Library/PrivateFrameworks/DebugSymbols.framework/Versions/A/DebugSymbols
0x00000001313b3000 	/Library/Java/JavaVirtualMachines/jdk-13.0.2.jdk/Contents/Home/lib/libawt_lwawt.dylib
0x000000013145d000 	/Library/Java/JavaVirtualMachines/jdk-13.0.2.jdk/Contents/Home/lib/libosxapp.dylib
0x00007fff327a1000 	/System/Library/Frameworks/ExceptionHandling.framework/Versions/A/ExceptionHandling
0x0000000131478000 	/Library/Java/JavaVirtualMachines/jdk-13.0.2.jdk/Contents/Home/lib/libfontmanager.dylib
0x0000000131576000 	/Library/Java/JavaVirtualMachines/jdk-13.0.2.jdk/Contents/Home/lib/libfreetype.dylib
0x00007fff48c22000 	/System/Library/PrivateFrameworks/CoreServicesInternal.framework/Versions/A/CoreServicesInternal
0x00007fff327c0000 	/System/Library/Frameworks/FileProvider.framework/Versions/A/FileProvider
0x00007fff2d2e0000 	/System/Library/Frameworks/Accounts.framework/Versions/A/Accounts
0x00007fff50edb000 	/System/Library/PrivateFrameworks/GenerationalStorage.framework/Versions/A/GenerationalStorage
0x00007fff5f5d1000 	/System/Library/PrivateFrameworks/SymptomDiagnosticReporter.framework/Versions/A/SymptomDiagnosticReporter
0x00007fff42e40000 	/System/Library/PrivateFrameworks/AppContainer.framework/Versions/A/AppContainer
0x00007fff66321000 	/usr/lib/libsandbox.1.dylib
0x00007fff61add000 	/System/Library/PrivateFrameworks/UserManagement.framework/Versions/A/UserManagement
0x00007fff45a08000 	/System/Library/PrivateFrameworks/ChunkingLibrary.framework/Versions/A/ChunkingLibrary
0x00007fff42eb1000 	/System/Library/PrivateFrameworks/AppSandbox.framework/Versions/A/AppSandbox
0x00007fff5cfff000 	/System/Library/PrivateFrameworks/SecCodeWrapper.framework/Versions/A/SecCodeWrapper
0x00007fff64227000 	/usr/lib/libMatch.1.dylib
0x00007fff23815000 	/System/Library/CoreServices/RawCamera.bundle/Contents/MacOS/RawCamera
0x00007fff562f9000 	/System/Library/PrivateFrameworks/MobileAsset.framework/Versions/A/MobileAsset
0x00007fff5f47f000 	/System/Library/PrivateFrameworks/StreamingZip.framework/Versions/A/StreamingZip
0x00007fff34ef0000 	/System/Library/Frameworks/MediaToolbox.framework/Versions/A/MediaToolbox
0x00007fff473c7000 	/System/Library/PrivateFrameworks/CoreAVCHD.framework/Versions/A/CoreAVCHD
0x00007fff34e1d000 	/System/Library/Frameworks/MediaAccessibility.framework/Versions/A/MediaAccessibility
0x00007fff556ed000 	/System/Library/PrivateFrameworks/Mangrove.framework/Versions/A/Mangrove
0x00007fff31462000 	/System/Library/Frameworks/CoreMedia.framework/Versions/A/CoreMedia
0x00007fff55948000 	/System/Library/PrivateFrameworks/MediaExperience.framework/Versions/A/MediaExperience
0x00007fff3dd7b000 	/System/Library/Frameworks/VideoToolbox.framework/Versions/A/VideoToolbox
0x00007fff46ff1000 	/System/Library/PrivateFrameworks/CoreAUC.framework/Versions/A/CoreAUC
0x00007fff66378000 	/usr/lib/libspindump.dylib
0x00007fff440d7000 	/System/Library/PrivateFrameworks/AudioResourceArbitration.framework/Versions/A/AudioResourceArbitration
0x00007fff43afd000 	/System/Library/PrivateFrameworks/AppleVA.framework/Versions/A/AppleVA
0x00007fff2c026000 	/System/Library/Frameworks/Accelerate.framework/Versions/A/Frameworks/vImage.framework/Versions/A/Libraries/libCGInterfaces.dylib
0x0000000133091000 	/usr/lib/libobjc-trampolines.dylib
0x00007fff4bfa6000 	/System/Library/PrivateFrameworks/FontServices.framework/libTrueTypeScaler.dylib
0x00007fff28fcf000 	/System/Library/Extensions/AppleIntelKBLGraphicsMTLDriver.bundle/Contents/MacOS/AppleIntelKBLGraphicsMTLDriver
0x00007fff4f513000 	/System/Library/PrivateFrameworks/GPUCompiler.framework/Versions/3902/Libraries/libmetal_timestamp.dylib
0x00007fff628ab000 	/System/Library/PrivateFrameworks/ViewBridge.framework/Versions/A/ViewBridge
0x00007fff3aac1000 	/System/Library/Frameworks/OpenGL.framework/Versions/A/Resources/GLEngine.bundle/GLEngine
0x00007fff39eb2000 	/System/Library/Frameworks/OpenGL.framework/Versions/A/Libraries/libGLProgrammability.dylib
0x00007fff281a6000 	/System/Library/Extensions/AppleIntelKBLGraphicsGLDriver.bundle/Contents/MacOS/AppleIntelKBLGraphicsGLDriver
0x00007fff50baf000 	/System/Library/PrivateFrameworks/GPUSupport.framework/Versions/A/Libraries/libGPUSupportMercury.dylib
0x00007fff3ac3b000 	/System/Library/Frameworks/OpenGL.framework/Versions/A/Resources/GLRendererFloat.bundle/GLRendererFloat
0x00007fff39475000 	/System/Library/Frameworks/OpenCL.framework/Versions/A/Libraries/libcldcpuengine.dylib
0x00007fff64bd2000 	/usr/lib/libcrypto.35.dylib
0x00007fff5ffbd000 	/System/Library/PrivateFrameworks/TrustEvaluationAgent.framework/Versions/A/TrustEvaluationAgent
0x00007fff63ae1000 	/System/Library/PrivateFrameworks/login.framework/Versions/A/login
0x00000001347b1000 	/Library/Java/JavaVirtualMachines/jdk-13.0.2.jdk/Contents/Home/lib/libosxui.dylib
0x000000016e3ac000 	/Users/daliangrun/Library/Caches/JNA/temp/jna10864546486104725221.tmp
0x000000016e9bb000 	/Applications/VLC.app/Contents/MacOS/lib/libvlccore.9.dylib
0x000000016e3e4000 	/Applications/VLC.app/Contents/MacOS/lib/libvlc.5.dylib
0x000000013512e000 	/Applications/VLC.app/Contents/MacOS/plugins/libsyslog_plugin.dylib
0x00000001576b1000 	/Applications/VLC.app/Contents/MacOS/plugins/libfile_logger_plugin.dylib
0x00000001581af000 	/Applications/VLC.app/Contents/MacOS/plugins/libconsole_logger_plugin.dylib
0x00000001581b7000 	/Applications/VLC.app/Contents/MacOS/plugins/libmemory_keystore_plugin.dylib
0x000000015895a000 	/Applications/VLC.app/Contents/MacOS/plugins/libauhal_plugin.dylib
0x000000016e40b000 	/System/Library/Extensions/AppleHDA.kext/Contents/PlugIns/AppleHDAHALPlugIn.bundle/Contents/MacOS/AppleHDAHALPlugIn
0x000000016ecaf000 	/Applications/VLC.app/Contents/MacOS/plugins/liblibbluray_plugin.dylib
0x000000016efaf000 	/Applications/VLC.app/Contents/MacOS/plugins/libdvdnav_plugin.dylib
0x00000001350bc000 	/Applications/VLC.app/Contents/MacOS/plugins/libvdr_plugin.dylib
0x000000016e44d000 	/Applications/VLC.app/Contents/MacOS/plugins/libfilesystem_plugin.dylib
0x000000016e67b000 	/Applications/VLC.app/Contents/MacOS/plugins/libprefetch_plugin.dylib
0x000000016e685000 	/Applications/VLC.app/Contents/MacOS/plugins/libcache_read_plugin.dylib
0x000000016e68e000 	/Applications/VLC.app/Contents/MacOS/plugins/libadf_plugin.dylib
0x000000016e702000 	/Applications/VLC.app/Contents/MacOS/plugins/libinflate_plugin.dylib
0x000000016e714000 	/Applications/VLC.app/Contents/MacOS/plugins/libskiptags_plugin.dylib
0x000000016e767000 	/Applications/VLC.app/Contents/MacOS/plugins/libhds_plugin.dylib
0x000000016e71c000 	/Applications/VLC.app/Contents/MacOS/plugins/libdecomp_plugin.dylib
0x000000016eeee000 	/Applications/VLC.app/Contents/MacOS/plugins/libplaylist_plugin.dylib
0x000000016fbec000 	/Applications/VLC.app/Contents/MacOS/plugins/liblua_plugin.dylib
0x000000016fc46000 	/Applications/VLC.app/Contents/MacOS/plugins/libarchive_plugin.dylib
0x000000016e774000 	/Applications/VLC.app/Contents/MacOS/plugins/librecord_plugin.dylib
0x000000016fcb6000 	/Applications/VLC.app/Contents/MacOS/plugins/libmp4_plugin.dylib
0x000000016fcf0000 	/Applications/VLC.app/Contents/MacOS/plugins/libdav1d_plugin.dylib
0x000000016fe21000 	/Applications/VLC.app/Contents/MacOS/plugins/libjpeg_plugin.dylib
0x000000016fe67000 	/Applications/VLC.app/Contents/MacOS/plugins/libpng_plugin.dylib
0x000000016ef09000 	/Applications/VLC.app/Contents/MacOS/plugins/libcdg_plugin.dylib
0x000000016feb2000 	/Applications/VLC.app/Contents/MacOS/plugins/libvideotoolbox_plugin.dylib
0x00007fff434ab000 	/System/Library/PrivateFrameworks/AppleGVA.framework/Versions/A/AppleGVA
0x000000017015c000 	/System/Library/Extensions/AppleIntelKBLGraphicsVADriver.bundle/Contents/MacOS/AppleIntelKBLGraphicsVADriver
0x0000000171b01000 	/System/Library/Extensions/AppleIntelKBLGraphicsVAME.bundle/Contents/MacOS/AppleIntelKBLGraphicsVAME
0x0000000171eaf000 	/Applications/VLC.app/Contents/MacOS/plugins/libspdif_plugin.dylib
0x0000000171eb7000 	/Applications/VLC.app/Contents/MacOS/plugins/libspeex_plugin.dylib
0x0000000171ee2000 	/Applications/VLC.app/Contents/MacOS/plugins/libaes3_plugin.dylib
0x0000000171eeb000 	/Applications/VLC.app/Contents/MacOS/plugins/libg711_plugin.dylib
0x0000000171ef7000 	/Applications/VLC.app/Contents/MacOS/plugins/libfaad_plugin.dylib
0x0000000171f47000 	/Applications/VLC.app/Contents/MacOS/plugins/libtaglib_plugin.dylib
0x0000000172b0d000 	/Applications/VLC.app/Contents/MacOS/plugins/libfreetype_plugin.dylib
0x0000000173265000 	/Applications/VLC.app/Contents/MacOS/plugins/libi420_yuy2_sse2_plugin.dylib
0x000000017326f000 	/Applications/VLC.app/Contents/MacOS/plugins/libi420_yuy2_mmx_plugin.dylib
0x0000000173278000 	/Applications/VLC.app/Contents/MacOS/plugins/libi420_nv12_plugin.dylib
0x0000000173285000 	/Applications/VLC.app/Contents/MacOS/plugins/libswscale_plugin.dylib
0x000000017338a000 	/Applications/VLC.app/Contents/MacOS/plugins/libi420_rgb_sse2_plugin.dylib
0x000000017339b000 	/Applications/VLC.app/Contents/MacOS/plugins/libi422_yuy2_sse2_plugin.dylib
0x0000000173797000 	/Applications/VLC.app/Contents/MacOS/plugins/libi422_yuy2_mmx_plugin.dylib
0x00000001737bc000 	/Applications/VLC.app/Contents/MacOS/plugins/libi420_rgb_mmx_plugin.dylib
0x0000000173844000 	/Applications/VLC.app/Contents/MacOS/plugins/libyuy2_i422_plugin.dylib
0x000000017384c000 	/Applications/VLC.app/Contents/MacOS/plugins/libi420_yuy2_plugin.dylib
0x0000000173855000 	/Applications/VLC.app/Contents/MacOS/plugins/libi422_yuy2_plugin.dylib
0x000000017385e000 	/Applications/VLC.app/Contents/MacOS/plugins/libyuy2_i420_plugin.dylib
0x0000000173867000 	/Applications/VLC.app/Contents/MacOS/plugins/libi420_rgb_plugin.dylib
0x0000000173873000 	/Applications/VLC.app/Contents/MacOS/plugins/libgrey_yuv_plugin.dylib
0x000000017387b000 	/Applications/VLC.app/Contents/MacOS/plugins/libi422_i420_plugin.dylib
0x0000000173883000 	/Applications/VLC.app/Contents/MacOS/plugins/libcvpx_plugin.dylib
0x0000000173893000 	/Applications/VLC.app/Contents/MacOS/plugins/libscale_plugin.dylib
0x000000017389b000 	/Applications/VLC.app/Contents/MacOS/plugins/libyuvp_plugin.dylib
0x00000001738a3000 	/Applications/VLC.app/Contents/MacOS/plugins/libvmem_plugin.dylib
0x0000000173bd1000 	/Applications/VLC.app/Contents/MacOS/plugins/librv32_plugin.dylib
0x0000000173bd9000 	/Applications/VLC.app/Contents/MacOS/plugins/libchain_plugin.dylib
0x0000000173029000 	/Library/Java/JavaVirtualMachines/jdk-13.0.2.jdk/Contents/Home/lib/libjavajpeg.dylib


VM Arguments:
jvm_args: -javaagent:/Applications/IntelliJ IDEA CE.app/Contents/lib/idea_rt.jar=62041:/Applications/IntelliJ IDEA CE.app/Contents/bin -Dfile.encoding=UTF-8 
java_command: org.qmbupt.grp105.UI.main
java_class_path (initial): /Users/daliangrun/Downloads/fitness/Online-Gym/target/classes:/Users/daliangrun/.m2/repository/net/java/dev/jna/jna/5.4.0/jna-5.4.0.jar:/Users/daliangrun/.m2/repository/net/java/dev/jna/jna-platform/5.4.0/jna-platform-5.4.0.jar:/Users/daliangrun/.m2/repository/uk/co/caprica/vlcj/4.4.4/vlcj-4.4.4.jar:/Users/daliangrun/.m2/repository/uk/co/caprica/vlcj-natives/4.1.0/vlcj-natives-4.1.0.jar:/Users/daliangrun/.m2/repository/org/springframework/boot/spring-boot-starter-web/2.2.2.RELEASE/spring-boot-starter-web-2.2.2.RELEASE.jar:/Users/daliangrun/.m2/repository/org/springframework/boot/spring-boot-starter/2.2.2.RELEASE/spring-boot-starter-2.2.2.RELEASE.jar:/Users/daliangrun/.m2/repository/org/springframework/boot/spring-boot/2.2.2.RELEASE/spring-boot-2.2.2.RELEASE.jar:/Users/daliangrun/.m2/repository/org/springframework/boot/spring-boot-autoconfigure/2.2.2.RELEASE/spring-boot-autoconfigure-2.2.2.RELEASE.jar:/Users/daliangrun/.m2/repository/org/springframework/boot/spring-boot-starter-logging/2.2.2.RELEASE/spring-boot-starter-logging-2.2.2.RELEASE.jar:/Users/daliangrun/.m2/repository/ch/qos/logback/logback-classic/1.2.3/logback-classic-1.2.3.jar:/Users/daliangrun/.m2/repository/ch/qos/logback/logback-core/1.2.3/logback-core-1.2.3.jar:/Users/daliangrun/.m2/repository/org/slf4j/slf4j-api/1.7.29/slf4j-api-1.7.29.jar:/Users/daliangrun/.m2/repository/org/apache/logging/log4j/log4j-to-slf4j/2.12.1/log4j-to-slf4j-2.12.1.jar:/Users/daliangrun/.m2/repository/org/apache/logging/log4j/log4j-api/2.12.1/log4j-api-2.12.1.jar:/Users/daliangrun/.m2/repository/org/slf4j/jul-to-slf4j/1.7.29/jul-to-slf4j-1.7.29.jar:/Users/daliangrun/.m2/repository/jakarta/annotation/jakarta.annotation-api/1.3.5/jakarta.annotation-api-1.3.5.jar:/Users/daliangrun/.m2/repository/org/springframework/spring-core/5.2.2.RELEASE/spring-core-5.2.2.RELEASE.jar:/Users/daliangrun/.m2/repository/org/springframework/spring-jcl/5.2.2.RELEASE/spring-jcl-5.2.2.RELEASE.jar:/Users/daliangrun/.m2/rep
Launcher Type: SUN_STANDARD

[Global flags]
     intx CICompilerCount                          = 3                                         {product} {ergonomic}
     uint ConcGCThreads                            = 1                                         {product} {ergonomic}
     uint G1ConcRefinementThreads                  = 4                                         {product} {ergonomic}
   size_t G1HeapRegionSize                         = 1048576                                   {product} {ergonomic}
    uintx GCDrainStackTargetSize                   = 64                                        {product} {ergonomic}
   size_t InitialHeapSize                          = 134217728                                 {product} {ergonomic}
   size_t MarkStackSize                            = 4194304                                   {product} {ergonomic}
   size_t MaxHeapSize                              = 2147483648                                {product} {ergonomic}
   size_t MaxNewSize                               = 1287651328                                {product} {ergonomic}
   size_t MinHeapDeltaBytes                        = 1048576                                   {product} {ergonomic}
   size_t MinHeapSize                              = 8388608                                   {product} {ergonomic}
    uintx NonNMethodCodeHeapSize                   = 5832780                                {pd product} {ergonomic}
    uintx NonProfiledCodeHeapSize                  = 122912730                              {pd product} {ergonomic}
    uintx ProfiledCodeHeapSize                     = 122912730                              {pd product} {ergonomic}
    uintx ReservedCodeCacheSize                    = 251658240                              {pd product} {ergonomic}
     bool SegmentedCodeCache                       = true                                      {product} {ergonomic}
   size_t SoftMaxHeapSize                          = 2147483648                             {manageable} {ergonomic}
     bool UseCompressedClassPointers               = true                                 {lp64_product} {ergonomic}
     bool UseCompressedOops                        = true                                 {lp64_product} {ergonomic}
     bool UseG1GC                                  = true                                      {product} {ergonomic}

Logging:
Log output configuration:
 #0: stdout all=warning uptime,level,tags
 #1: stderr all=off uptime,level,tags

Environment Variables:
PATH=/Users/daliangrun/opt/anaconda3/bin:/Users/daliangrun/opt/anaconda3/condabin:/usr/local/bin:/usr/bin:/bin:/usr/sbin:/sbin:/Library/Apple/usr/bin:/Library/Apple/bin:/Applications/VMware Fusion.app/Contents/Public:/Library/TeX/texbin
SHELL=/bin/zsh

Signal Handlers:
SIGSEGV: [libjvm.dylib+0x77ba40], sa_mask[0]=11111111011111110111111111111111, sa_flags=SA_ONSTACK|SA_RESTART|SA_SIGINFO
SIGBUS: [libjvm.dylib+0x77ba40], sa_mask[0]=11111111011111110111111111111111, sa_flags=SA_RESTART|SA_SIGINFO
SIGFPE: [libjvm.dylib+0x77ba40], sa_mask[0]=11111111011111110111111111111111, sa_flags=SA_RESTART|SA_SIGINFO
SIGPIPE: [libjvm.dylib+0x6221fd], sa_mask[0]=11111111011111110111111111111111, sa_flags=SA_RESTART|SA_SIGINFO
SIGXFSZ: [libjvm.dylib+0x6221fd], sa_mask[0]=11111111011111110111111111111111, sa_flags=SA_RESTART|SA_SIGINFO
SIGILL: [libjvm.dylib+0x77ba40], sa_mask[0]=11111111011111110111111111111111, sa_flags=SA_RESTART|SA_SIGINFO
SIGUSR2: [libjvm.dylib+0x6227e7], sa_mask[0]=00100000000000000000000000000000, sa_flags=SA_RESTART|SA_SIGINFO
SIGHUP: [libjvm.dylib+0x6217d5], sa_mask[0]=11111111011111110111111111111111, sa_flags=SA_RESTART|SA_SIGINFO
SIGINT: [libjvm.dylib+0x6217d5], sa_mask[0]=11111111011111110111111111111111, sa_flags=SA_RESTART|SA_SIGINFO
SIGTERM: [libjvm.dylib+0x6217d5], sa_mask[0]=11111111011111110111111111111111, sa_flags=SA_RESTART|SA_SIGINFO
SIGQUIT: [libjvm.dylib+0x6217d5], sa_mask[0]=11111111011111110111111111111111, sa_flags=SA_RESTART|SA_SIGINFO


---------------  S Y S T E M  ---------------

OS:uname:Darwin 19.0.0 Darwin Kernel Version 19.0.0: Wed Sep 25 20:18:50 PDT 2019; root:xnu-6153.11.26~2/RELEASE_X86_64 x86_64
rlimit: STACK 8192k, CORE 0k, NPROC 1392, NOFILE 10240, AS infinity, DATA infinity, FSIZE infinity
load average:6.50 4.20 5.19

CPU:total 4 (initial active 4) (2 cores per cpu, 2 threads per core) family 6 model 142 stepping 9, cmov, cx8, fxsr, mmx, sse, sse2, sse3, ssse3, sse4.1, sse4.2, popcnt, avx, avx2, aes, clmul, erms, rtm, 3dnowpref, lzcnt, ht, tsc, tscinvbit, bmi1, bmi2, adx, fma

Memory: 4k page, physical 8388608k(95092k free), swap 6291456k(417536k free)

vm_info: Java HotSpot(TM) 64-Bit Server VM (13.0.2+8) for bsd-amd64 JRE (13.0.2+8), built on Dec 11 2019 09:27:08 by "mach5one" with clang 4.2.1 Compatible Apple LLVM 10.0.0 (clang-1000.11.45.5)

END.
